dpdk.c:1:10: error: expected ‘=’, ‘,’, ‘;’, ‘asm’ or ‘__attribute__’ before string constant
 uinclude "dict.h"
          ^
In file included from /usr/include/stdio.h:74:0,
                 from ../../../../libglusterfs/src/glusterfs.h:14,
                 from dpdk.c:2:
/usr/include/libio.h:306:3: error: unknown type name ‘size_t’
   size_t __pad5;
   ^
/usr/include/libio.h:310:67: error: ‘size_t’ undeclared here (not in a function)
   char _unused2[15 * sizeof (int) - 4 * sizeof (void *) - sizeof (size_t)];
                                                                   ^
/usr/include/libio.h:338:62: error: expected declaration specifiers or ‘...’ before ‘size_t’
 typedef __ssize_t __io_read_fn (void *__cookie, char *__buf, size_t __nbytes);
                                                              ^
/usr/include/libio.h:347:6: error: expected declaration specifiers or ‘...’ before ‘size_t’
      size_t __n);
      ^
/usr/include/libio.h:363:1: error: unknown type name ‘__io_read_fn’
 typedef __io_read_fn cookie_read_function_t;
 ^
/usr/include/libio.h:364:1: error: unknown type name ‘__io_write_fn’
 typedef __io_write_fn cookie_write_function_t;
 ^
/usr/include/libio.h:371:3: error: unknown type name ‘__io_read_fn’
   __io_read_fn *read;  /* Read bytes.  */
   ^
/usr/include/libio.h:372:3: error: unknown type name ‘__io_write_fn’
   __io_write_fn *write;  /* Write bytes.  */
   ^
/usr/include/libio.h:469:19: error: expected ‘=’, ‘,’, ‘;’, ‘asm’ or ‘__attribute__’ before ‘_IO_sgetn’
 extern _IO_size_t _IO_sgetn (_IO_FILE *, void *, _IO_size_t);
                   ^
In file included from ../../../../libglusterfs/src/glusterfs.h:14:0,
                 from dpdk.c:2:
/usr/include/stdio.h:319:35: error: expected declaration specifiers or ‘...’ before ‘size_t’
 extern FILE *fmemopen (void *__s, size_t __len, const char *__modes)
                                   ^
/usr/include/stdio.h:325:47: error: expected declaration specifiers or ‘...’ before ‘size_t’
 extern FILE *open_memstream (char **__bufloc, size_t *__sizeloc) __THROW __wur;
                                               ^
/usr/include/stdio.h:337:20: error: expected declaration specifiers or ‘...’ before ‘size_t’
       int __modes, size_t __n) __THROW;
                    ^
/usr/include/stdio.h:344:10: error: expected declaration specifiers or ‘...’ before ‘size_t’
          size_t __size) __THROW;
          ^
/usr/include/stdio.h:386:44: error: expected declaration specifiers or ‘...’ before ‘size_t’
 extern int snprintf (char *__restrict __s, size_t __maxlen,
                                            ^
/usr/include/stdio.h:390:45: error: expected declaration specifiers or ‘...’ before ‘size_t’
 extern int vsnprintf (char *__restrict __s, size_t __maxlen,
                                             ^
/usr/include/stdio.h:666:11: error: expected declaration specifiers or ‘...’ before ‘size_t’
           size_t *__restrict __n, int __delimiter,
           ^
/usr/include/stdio.h:669:9: error: expected declaration specifiers or ‘...’ before ‘size_t’
         size_t *__restrict __n, int __delimiter,
         ^
/usr/include/stdio.h:679:8: error: expected declaration specifiers or ‘...’ before ‘size_t’
        size_t *__restrict __n,
        ^
/usr/include/stdio.h:709:15: error: expected ‘=’, ‘,’, ‘;’, ‘asm’ or ‘__attribute__’ before ‘fread’
 extern size_t fread (void *__restrict __ptr, size_t __size,
               ^
/usr/include/stdio.h:715:15: error: expected ‘=’, ‘,’, ‘;’, ‘asm’ or ‘__attribute__’ before ‘fwrite’
 extern size_t fwrite (const void *__restrict __ptr, size_t __size,
               ^
/usr/include/stdio.h:737:15: error: expected ‘=’, ‘,’, ‘;’, ‘asm’ or ‘__attribute__’ before ‘fread_unlocked’
 extern size_t fread_unlocked (void *__restrict __ptr, size_t __size,
               ^
/usr/include/stdio.h:739:15: error: expected ‘=’, ‘,’, ‘;’, ‘asm’ or ‘__attribute__’ before ‘fwrite_unlocked’
 extern size_t fwrite_unlocked (const void *__restrict __ptr, size_t __size,
               ^
In file included from /usr/include/stdio.h:934:0,
                 from ../../../../libglusterfs/src/glusterfs.h:14,
                 from dpdk.c:2:
/usr/include/x86_64-linux-gnu/bits/stdio.h:115:28: error: expected declaration specifiers or ‘...’ before ‘size_t’
 getline (char **__lineptr, size_t *__n, FILE *__stream)
                            ^
In file included from /usr/include/stdio.h:937:0,
                 from ../../../../libglusterfs/src/glusterfs.h:14,
                 from dpdk.c:2:
/usr/include/x86_64-linux-gnu/bits/stdio2.h:23:61: error: expected declaration specifiers or ‘...’ before ‘size_t’
 extern int __sprintf_chk (char *__restrict __s, int __flag, size_t __slen,
                                                             ^
/usr/include/x86_64-linux-gnu/bits/stdio2.h:25:62: error: expected declaration specifiers or ‘...’ before ‘size_t’
 extern int __vsprintf_chk (char *__restrict __s, int __flag, size_t __slen,
                                                              ^
/usr/include/x86_64-linux-gnu/bits/stdio2.h:52:50: error: expected declaration specifiers or ‘...’ before ‘size_t’
 extern int __snprintf_chk (char *__restrict __s, size_t __n, int __flag,
                                                  ^
/usr/include/x86_64-linux-gnu/bits/stdio2.h:53:7: error: expected declaration specifiers or ‘...’ before ‘size_t’
       size_t __slen, const char *__restrict __format,
       ^
/usr/include/x86_64-linux-gnu/bits/stdio2.h:55:51: error: expected declaration specifiers or ‘...’ before ‘size_t’
 extern int __vsnprintf_chk (char *__restrict __s, size_t __n, int __flag,
                                                   ^
/usr/include/x86_64-linux-gnu/bits/stdio2.h:56:8: error: expected declaration specifiers or ‘...’ before ‘size_t’
        size_t __slen, const char *__restrict __format,
        ^
In file included from /usr/include/features.h:374:0,
                 from /usr/include/stdio.h:27,
                 from ../../../../libglusterfs/src/glusterfs.h:14,
                 from dpdk.c:2:
/usr/include/x86_64-linux-gnu/bits/stdio2.h:61:1: error: expected declaration specifiers or ‘...’ before ‘size_t’
 __NTH (snprintf (char *__restrict __s, size_t __n,
 ^
/usr/include/x86_64-linux-gnu/bits/stdio2.h:74:1: error: expected declaration specifiers or ‘...’ before ‘size_t’
 __NTH (vsnprintf (char *__restrict __s, size_t __n,
 ^
In file included from /usr/include/stdio.h:937:0,
                 from ../../../../libglusterfs/src/glusterfs.h:14,
                 from dpdk.c:2:
/usr/include/x86_64-linux-gnu/bits/stdio2.h:241:49: error: expected declaration specifiers or ‘...’ before ‘size_t’
 extern char *__fgets_chk (char *__restrict __s, size_t __size, int __n,
                                                 ^
In file included from /usr/include/features.h:374:0,
                 from /usr/include/stdio.h:27,
                 from ../../../../libglusterfs/src/glusterfs.h:14,
                 from dpdk.c:2:
/usr/include/x86_64-linux-gnu/bits/stdio2.h:246:14: error: expected declaration specifiers or ‘...’ before ‘size_t’
 extern char *__REDIRECT (__fgets_chk_warn,
              ^
In file included from /usr/include/stdio.h:937:0,
                 from ../../../../libglusterfs/src/glusterfs.h:14,
                 from dpdk.c:2:
/usr/include/x86_64-linux-gnu/bits/stdio2.h: In function ‘fgets’:
/usr/include/x86_64-linux-gnu/bits/stdio2.h:260:20: error: expected ‘)’ before ‘__n’
       if ((size_t) __n > __bos (__s))
                    ^
/usr/include/x86_64-linux-gnu/bits/stdio2.h: At top level:
/usr/include/x86_64-linux-gnu/bits/stdio2.h:266:15: error: expected ‘=’, ‘,’, ‘;’, ‘asm’ or ‘__attribute__’ before ‘__fread_chk’
 extern size_t __fread_chk (void *__restrict __ptr, size_t __ptrlen,
               ^
In file included from /usr/include/features.h:374:0,
                 from /usr/include/stdio.h:27,
                 from ../../../../libglusterfs/src/glusterfs.h:14,
                 from dpdk.c:2:
/usr/include/x86_64-linux-gnu/bits/stdio2.h:269:15: error: expected ‘=’, ‘,’, ‘;’, ‘asm’ or ‘__attribute__’ before ‘__fread_alias’
 extern size_t __REDIRECT (__fread_alias,
               ^
/usr/include/x86_64-linux-gnu/bits/stdio2.h:273:15: error: expected ‘=’, ‘,’, ‘;’, ‘asm’ or ‘__attribute__’ before ‘__fread_chk_warn’
 extern size_t __REDIRECT (__fread_chk_warn,
               ^
In file included from /usr/include/stdio.h:937:0,
                 from ../../../../libglusterfs/src/glusterfs.h:14,
                 from dpdk.c:2:
/usr/include/x86_64-linux-gnu/bits/stdio2.h:282:1: error: expected ‘=’, ‘,’, ‘;’, ‘asm’ or ‘__attribute__’ before ‘fread’
 fread (void *__restrict __ptr, size_t __size, size_t __n,
 ^
/usr/include/x86_64-linux-gnu/bits/stdio2.h:299:58: error: expected declaration specifiers or ‘...’ before ‘size_t’
 extern char *__fgets_unlocked_chk (char *__restrict __s, size_t __size,
                                                          ^
In file included from /usr/include/features.h:374:0,
                 from /usr/include/stdio.h:27,
                 from ../../../../libglusterfs/src/glusterfs.h:14,
                 from dpdk.c:2:
/usr/include/x86_64-linux-gnu/bits/stdio2.h:304:14: error: expected declaration specifiers or ‘...’ before ‘size_t’
 extern char *__REDIRECT (__fgets_unlocked_chk_warn,
              ^
In file included from /usr/include/stdio.h:937:0,
                 from ../../../../libglusterfs/src/glusterfs.h:14,
                 from dpdk.c:2:
/usr/include/x86_64-linux-gnu/bits/stdio2.h: In function ‘fgets_unlocked’:
/usr/include/x86_64-linux-gnu/bits/stdio2.h:318:20: error: expected ‘)’ before ‘__n’
       if ((size_t) __n > __bos (__s))
                    ^
/usr/include/x86_64-linux-gnu/bits/stdio2.h: At top level:
/usr/include/x86_64-linux-gnu/bits/stdio2.h:327:15: error: expected ‘=’, ‘,’, ‘;’, ‘asm’ or ‘__attribute__’ before ‘__fread_unlocked_chk’
 extern size_t __fread_unlocked_chk (void *__restrict __ptr, size_t __ptrlen,
               ^
In file included from /usr/include/features.h:374:0,
                 from /usr/include/stdio.h:27,
                 from ../../../../libglusterfs/src/glusterfs.h:14,
                 from dpdk.c:2:
/usr/include/x86_64-linux-gnu/bits/stdio2.h:330:15: error: expected ‘=’, ‘,’, ‘;’, ‘asm’ or ‘__attribute__’ before ‘__fread_unlocked_alias’
 extern size_t __REDIRECT (__fread_unlocked_alias,
               ^
/usr/include/x86_64-linux-gnu/bits/stdio2.h:334:15: error: expected ‘=’, ‘,’, ‘;’, ‘asm’ or ‘__attribute__’ before ‘__fread_unlocked_chk_warn’
 extern size_t __REDIRECT (__fread_unlocked_chk_warn,
               ^
In file included from /usr/include/stdio.h:937:0,
                 from ../../../../libglusterfs/src/glusterfs.h:14,
                 from dpdk.c:2:
/usr/include/x86_64-linux-gnu/bits/stdio2.h:343:1: error: expected ‘=’, ‘,’, ‘;’, ‘asm’ or ‘__attribute__’ before ‘fread_unlocked’
 fread_unlocked (void *__restrict __ptr, size_t __size, size_t __n,
 ^
In file included from ../../../../libglusterfs/src/glusterfs.h:15:0,
                 from dpdk.c:2:
/usr/include/string.h:47:8: error: expected declaration specifiers or ‘...’ before ‘size_t’
        size_t __n) __THROW __nonnull ((1, 2));
        ^
/usr/include/string.h:50:56: error: expected declaration specifiers or ‘...’ before ‘size_t’
 extern void *memmove (void *__dest, const void *__src, size_t __n)
                                                        ^
/usr/include/string.h:59:18: error: expected declaration specifiers or ‘...’ before ‘size_t’
         int __c, size_t __n)
                  ^
/usr/include/string.h:66:42: error: expected declaration specifiers or ‘...’ before ‘size_t’
 extern void *memset (void *__s, int __c, size_t __n) __THROW __nonnull ((1));
                                          ^
/usr/include/string.h:69:56: error: expected declaration specifiers or ‘...’ before ‘size_t’
 extern int memcmp (const void *__s1, const void *__s2, size_t __n)
                                                        ^
/usr/include/string.h:96:48: error: expected declaration specifiers or ‘...’ before ‘size_t’
 extern void *memchr (const void *__s, int __c, size_t __n)
                                                ^
/usr/include/string.h:121:49: error: expected declaration specifiers or ‘...’ before ‘size_t’
 extern void *memrchr (const void *__s, int __c, size_t __n)
                                                 ^
/usr/include/string.h:133:39: error: expected declaration specifiers or ‘...’ before ‘size_t’
         const char *__restrict __src, size_t __n)
                                       ^
/usr/include/string.h:141:9: error: expected declaration specifiers or ‘...’ before ‘size_t’
         size_t __n) __THROW __nonnull ((1, 2));
         ^
/usr/include/string.h:147:57: error: expected declaration specifiers or ‘...’ before ‘size_t’
 extern int strncmp (const char *__s1, const char *__s2, size_t __n)
                                                         ^
/usr/include/string.h:154:15: error: expected ‘=’, ‘,’, ‘;’, ‘asm’ or ‘__attribute__’ before ‘strxfrm’
 extern size_t strxfrm (char *__restrict __dest,
               ^
In file included from ../../../../libglusterfs/src/glusterfs.h:15:0,
                 from dpdk.c:2:
/usr/include/string.h:169:15: error: expected ‘=’, ‘,’, ‘;’, ‘asm’ or ‘__attribute__’ before ‘strxfrm_l’
 extern size_t strxfrm_l (char *__dest, const char *__src, size_t __n,
               ^
/usr/include/string.h:184:45: error: expected declaration specifiers or ‘...’ before ‘size_t’
 extern char *strndup (const char *__string, size_t __n)
                                             ^
/usr/include/string.h:285:15: error: expected ‘=’, ‘,’, ‘;’, ‘asm’ or ‘__attribute__’ before ‘strcspn’
 extern size_t strcspn (const char *__s, const char *__reject)
               ^
/usr/include/string.h:289:15: error: expected ‘=’, ‘,’, ‘;’, ‘asm’ or ‘__attribute__’ before ‘strspn’
 extern size_t strspn (const char *__s, const char *__accept)
               ^
/usr/include/string.h:382:46: error: expected declaration specifiers or ‘...’ before ‘size_t’
 extern void *memmem (const void *__haystack, size_t __haystacklen,
                                              ^
/usr/include/string.h:383:30: error: expected declaration specifiers or ‘...’ before ‘size_t’
        const void *__needle, size_t __needlelen)
                              ^
/usr/include/string.h:389:34: error: expected declaration specifiers or ‘...’ before ‘size_t’
    const void *__restrict __src, size_t __n)
                                  ^
/usr/include/string.h:392:39: error: expected declaration specifiers or ‘...’ before ‘size_t’
         const void *__restrict __src, size_t __n)
                                       ^
/usr/include/string.h:399:15: error: expected ‘=’, ‘,’, ‘;’, ‘asm’ or ‘__attribute__’ before ‘strlen’
 extern size_t strlen (const char *__s)
               ^
/usr/include/string.h:406:15: error: expected ‘=’, ‘,’, ‘;’, ‘asm’ or ‘__attribute__’ before ‘strnlen’
 extern size_t strnlen (const char *__string, size_t __maxlen)
               ^
/usr/include/string.h:438:53: error: expected declaration specifiers or ‘...’ before ‘size_t’
 extern char *strerror_r (int __errnum, char *__buf, size_t __buflen)
                                                     ^
/usr/include/string.h:451:33: error: expected declaration specifiers or ‘...’ before ‘size_t’
 extern void __bzero (void *__s, size_t __n) __THROW __nonnull ((1));
                                 ^
/usr/include/string.h:455:53: error: expected declaration specifiers or ‘...’ before ‘size_t’
 extern void bcopy (const void *__src, void *__dest, size_t __n)
                                                     ^
/usr/include/string.h:459:31: error: expected declaration specifiers or ‘...’ before ‘size_t’
 extern void bzero (void *__s, size_t __n) __THROW __nonnull ((1));
                               ^
/usr/include/string.h:462:54: error: expected declaration specifiers or ‘...’ before ‘size_t’
 extern int bcmp (const void *__s1, const void *__s2, size_t __n)
                                                      ^
/usr/include/string.h:538:61: error: expected declaration specifiers or ‘...’ before ‘size_t’
 extern int strncasecmp (const char *__s1, const char *__s2, size_t __n)
                                                             ^
/usr/include/string.h:550:6: error: expected declaration specifiers or ‘...’ before ‘size_t’
      size_t __n, __locale_t __loc)
      ^
/usr/include/string.h:575:34: error: expected declaration specifiers or ‘...’ before ‘size_t’
    const char *__restrict __src, size_t __n)
                                  ^
/usr/include/string.h:578:39: error: expected declaration specifiers or ‘...’ before ‘size_t’
         const char *__restrict __src, size_t __n)
                                       ^
/usr/include/string.h:591:34: error: expected declaration specifiers or ‘...’ before ‘size_t’
 extern void *memfrob (void *__s, size_t __n) __THROW __nonnull ((1));
                                  ^
In file included from /usr/include/string.h:635:0,
                 from ../../../../libglusterfs/src/glusterfs.h:15,
                 from dpdk.c:2:
/usr/include/x86_64-linux-gnu/bits/string2.h:945:24: error: expected ‘=’, ‘,’, ‘;’, ‘asm’ or ‘__attribute__’ before ‘__strcspn_c1’
 __STRING_INLINE size_t __strcspn_c1 (const char *__s, int __reject);
                        ^
/usr/include/x86_64-linux-gnu/bits/string2.h:947:1: error: expected ‘=’, ‘,’, ‘;’, ‘asm’ or ‘__attribute__’ before ‘__strcspn_c1’
 __strcspn_c1 (const char *__s, int __reject)
 ^
/usr/include/x86_64-linux-gnu/bits/string2.h:955:24: error: expected ‘=’, ‘,’, ‘;’, ‘asm’ or ‘__attribute__’ before ‘__strcspn_c2’
 __STRING_INLINE size_t __strcspn_c2 (const char *__s, int __reject1,
                        ^
/usr/include/x86_64-linux-gnu/bits/string2.h:958:1: error: expected ‘=’, ‘,’, ‘;’, ‘asm’ or ‘__attribute__’ before ‘__strcspn_c2’
 __strcspn_c2 (const char *__s, int __reject1, int __reject2)
 ^
/usr/include/x86_64-linux-gnu/bits/string2.h:967:24: error: expected ‘=’, ‘,’, ‘;’, ‘asm’ or ‘__attribute__’ before ‘__strcspn_c3’
 __STRING_INLINE size_t __strcspn_c3 (const char *__s, int __reject1,
                        ^
/usr/include/x86_64-linux-gnu/bits/string2.h:970:1: error: expected ‘=’, ‘,’, ‘;’, ‘asm’ or ‘__attribute__’ before ‘__strcspn_c3’
 __strcspn_c3 (const char *__s, int __reject1, int __reject2,
 ^
/usr/include/x86_64-linux-gnu/bits/string2.h:1021:24: error: expected ‘=’, ‘,’, ‘;’, ‘asm’ or ‘__attribute__’ before ‘__strspn_c1’
 __STRING_INLINE size_t __strspn_c1 (const char *__s, int __accept);
                        ^
/usr/include/x86_64-linux-gnu/bits/string2.h:1023:1: error: expected ‘=’, ‘,’, ‘;’, ‘asm’ or ‘__attribute__’ before ‘__strspn_c1’
 __strspn_c1 (const char *__s, int __accept)
 ^
/usr/include/x86_64-linux-gnu/bits/string2.h:1032:24: error: expected ‘=’, ‘,’, ‘;’, ‘asm’ or ‘__attribute__’ before ‘__strspn_c2’
 __STRING_INLINE size_t __strspn_c2 (const char *__s, int __accept1,
                        ^
/usr/include/x86_64-linux-gnu/bits/string2.h:1035:1: error: expected ‘=’, ‘,’, ‘;’, ‘asm’ or ‘__attribute__’ before ‘__strspn_c2’
 __strspn_c2 (const char *__s, int __accept1, int __accept2)
 ^
/usr/include/x86_64-linux-gnu/bits/string2.h:1044:24: error: expected ‘=’, ‘,’, ‘;’, ‘asm’ or ‘__attribute__’ before ‘__strspn_c3’
 __STRING_INLINE size_t __strspn_c3 (const char *__s, int __accept1,
                        ^
/usr/include/x86_64-linux-gnu/bits/string2.h:1047:1: error: expected ‘=’, ‘,’, ‘;’, ‘asm’ or ‘__attribute__’ before ‘__strspn_c3’
 __strspn_c3 (const char *__s, int __accept1, int __accept2, int __accept3)
 ^
/usr/include/x86_64-linux-gnu/bits/string2.h: In function ‘__strpbrk_c2’:
/usr/include/x86_64-linux-gnu/bits/string2.h:1105:50: error: expected ‘;’ before ‘__s’
   return *__s == '\0' ? NULL : (char *) (size_t) __s;
                                                  ^
/usr/include/x86_64-linux-gnu/bits/string2.h: In function ‘__strpbrk_c3’:
/usr/include/x86_64-linux-gnu/bits/string2.h:1117:50: error: expected ‘;’ before ‘__s’
   return *__s == '\0' ? NULL : (char *) (size_t) __s;
                                                  ^
In file included from /usr/include/x86_64-linux-gnu/bits/string2.h:1273:0,
                 from /usr/include/string.h:635,
                 from ../../../../libglusterfs/src/glusterfs.h:15,
                 from dpdk.c:2:
/usr/include/stdlib.h: At top level:
/usr/include/stdlib.h:466:22: error: expected declaration specifiers or ‘...’ before ‘size_t’
 extern void *malloc (size_t __size) __THROW __attribute_malloc__ __wur;
                      ^
/usr/include/stdlib.h:468:22: error: expected declaration specifiers or ‘...’ before ‘size_t’
 extern void *calloc (size_t __nmemb, size_t __size)
                      ^
/usr/include/stdlib.h:468:38: error: expected declaration specifiers or ‘...’ before ‘size_t’
 extern void *calloc (size_t __nmemb, size_t __size)
                                      ^
In file included from /usr/include/string.h:635:0,
                 from ../../../../libglusterfs/src/glusterfs.h:15,
                 from dpdk.c:2:
/usr/include/x86_64-linux-gnu/bits/string2.h:1297:47: error: expected declaration specifiers or ‘...’ before ‘size_t’
 extern char *__strndup (const char *__string, size_t __n)
                                               ^
In file included from /usr/include/features.h:374:0,
                 from /usr/include/stdio.h:27,
                 from ../../../../libglusterfs/src/glusterfs.h:14,
                 from dpdk.c:2:
/usr/include/x86_64-linux-gnu/bits/string3.h:48:1: error: expected declaration specifiers or ‘...’ before ‘size_t’
 __NTH (memcpy (void *__restrict __dest, const void *__restrict __src,
 ^
/usr/include/x86_64-linux-gnu/bits/string3.h:55:1: error: expected declaration specifiers or ‘...’ before ‘size_t’
 __NTH (memmove (void *__dest, const void *__src, size_t __len))
 ^
/usr/include/x86_64-linux-gnu/bits/string3.h:62:1: error: expected declaration specifiers or ‘...’ before ‘size_t’
 __NTH (mempcpy (void *__restrict __dest, const void *__restrict __src,
 ^
/usr/include/x86_64-linux-gnu/bits/string3.h:76:1: error: expected declaration specifiers or ‘...’ before ‘size_t’
 __NTH (memset (void *__dest, int __ch, size_t __len))
 ^
/usr/include/x86_64-linux-gnu/bits/string3.h:89:1: error: expected declaration specifiers or ‘...’ before ‘size_t’
 __NTH (bcopy (const void *__src, void *__dest, size_t __len))
 ^
/usr/include/x86_64-linux-gnu/bits/string3.h:95:1: error: expected declaration specifiers or ‘...’ before ‘size_t’
 __NTH (bzero (void *__dest, size_t __len))
 ^
/usr/include/x86_64-linux-gnu/bits/string3.h:117:1: error: expected declaration specifiers or ‘...’ before ‘size_t’
 __NTH (strncpy (char *__restrict __dest, const char *__restrict __src,
 ^
In file included from /usr/include/string.h:640:0,
                 from ../../../../libglusterfs/src/glusterfs.h:15,
                 from dpdk.c:2:
/usr/include/x86_64-linux-gnu/bits/string3.h:124:62: error: expected declaration specifiers or ‘...’ before ‘size_t’
 extern char *__stpncpy_chk (char *__dest, const char *__src, size_t __n,
                                                              ^
/usr/include/x86_64-linux-gnu/bits/string3.h:125:8: error: expected declaration specifiers or ‘...’ before ‘size_t’
        size_t __destlen) __THROW;
        ^
In file included from /usr/include/features.h:374:0,
                 from /usr/include/stdio.h:27,
                 from ../../../../libglusterfs/src/glusterfs.h:14,
                 from dpdk.c:2:
/usr/include/x86_64-linux-gnu/bits/string3.h:126:14: error: expected declaration specifiers or ‘...’ before ‘size_t’
 extern char *__REDIRECT_NTH (__stpncpy_alias, (char *__dest, const char *__src,
              ^
/usr/include/x86_64-linux-gnu/bits/string3.h:130:1: error: expected declaration specifiers or ‘...’ before ‘size_t’
 __NTH (stpncpy (char *__dest, const char *__src, size_t __n))
 ^
/usr/include/x86_64-linux-gnu/bits/string3.h:147:1: error: expected declaration specifiers or ‘...’ before ‘size_t’
 __NTH (strncat (char *__restrict __dest, const char *__restrict __src,
 ^
In file included from ../../../../libglusterfs/src/glusterfs.h:16:0,
                 from dpdk.c:2:
/usr/include/stdlib.h:139:15: error: expected ‘=’, ‘,’, ‘;’, ‘asm’ or ‘__attribute__’ before ‘__ctype_get_mb_cur_max’
 extern size_t __ctype_get_mb_cur_max (void) __THROW __wur;
               ^
In file included from ../../../../libglusterfs/src/glusterfs.h:16:0,
                 from dpdk.c:2:
/usr/include/stdlib.h:331:4: error: expected declaration specifiers or ‘...’ before ‘size_t’
    size_t __statelen) __THROW __nonnull ((2));
    ^
/usr/include/stdlib.h:361:4: error: expected declaration specifiers or ‘...’ before ‘size_t’
    size_t __statelen,
    ^
/usr/include/stdlib.h:480:36: error: expected declaration specifiers or ‘...’ before ‘size_t’
 extern void *realloc (void *__ptr, size_t __size)
                                    ^
In file included from /usr/include/stdlib.h:492:0,
                 from ../../../../libglusterfs/src/glusterfs.h:16,
                 from dpdk.c:2:
/usr/include/alloca.h:32:22: error: expected declaration specifiers or ‘...’ before ‘size_t’
 extern void *alloca (size_t __size) __THROW;
                      ^
In file included from ../../../../libglusterfs/src/glusterfs.h:16:0,
                 from dpdk.c:2:
/usr/include/stdlib.h:498:22: error: expected declaration specifiers or ‘...’ before ‘size_t’
 extern void *valloc (size_t __size) __THROW __attribute_malloc__ __wur;
                      ^
/usr/include/stdlib.h:503:45: error: expected declaration specifiers or ‘...’ before ‘size_t’
 extern int posix_memalign (void **__memptr, size_t __alignment, size_t __size)
                                             ^
/usr/include/stdlib.h:503:65: error: expected declaration specifiers or ‘...’ before ‘size_t’
 extern int posix_memalign (void **__memptr, size_t __alignment, size_t __size)
                                                                 ^
/usr/include/stdlib.h:509:29: error: expected declaration specifiers or ‘...’ before ‘size_t’
 extern void *aligned_alloc (size_t __alignment, size_t __size)
                             ^
/usr/include/stdlib.h:509:49: error: expected declaration specifiers or ‘...’ before ‘size_t’
 extern void *aligned_alloc (size_t __alignment, size_t __size)
                                                 ^
/usr/include/stdlib.h:756:9: error: expected declaration specifiers or ‘...’ before ‘size_t’
         size_t __nmemb, size_t __size, __compar_fn_t __compar)
         ^
/usr/include/stdlib.h:756:25: error: expected declaration specifiers or ‘...’ before ‘size_t’
         size_t __nmemb, size_t __size, __compar_fn_t __compar)
                         ^
In file included from /usr/include/stdlib.h:760:0,
                 from ../../../../libglusterfs/src/glusterfs.h:16,
                 from dpdk.c:2:
/usr/include/x86_64-linux-gnu/bits/stdlib-bsearch.h:20:49: error: expected declaration specifiers or ‘...’ before ‘size_t’
 bsearch (const void *__key, const void *__base, size_t __nmemb, size_t __size,
                                                 ^
/usr/include/x86_64-linux-gnu/bits/stdlib-bsearch.h:20:65: error: expected declaration specifiers or ‘...’ before ‘size_t’
 bsearch (const void *__key, const void *__base, size_t __nmemb, size_t __size,
                                                                 ^
In file included from ../../../../libglusterfs/src/glusterfs.h:16:0,
                 from dpdk.c:2:
/usr/include/stdlib.h:765:34: error: expected declaration specifiers or ‘...’ before ‘size_t’
 extern void qsort (void *__base, size_t __nmemb, size_t __size,
                                  ^
/usr/include/stdlib.h:765:50: error: expected declaration specifiers or ‘...’ before ‘size_t’
 extern void qsort (void *__base, size_t __nmemb, size_t __size,
                                                  ^
/usr/include/stdlib.h:768:36: error: expected declaration specifiers or ‘...’ before ‘size_t’
 extern void qsort_r (void *__base, size_t __nmemb, size_t __size,
                                    ^
/usr/include/stdlib.h:768:52: error: expected declaration specifiers or ‘...’ before ‘size_t’
 extern void qsort_r (void *__base, size_t __nmemb, size_t __size,
                                                    ^
/usr/include/stdlib.h:844:6: error: expected declaration specifiers or ‘...’ before ‘size_t’
      size_t __len) __THROW __nonnull ((3, 4, 5));
      ^
/usr/include/stdlib.h:847:6: error: expected declaration specifiers or ‘...’ before ‘size_t’
      size_t __len) __THROW __nonnull ((3, 4, 5));
      ^
/usr/include/stdlib.h:851:31: error: expected declaration specifiers or ‘...’ before ‘size_t’
       char *__restrict __buf, size_t __len)
                               ^
/usr/include/stdlib.h:855:31: error: expected declaration specifiers or ‘...’ before ‘size_t’
       char *__restrict __buf, size_t __len)
                               ^
/usr/include/stdlib.h:863:36: error: expected declaration specifiers or ‘...’ before ‘size_t’
 extern int mblen (const char *__s, size_t __n) __THROW;
                                    ^
/usr/include/stdlib.h:867:34: error: expected declaration specifiers or ‘...’ before ‘size_t’
      const char *__restrict __s, size_t __n) __THROW;
                                  ^
/usr/include/stdlib.h:874:15: error: expected ‘=’, ‘,’, ‘;’, ‘asm’ or ‘__attribute__’ before ‘mbstowcs’
 extern size_t mbstowcs (wchar_t *__restrict  __pwcs,
               ^
/usr/include/stdlib.h:877:15: error: expected ‘=’, ‘,’, ‘;’, ‘asm’ or ‘__attribute__’ before ‘wcstombs’
 extern size_t wcstombs (char *__restrict __s,
               ^
/usr/include/stdlib.h:940:46: error: expected declaration specifiers or ‘...’ before ‘size_t’
 extern int ptsname_r (int __fd, char *__buf, size_t __buflen)
                                              ^
In file included from /usr/include/stdlib.h:959:0,
                 from ../../../../libglusterfs/src/glusterfs.h:16,
                 from dpdk.c:2:
/usr/include/x86_64-linux-gnu/bits/stdlib.h:25:9: error: expected declaration specifiers or ‘...’ before ‘size_t’
         size_t __resolvedlen) __THROW __wur;
         ^
In file included from /usr/include/features.h:374:0,
                 from /usr/include/stdio.h:27,
                 from ../../../../libglusterfs/src/glusterfs.h:14,
                 from dpdk.c:2:
/usr/include/x86_64-linux-gnu/bits/stdlib.h:29:14: error: expected declaration specifiers or ‘...’ before ‘size_t’
 extern char *__REDIRECT_NTH (__realpath_chk_warn,
              ^
In file included from /usr/include/stdlib.h:959:0,
                 from ../../../../libglusterfs/src/glusterfs.h:16,
                 from dpdk.c:2:
/usr/include/x86_64-linux-gnu/bits/stdlib.h:52:52: error: expected declaration specifiers or ‘...’ before ‘size_t’
 extern int __ptsname_r_chk (int __fd, char *__buf, size_t __buflen,
                                                    ^
/usr/include/x86_64-linux-gnu/bits/stdlib.h:53:8: error: expected declaration specifiers or ‘...’ before ‘size_t’
        size_t __nreal) __THROW __nonnull ((2));
        ^
In file included from /usr/include/features.h:374:0,
                 from /usr/include/stdio.h:27,
                 from ../../../../libglusterfs/src/glusterfs.h:14,
                 from dpdk.c:2:
/usr/include/x86_64-linux-gnu/bits/stdlib.h:54:12: error: expected declaration specifiers or ‘...’ before ‘size_t’
 extern int __REDIRECT_NTH (__ptsname_r_alias, (int __fd, char *__buf,
            ^
/usr/include/x86_64-linux-gnu/bits/stdlib.h:57:12: error: expected declaration specifiers or ‘...’ before ‘size_t’
 extern int __REDIRECT_NTH (__ptsname_r_chk_warn,
            ^
/usr/include/x86_64-linux-gnu/bits/stdlib.h:57:12: error: expected declaration specifiers or ‘...’ before ‘size_t’
 extern int __REDIRECT_NTH (__ptsname_r_chk_warn,
            ^
/usr/include/x86_64-linux-gnu/bits/stdlib.h:64:1: error: expected declaration specifiers or ‘...’ before ‘size_t’
 __NTH (ptsname_r (int __fd, char *__buf, size_t __buflen))
 ^
In file included from /usr/include/stdlib.h:959:0,
                 from ../../../../libglusterfs/src/glusterfs.h:16,
                 from dpdk.c:2:
/usr/include/x86_64-linux-gnu/bits/stdlib.h:77:54: error: expected declaration specifiers or ‘...’ before ‘size_t’
 extern int __wctomb_chk (char *__s, wchar_t __wchar, size_t __buflen)
                                                      ^
/usr/include/x86_64-linux-gnu/bits/stdlib.h:98:15: error: expected ‘=’, ‘,’, ‘;’, ‘asm’ or ‘__attribute__’ before ‘__mbstowcs_chk’
 extern size_t __mbstowcs_chk (wchar_t *__restrict __dst,
               ^
In file included from /usr/include/features.h:374:0,
                 from /usr/include/stdio.h:27,
                 from ../../../../libglusterfs/src/glusterfs.h:14,
                 from dpdk.c:2:
/usr/include/x86_64-linux-gnu/bits/stdlib.h:101:15: error: expected ‘=’, ‘,’, ‘;’, ‘asm’ or ‘__attribute__’ before ‘__mbstowcs_alias’
 extern size_t __REDIRECT_NTH (__mbstowcs_alias,
               ^
/usr/include/x86_64-linux-gnu/bits/stdlib.h:105:15: error: expected ‘=’, ‘,’, ‘;’, ‘asm’ or ‘__attribute__’ before ‘__mbstowcs_chk_warn’
 extern size_t __REDIRECT_NTH (__mbstowcs_chk_warn,
               ^
/usr/include/x86_64-linux-gnu/bits/stdlib.h:113:1: error: expected ‘,’ or ‘;’ before ‘mbstowcs’
 __NTH (mbstowcs (wchar_t *__restrict __dst, const char *__restrict __src,
 ^
In file included from /usr/include/stdlib.h:959:0,
                 from ../../../../libglusterfs/src/glusterfs.h:16,
                 from dpdk.c:2:
/usr/include/x86_64-linux-gnu/bits/stdlib.h:130:15: error: expected ‘=’, ‘,’, ‘;’, ‘asm’ or ‘__attribute__’ before ‘__wcstombs_chk’
 extern size_t __wcstombs_chk (char *__restrict __dst,
               ^
In file included from /usr/include/features.h:374:0,
                 from /usr/include/stdio.h:27,
                 from ../../../../libglusterfs/src/glusterfs.h:14,
                 from dpdk.c:2:
/usr/include/x86_64-linux-gnu/bits/stdlib.h:133:15: error: expected ‘=’, ‘,’, ‘;’, ‘asm’ or ‘__attribute__’ before ‘__wcstombs_alias’
 extern size_t __REDIRECT_NTH (__wcstombs_alias,
               ^
/usr/include/x86_64-linux-gnu/bits/stdlib.h:137:15: error: expected ‘=’, ‘,’, ‘;’, ‘asm’ or ‘__attribute__’ before ‘__wcstombs_chk_warn’
 extern size_t __REDIRECT_NTH (__wcstombs_chk_warn,
               ^
/usr/include/x86_64-linux-gnu/bits/stdlib.h:144:1: error: expected ‘,’ or ‘;’ before ‘wcstombs’
 __NTH (wcstombs (char *__restrict __dst, const wchar_t *__restrict __src,
 ^
In file included from /usr/include/x86_64-linux-gnu/sys/uio.h:28:0,
                 from /usr/include/x86_64-linux-gnu/sys/socket.h:26,
                 from /usr/include/netinet/in.h:23,
                 from ../../../../libglusterfs/src/glusterfs.h:17,
                 from dpdk.c:2:
/usr/include/x86_64-linux-gnu/bits/uio.h:46:5: error: expected specifier-qualifier-list before ‘size_t’
     size_t iov_len; /* Length of data.  */
     ^
In file included from /usr/include/x86_64-linux-gnu/sys/socket.h:38:0,
                 from /usr/include/netinet/in.h:23,
                 from ../../../../libglusterfs/src/glusterfs.h:17,
                 from dpdk.c:2:
/usr/include/x86_64-linux-gnu/bits/socket.h:230:5: error: expected specifier-qualifier-list before ‘size_t’
     size_t msg_iovlen;  /* Number of elements in the vector.  */
     ^
/usr/include/x86_64-linux-gnu/bits/socket.h:244:5: error: expected specifier-qualifier-list before ‘size_t’
     size_t cmsg_len;  /* Length of data in cmsg_data plus length
     ^
/usr/include/x86_64-linux-gnu/bits/socket.h: In function ‘__cmsg_nxthdr’:
/usr/include/x86_64-linux-gnu/bits/socket.h:281:16: error: expected ‘)’ before ‘__cmsg’
   if ((size_t) __cmsg->cmsg_len < sizeof (struct cmsghdr))
                ^
/usr/include/x86_64-linux-gnu/bits/socket.h:286:13: error: ‘struct cmsghdr’ has no member named ‘cmsg_len’
           + CMSG_ALIGN (__cmsg->cmsg_len));
             ^
/usr/include/x86_64-linux-gnu/bits/socket.h:286:13: error: expected ‘)’ before ‘~’ token
           + CMSG_ALIGN (__cmsg->cmsg_len));
             ^
/usr/include/x86_64-linux-gnu/bits/socket.h:287:65: error: ‘struct msghdr’ has no member named ‘msg_control’
   if ((unsigned char *) (__cmsg + 1) > ((unsigned char *) __mhdr->msg_control
                                                                 ^
/usr/include/x86_64-linux-gnu/bits/socket.h:288:14: error: ‘struct msghdr’ has no member named ‘msg_controllen’
      + __mhdr->msg_controllen)
              ^
/usr/include/x86_64-linux-gnu/bits/socket.h:289:38: error: ‘struct cmsghdr’ has no member named ‘cmsg_len’
       || ((unsigned char *) __cmsg + CMSG_ALIGN (__cmsg->cmsg_len)
                                      ^
/usr/include/x86_64-linux-gnu/bits/socket.h:289:38: error: expected ‘)’ before ‘~’ token
       || ((unsigned char *) __cmsg + CMSG_ALIGN (__cmsg->cmsg_len)
                                      ^
/usr/include/x86_64-linux-gnu/bits/socket.h:290:31: error: ‘struct msghdr’ has no member named ‘msg_control’
    > ((unsigned char *) __mhdr->msg_control + __mhdr->msg_controllen)))
                               ^
/usr/include/x86_64-linux-gnu/bits/socket.h:290:53: error: ‘struct msghdr’ has no member named ‘msg_controllen’
    > ((unsigned char *) __mhdr->msg_control + __mhdr->msg_controllen)))
                                                     ^
In file included from /usr/include/netinet/in.h:23:0,
                 from ../../../../libglusterfs/src/glusterfs.h:17,
                 from dpdk.c:2:
/usr/include/x86_64-linux-gnu/sys/socket.h: At top level:
/usr/include/x86_64-linux-gnu/sys/socket.h:149:51: error: expected declaration specifiers or ‘...’ before ‘size_t’
 extern ssize_t send (int __fd, const void *__buf, size_t __n, int __flags);
                                                   ^
/usr/include/x86_64-linux-gnu/sys/socket.h:156:45: error: expected declaration specifiers or ‘...’ before ‘size_t’
 extern ssize_t recv (int __fd, void *__buf, size_t __n, int __flags);
                                             ^
/usr/include/x86_64-linux-gnu/sys/socket.h:163:53: error: expected declaration specifiers or ‘...’ before ‘size_t’
 extern ssize_t sendto (int __fd, const void *__buf, size_t __n,
                                                     ^
/usr/include/x86_64-linux-gnu/sys/socket.h:174:60: error: expected declaration specifiers or ‘...’ before ‘size_t’
 extern ssize_t recvfrom (int __fd, void *__restrict __buf, size_t __n,
                                                            ^
In file included from /usr/include/x86_64-linux-gnu/sys/socket.h:280:0,
                 from /usr/include/netinet/in.h:23,
                 from ../../../../libglusterfs/src/glusterfs.h:17,
                 from dpdk.c:2:
/usr/include/x86_64-linux-gnu/bits/socket2.h:23:51: error: expected declaration specifiers or ‘...’ before ‘size_t’
 extern ssize_t __recv_chk (int __fd, void *__buf, size_t __n, size_t __buflen,
                                                   ^
/usr/include/x86_64-linux-gnu/bits/socket2.h:23:63: error: expected declaration specifiers or ‘...’ before ‘size_t’
 extern ssize_t __recv_chk (int __fd, void *__buf, size_t __n, size_t __buflen,
                                                               ^
In file included from /usr/include/features.h:374:0,
                 from /usr/include/stdio.h:27,
                 from ../../../../libglusterfs/src/glusterfs.h:14,
                 from dpdk.c:2:
/usr/include/x86_64-linux-gnu/bits/socket2.h:25:16: error: expected declaration specifiers or ‘...’ before ‘size_t’
 extern ssize_t __REDIRECT (__recv_alias, (int __fd, void *__buf, size_t __n,
                ^
/usr/include/x86_64-linux-gnu/bits/socket2.h:27:16: error: expected declaration specifiers or ‘...’ before ‘size_t’
 extern ssize_t __REDIRECT (__recv_chk_warn,
                ^
/usr/include/x86_64-linux-gnu/bits/socket2.h:27:16: error: expected declaration specifiers or ‘...’ before ‘size_t’
 extern ssize_t __REDIRECT (__recv_chk_warn,
                ^
In file included from /usr/include/x86_64-linux-gnu/sys/socket.h:280:0,
                 from /usr/include/netinet/in.h:23,
                 from ../../../../libglusterfs/src/glusterfs.h:17,
                 from dpdk.c:2:
/usr/include/x86_64-linux-gnu/bits/socket2.h:34:30: error: expected declaration specifiers or ‘...’ before ‘size_t’
 recv (int __fd, void *__buf, size_t __n, int __flags)
                              ^
/usr/include/x86_64-linux-gnu/bits/socket2.h:47:66: error: expected declaration specifiers or ‘...’ before ‘size_t’
 extern ssize_t __recvfrom_chk (int __fd, void *__restrict __buf, size_t __n,
                                                                  ^
/usr/include/x86_64-linux-gnu/bits/socket2.h:48:11: error: expected declaration specifiers or ‘...’ before ‘size_t’
           size_t __buflen, int __flags,
           ^
In file included from /usr/include/features.h:374:0,
                 from /usr/include/stdio.h:27,
                 from ../../../../libglusterfs/src/glusterfs.h:14,
                 from dpdk.c:2:
/usr/include/x86_64-linux-gnu/bits/socket2.h:51:16: error: expected declaration specifiers or ‘...’ before ‘size_t’
 extern ssize_t __REDIRECT (__recvfrom_alias,
                ^
/usr/include/x86_64-linux-gnu/bits/socket2.h:55:16: error: expected declaration specifiers or ‘...’ before ‘size_t’
 extern ssize_t __REDIRECT (__recvfrom_chk_warn,
                ^
/usr/include/x86_64-linux-gnu/bits/socket2.h:55:16: error: expected declaration specifiers or ‘...’ before ‘size_t’
 extern ssize_t __REDIRECT (__recvfrom_chk_warn,
                ^
In file included from /usr/include/x86_64-linux-gnu/sys/socket.h:280:0,
                 from /usr/include/netinet/in.h:23,
                 from ../../../../libglusterfs/src/glusterfs.h:17,
                 from dpdk.c:2:
/usr/include/x86_64-linux-gnu/bits/socket2.h:64:45: error: expected declaration specifiers or ‘...’ before ‘size_t’
 recvfrom (int __fd, void *__restrict __buf, size_t __n, int __flags,
                                             ^
In file included from /usr/include/netdb.h:32:0,
                 from ../../../../libglusterfs/src/glusterfs.h:22,
                 from dpdk.c:2:
/usr/include/rpc/netdb.h:61:23: error: expected declaration specifiers or ‘...’ before ‘size_t’
       char *__buffer, size_t __buflen,
                       ^
/usr/include/rpc/netdb.h:65:25: error: expected declaration specifiers or ‘...’ before ‘size_t’
         char *__buffer, size_t __buflen,
                         ^
/usr/include/rpc/netdb.h:69:4: error: expected declaration specifiers or ‘...’ before ‘size_t’
    size_t __buflen, struct rpcent **__result) __THROW;
    ^
In file included from ../../../../libglusterfs/src/glusterfs.h:22:0,
                 from dpdk.c:2:
/usr/include/netdb.h:168:29: error: expected declaration specifiers or ‘...’ before ‘size_t’
     char *__restrict __buf, size_t __buflen,
                             ^
/usr/include/netdb.h:175:32: error: expected declaration specifiers or ‘...’ before ‘size_t’
        char *__restrict __buf, size_t __buflen,
                                ^
/usr/include/netdb.h:181:32: error: expected declaration specifiers or ‘...’ before ‘size_t’
        char *__restrict __buf, size_t __buflen,
                                ^
/usr/include/netdb.h:187:33: error: expected declaration specifiers or ‘...’ before ‘size_t’
         char *__restrict __buf, size_t __buflen,
                                 ^
/usr/include/netdb.h:238:28: error: expected declaration specifiers or ‘...’ before ‘size_t’
    char *__restrict __buf, size_t __buflen,
                            ^
/usr/include/netdb.h:244:31: error: expected declaration specifiers or ‘...’ before ‘size_t’
       char *__restrict __buf, size_t __buflen,
                               ^
/usr/include/netdb.h:250:31: error: expected declaration specifiers or ‘...’ before ‘size_t’
       char *__restrict __buf, size_t __buflen,
                               ^
/usr/include/netdb.h:309:29: error: expected declaration specifiers or ‘...’ before ‘size_t’
     char *__restrict __buf, size_t __buflen,
                             ^
/usr/include/netdb.h:315:32: error: expected declaration specifiers or ‘...’ before ‘size_t’
        char *__restrict __buf, size_t __buflen,
                                ^
/usr/include/netdb.h:320:32: error: expected declaration specifiers or ‘...’ before ‘size_t’
        char *__restrict __buf, size_t __buflen,
                                ^
/usr/include/netdb.h:375:30: error: expected declaration specifiers or ‘...’ before ‘size_t’
      char *__restrict __buf, size_t __buflen,
                              ^
/usr/include/netdb.h:380:33: error: expected declaration specifiers or ‘...’ before ‘size_t’
         char *__restrict __buf, size_t __buflen,
                                 ^
/usr/include/netdb.h:385:35: error: expected declaration specifiers or ‘...’ before ‘size_t’
           char *__restrict __buf, size_t __buflen,
                                   ^
/usr/include/netdb.h:435:33: error: expected declaration specifiers or ‘...’ before ‘size_t’
      char *__restrict __buffer, size_t __buflen);
                                 ^
In file included from /usr/include/features.h:374:0,
                 from /usr/include/stdio.h:27,
                 from ../../../../libglusterfs/src/glusterfs.h:14,
                 from dpdk.c:2:
/usr/include/dirent.h:358:18: error: expected declaration specifiers or ‘...’ before ‘size_t’
 extern __ssize_t __REDIRECT_NTH (getdirentries,
                  ^
In file included from ../../../../libglusterfs/src/glusterfs.h:24:0,
                 from dpdk.c:2:
/usr/include/dirent.h:370:7: error: expected declaration specifiers or ‘...’ before ‘size_t’
       size_t __nbytes,
       ^
In file included from ../../../../libglusterfs/src/glusterfs.h:25:0,
                 from dpdk.c:2:
/usr/include/unistd.h:360:45: error: expected declaration specifiers or ‘...’ before ‘size_t’
 extern ssize_t read (int __fd, void *__buf, size_t __nbytes) __wur;
                                             ^
/usr/include/unistd.h:366:52: error: expected declaration specifiers or ‘...’ before ‘size_t’
 extern ssize_t write (int __fd, const void *__buf, size_t __n) __wur;
                                                    ^
In file included from /usr/include/features.h:374:0,
                 from /usr/include/stdio.h:27,
                 from ../../../../libglusterfs/src/glusterfs.h:14,
                 from dpdk.c:2:
/usr/include/unistd.h:388:16: error: expected declaration specifiers or ‘...’ before ‘size_t’
 extern ssize_t __REDIRECT (pread, (int __fd, void *__buf, size_t __nbytes,
                ^
/usr/include/unistd.h:391:16: error: expected declaration specifiers or ‘...’ before ‘size_t’
 extern ssize_t __REDIRECT (pwrite, (int __fd, const void *__buf,
                ^
In file included from ../../../../libglusterfs/src/glusterfs.h:25:0,
                 from dpdk.c:2:
/usr/include/unistd.h:404:48: error: expected declaration specifiers or ‘...’ before ‘size_t’
 extern ssize_t pread64 (int __fd, void *__buf, size_t __nbytes,
                                                ^
/usr/include/unistd.h:408:55: error: expected declaration specifiers or ‘...’ before ‘size_t’
 extern ssize_t pwrite64 (int __fd, const void *__buf, size_t __n,
                                                       ^
/usr/include/unistd.h:511:35: error: expected declaration specifiers or ‘...’ before ‘size_t’
 extern char *getcwd (char *__buf, size_t __size) __THROW __wur;
                                   ^
In file included from ../../../../libglusterfs/src/glusterfs.h:25:0,
                 from dpdk.c:2:
/usr/include/unistd.h:623:15: error: expected ‘=’, ‘,’, ‘;’, ‘asm’ or ‘__attribute__’ before ‘confstr’
 extern size_t confstr (int __name, char *__buf, size_t __len) __THROW;
               ^
/usr/include/unistd.h:774:46: error: expected declaration specifiers or ‘...’ before ‘size_t’
 extern int ttyname_r (int __fd, char *__buf, size_t __buflen)
                                              ^
/usr/include/unistd.h:810:29: error: expected declaration specifiers or ‘...’ before ‘size_t’
     char *__restrict __buf, size_t __len)
                             ^
/usr/include/unistd.h:821:31: error: expected declaration specifiers or ‘...’ before ‘size_t’
       char *__restrict __buf, size_t __len)
                               ^
/usr/include/unistd.h:857:38: error: expected declaration specifiers or ‘...’ before ‘size_t’
 extern int getlogin_r (char *__name, size_t __name_len) __nonnull ((1));
                                      ^
In file included from ../../../../libglusterfs/src/glusterfs.h:25:0,
                 from dpdk.c:2:
/usr/include/unistd.h:879:39: error: expected declaration specifiers or ‘...’ before ‘size_t’
 extern int gethostname (char *__name, size_t __len) __THROW __nonnull ((1));
                                       ^
/usr/include/unistd.h:886:45: error: expected declaration specifiers or ‘...’ before ‘size_t’
 extern int sethostname (const char *__name, size_t __len)
                                             ^
/usr/include/unistd.h:897:41: error: expected declaration specifiers or ‘...’ before ‘size_t’
 extern int getdomainname (char *__name, size_t __len)
                                         ^
/usr/include/unistd.h:899:47: error: expected declaration specifiers or ‘...’ before ‘size_t’
 extern int setdomainname (const char *__name, size_t __len)
                                               ^
/usr/include/unistd.h:917:57: error: expected declaration specifiers or ‘...’ before ‘size_t’
 extern int profil (unsigned short int *__sample_buffer, size_t __size,
                                                         ^
/usr/include/unistd.h:918:6: error: expected declaration specifiers or ‘...’ before ‘size_t’
      size_t __offset, unsigned int __scale)
      ^
In file included from /usr/include/unistd.h:1148:0,
                 from ../../../../libglusterfs/src/glusterfs.h:25,
                 from dpdk.c:2:
/usr/include/x86_64-linux-gnu/bits/unistd.h:23:51: error: expected declaration specifiers or ‘...’ before ‘size_t’
 extern ssize_t __read_chk (int __fd, void *__buf, size_t __nbytes,
                                                   ^
/usr/include/x86_64-linux-gnu/bits/unistd.h:24:7: error: expected declaration specifiers or ‘...’ before ‘size_t’
       size_t __buflen) __wur;
       ^
In file included from /usr/include/features.h:374:0,
                 from /usr/include/stdio.h:27,
                 from ../../../../libglusterfs/src/glusterfs.h:14,
                 from dpdk.c:2:
/usr/include/x86_64-linux-gnu/bits/unistd.h:25:16: error: expected declaration specifiers or ‘...’ before ‘size_t’
 extern ssize_t __REDIRECT (__read_alias, (int __fd, void *__buf,
                ^
/usr/include/x86_64-linux-gnu/bits/unistd.h:27:16: error: expected declaration specifiers or ‘...’ before ‘size_t’
 extern ssize_t __REDIRECT (__read_chk_warn,
                ^
/usr/include/x86_64-linux-gnu/bits/unistd.h:27:16: error: expected declaration specifiers or ‘...’ before ‘size_t’
 extern ssize_t __REDIRECT (__read_chk_warn,
                ^
In file included from /usr/include/unistd.h:1148:0,
                 from ../../../../libglusterfs/src/glusterfs.h:25,
                 from dpdk.c:2:
/usr/include/x86_64-linux-gnu/bits/unistd.h:34:30: error: expected declaration specifiers or ‘...’ before ‘size_t’
 read (int __fd, void *__buf, size_t __nbytes)
                              ^
/usr/include/x86_64-linux-gnu/bits/unistd.h:48:52: error: expected declaration specifiers or ‘...’ before ‘size_t’
 extern ssize_t __pread_chk (int __fd, void *__buf, size_t __nbytes,
                                                    ^
/usr/include/x86_64-linux-gnu/bits/unistd.h:49:26: error: expected declaration specifiers or ‘...’ before ‘size_t’
        __off_t __offset, size_t __bufsize) __wur;
                          ^
/usr/include/x86_64-linux-gnu/bits/unistd.h:50:54: error: expected declaration specifiers or ‘...’ before ‘size_t’
 extern ssize_t __pread64_chk (int __fd, void *__buf, size_t __nbytes,
                                                      ^
/usr/include/x86_64-linux-gnu/bits/unistd.h:51:30: error: expected declaration specifiers or ‘...’ before ‘size_t’
          __off64_t __offset, size_t __bufsize) __wur;
                              ^
In file included from /usr/include/features.h:374:0,
                 from /usr/include/stdio.h:27,
                 from ../../../../libglusterfs/src/glusterfs.h:14,
                 from dpdk.c:2:
/usr/include/x86_64-linux-gnu/bits/unistd.h:52:16: error: expected declaration specifiers or ‘...’ before ‘size_t’
 extern ssize_t __REDIRECT (__pread_alias,
                ^
/usr/include/x86_64-linux-gnu/bits/unistd.h:55:16: error: expected declaration specifiers or ‘...’ before ‘size_t’
 extern ssize_t __REDIRECT (__pread64_alias,
                ^
/usr/include/x86_64-linux-gnu/bits/unistd.h:58:16: error: expected declaration specifiers or ‘...’ before ‘size_t’
 extern ssize_t __REDIRECT (__pread_chk_warn,
                ^
/usr/include/x86_64-linux-gnu/bits/unistd.h:58:16: error: expected declaration specifiers or ‘...’ before ‘size_t’
 extern ssize_t __REDIRECT (__pread_chk_warn,
                ^
/usr/include/x86_64-linux-gnu/bits/unistd.h:63:16: error: expected declaration specifiers or ‘...’ before ‘size_t’
 extern ssize_t __REDIRECT (__pread64_chk_warn,
                ^
/usr/include/x86_64-linux-gnu/bits/unistd.h:63:16: error: expected declaration specifiers or ‘...’ before ‘size_t’
 extern ssize_t __REDIRECT (__pread64_chk_warn,
                ^
In file included from /usr/include/unistd.h:1148:0,
                 from ../../../../libglusterfs/src/glusterfs.h:25,
                 from dpdk.c:2:
/usr/include/x86_64-linux-gnu/bits/unistd.h:87:31: error: expected declaration specifiers or ‘...’ before ‘size_t’
 pread (int __fd, void *__buf, size_t __nbytes, __off64_t __offset)
                               ^
/usr/include/x86_64-linux-gnu/bits/unistd.h:105:33: error: expected declaration specifiers or ‘...’ before ‘size_t’
 pread64 (int __fd, void *__buf, size_t __nbytes, __off64_t __offset)
                                 ^
/usr/include/x86_64-linux-gnu/bits/unistd.h:124:35: error: expected declaration specifiers or ‘...’ before ‘size_t’
           char *__restrict __buf, size_t __len,
                                   ^
/usr/include/x86_64-linux-gnu/bits/unistd.h:125:11: error: expected declaration specifiers or ‘...’ before ‘size_t’
           size_t __buflen)
           ^
In file included from /usr/include/features.h:374:0,
                 from /usr/include/stdio.h:27,
                 from ../../../../libglusterfs/src/glusterfs.h:14,
                 from dpdk.c:2:
/usr/include/x86_64-linux-gnu/bits/unistd.h:127:16: error: expected declaration specifiers or ‘...’ before ‘size_t’
 extern ssize_t __REDIRECT_NTH (__readlink_alias,
                ^
/usr/include/x86_64-linux-gnu/bits/unistd.h:131:16: error: expected declaration specifiers or ‘...’ before ‘size_t’
 extern ssize_t __REDIRECT_NTH (__readlink_chk_warn,
                ^
/usr/include/x86_64-linux-gnu/bits/unistd.h:131:16: error: expected declaration specifiers or ‘...’ before ‘size_t’
 extern ssize_t __REDIRECT_NTH (__readlink_chk_warn,
                ^
/usr/include/x86_64-linux-gnu/bits/unistd.h:139:1: error: expected declaration specifiers or ‘...’ before ‘size_t’
 __NTH (readlink (const char *__restrict __path, char *__restrict __buf,
 ^
In file included from /usr/include/unistd.h:1148:0,
                 from ../../../../libglusterfs/src/glusterfs.h:25,
                 from dpdk.c:2:
/usr/include/x86_64-linux-gnu/bits/unistd.h:156:30: error: expected declaration specifiers or ‘...’ before ‘size_t’
      char *__restrict __buf, size_t __len,
                              ^
/usr/include/x86_64-linux-gnu/bits/unistd.h:157:6: error: expected declaration specifiers or ‘...’ before ‘size_t’
      size_t __buflen)
      ^
In file included from /usr/include/features.h:374:0,
                 from /usr/include/stdio.h:27,
                 from ../../../../libglusterfs/src/glusterfs.h:14,
                 from dpdk.c:2:
/usr/include/x86_64-linux-gnu/bits/unistd.h:159:16: error: expected declaration specifiers or ‘...’ before ‘size_t’
 extern ssize_t __REDIRECT_NTH (__readlinkat_alias,
                ^
/usr/include/x86_64-linux-gnu/bits/unistd.h:164:16: error: expected declaration specifiers or ‘...’ before ‘size_t’
 extern ssize_t __REDIRECT_NTH (__readlinkat_chk_warn,
                ^
/usr/include/x86_64-linux-gnu/bits/unistd.h:164:16: error: expected declaration specifiers or ‘...’ before ‘size_t’
 extern ssize_t __REDIRECT_NTH (__readlinkat_chk_warn,
                ^
/usr/include/x86_64-linux-gnu/bits/unistd.h:173:1: error: expected declaration specifiers or ‘...’ before ‘size_t’
 __NTH (readlinkat (int __fd, const char *__restrict __path,
 ^
In file included from /usr/include/unistd.h:1148:0,
                 from ../../../../libglusterfs/src/glusterfs.h:25,
                 from dpdk.c:2:
/usr/include/x86_64-linux-gnu/bits/unistd.h:189:41: error: expected declaration specifiers or ‘...’ before ‘size_t’
 extern char *__getcwd_chk (char *__buf, size_t __size, size_t __buflen)
                                         ^
/usr/include/x86_64-linux-gnu/bits/unistd.h:189:56: error: expected declaration specifiers or ‘...’ before ‘size_t’
 extern char *__getcwd_chk (char *__buf, size_t __size, size_t __buflen)
                                                        ^
In file included from /usr/include/features.h:374:0,
                 from /usr/include/stdio.h:27,
                 from ../../../../libglusterfs/src/glusterfs.h:14,
                 from dpdk.c:2:
/usr/include/x86_64-linux-gnu/bits/unistd.h:191:14: error: expected declaration specifiers or ‘...’ before ‘size_t’
 extern char *__REDIRECT_NTH (__getcwd_alias,
              ^
/usr/include/x86_64-linux-gnu/bits/unistd.h:193:14: error: expected declaration specifiers or ‘...’ before ‘size_t’
 extern char *__REDIRECT_NTH (__getcwd_chk_warn,
              ^
/usr/include/x86_64-linux-gnu/bits/unistd.h:193:14: error: expected declaration specifiers or ‘...’ before ‘size_t’
 extern char *__REDIRECT_NTH (__getcwd_chk_warn,
              ^
/usr/include/x86_64-linux-gnu/bits/unistd.h:200:1: error: expected declaration specifiers or ‘...’ before ‘size_t’
 __NTH (getcwd (char *__buf, size_t __size))
 ^
In file included from /usr/include/unistd.h:1148:0,
                 from ../../../../libglusterfs/src/glusterfs.h:25,
                 from dpdk.c:2:
/usr/include/x86_64-linux-gnu/bits/unistd.h:214:40: error: expected declaration specifiers or ‘...’ before ‘size_t’
 extern char *__getwd_chk (char *__buf, size_t buflen)
                                        ^
/usr/include/x86_64-linux-gnu/bits/unistd.h:229:15: error: expected ‘=’, ‘,’, ‘;’, ‘asm’ or ‘__attribute__’ before ‘__confstr_chk’
 extern size_t __confstr_chk (int __name, char *__buf, size_t __len,
               ^
In file included from /usr/include/features.h:374:0,
                 from /usr/include/stdio.h:27,
                 from ../../../../libglusterfs/src/glusterfs.h:14,
                 from dpdk.c:2:
/usr/include/x86_64-linux-gnu/bits/unistd.h:231:15: error: expected ‘=’, ‘,’, ‘;’, ‘asm’ or ‘__attribute__’ before ‘__confstr_alias’
 extern size_t __REDIRECT_NTH (__confstr_alias, (int __name, char *__buf,
               ^
/usr/include/x86_64-linux-gnu/bits/unistd.h:233:15: error: expected ‘=’, ‘,’, ‘;’, ‘asm’ or ‘__attribute__’ before ‘__confstr_chk_warn’
 extern size_t __REDIRECT_NTH (__confstr_chk_warn,
               ^
/usr/include/x86_64-linux-gnu/bits/unistd.h:240:1: error: expected ‘,’ or ‘;’ before ‘confstr’
 __NTH (confstr (int __name, char *__buf, size_t __len))
 ^
In file included from /usr/include/unistd.h:1148:0,
                 from ../../../../libglusterfs/src/glusterfs.h:25,
                 from dpdk.c:2:
/usr/include/x86_64-linux-gnu/bits/unistd.h:254:59: error: expected declaration specifiers or ‘...’ before ‘size_t’
 extern int __getgroups_chk (int __size, __gid_t __list[], size_t __listlen)
                                                           ^
In file included from /usr/include/features.h:374:0,
                 from /usr/include/stdio.h:27,
                 from ../../../../libglusterfs/src/glusterfs.h:14,
                 from dpdk.c:2:
/usr/include/x86_64-linux-gnu/bits/unistd.h:258:12: error: expected declaration specifiers or ‘...’ before ‘size_t’
 extern int __REDIRECT_NTH (__getgroups_chk_warn,
            ^
In file included from /usr/include/unistd.h:1148:0,
                 from ../../../../libglusterfs/src/glusterfs.h:25,
                 from dpdk.c:2:
/usr/include/x86_64-linux-gnu/bits/unistd.h:279:52: error: expected declaration specifiers or ‘...’ before ‘size_t’
 extern int __ttyname_r_chk (int __fd, char *__buf, size_t __buflen,
                                                    ^
/usr/include/x86_64-linux-gnu/bits/unistd.h:280:8: error: expected declaration specifiers or ‘...’ before ‘size_t’
        size_t __nreal) __THROW __nonnull ((2));
        ^
In file included from /usr/include/features.h:374:0,
                 from /usr/include/stdio.h:27,
                 from ../../../../libglusterfs/src/glusterfs.h:14,
                 from dpdk.c:2:
/usr/include/x86_64-linux-gnu/bits/unistd.h:281:12: error: expected declaration specifiers or ‘...’ before ‘size_t’
 extern int __REDIRECT_NTH (__ttyname_r_alias, (int __fd, char *__buf,
            ^
/usr/include/x86_64-linux-gnu/bits/unistd.h:284:12: error: expected declaration specifiers or ‘...’ before ‘size_t’
 extern int __REDIRECT_NTH (__ttyname_r_chk_warn,
            ^
/usr/include/x86_64-linux-gnu/bits/unistd.h:284:12: error: expected declaration specifiers or ‘...’ before ‘size_t’
 extern int __REDIRECT_NTH (__ttyname_r_chk_warn,
            ^
/usr/include/x86_64-linux-gnu/bits/unistd.h:291:1: error: expected declaration specifiers or ‘...’ before ‘size_t’
 __NTH (ttyname_r (int __fd, char *__buf, size_t __buflen))
 ^
In file included from /usr/include/unistd.h:1148:0,
                 from ../../../../libglusterfs/src/glusterfs.h:25,
                 from dpdk.c:2:
/usr/include/x86_64-linux-gnu/bits/unistd.h:306:43: error: expected declaration specifiers or ‘...’ before ‘size_t’
 extern int __getlogin_r_chk (char *__buf, size_t __buflen, size_t __nreal)
                                           ^
/usr/include/x86_64-linux-gnu/bits/unistd.h:306:60: error: expected declaration specifiers or ‘...’ before ‘size_t’
 extern int __getlogin_r_chk (char *__buf, size_t __buflen, size_t __nreal)
                                                            ^
In file included from /usr/include/features.h:374:0,
                 from /usr/include/stdio.h:27,
                 from ../../../../libglusterfs/src/glusterfs.h:14,
                 from dpdk.c:2:
/usr/include/x86_64-linux-gnu/bits/unistd.h:308:12: error: expected declaration specifiers or ‘...’ before ‘size_t’
 extern int __REDIRECT (__getlogin_r_alias, (char *__buf, size_t __buflen),
            ^
/usr/include/x86_64-linux-gnu/bits/unistd.h:310:12: error: expected declaration specifiers or ‘...’ before ‘size_t’
 extern int __REDIRECT (__getlogin_r_chk_warn,
            ^
/usr/include/x86_64-linux-gnu/bits/unistd.h:310:12: error: expected declaration specifiers or ‘...’ before ‘size_t’
 extern int __REDIRECT (__getlogin_r_chk_warn,
            ^
In file included from /usr/include/unistd.h:1148:0,
                 from ../../../../libglusterfs/src/glusterfs.h:25,
                 from dpdk.c:2:
/usr/include/x86_64-linux-gnu/bits/unistd.h:317:26: error: expected declaration specifiers or ‘...’ before ‘size_t’
 getlogin_r (char *__buf, size_t __buflen)
                          ^
/usr/include/x86_64-linux-gnu/bits/unistd.h:333:44: error: expected declaration specifiers or ‘...’ before ‘size_t’
 extern int __gethostname_chk (char *__buf, size_t __buflen, size_t __nreal)
                                            ^
/usr/include/x86_64-linux-gnu/bits/unistd.h:333:61: error: expected declaration specifiers or ‘...’ before ‘size_t’
 extern int __gethostname_chk (char *__buf, size_t __buflen, size_t __nreal)
                                                             ^
In file included from /usr/include/features.h:374:0,
                 from /usr/include/stdio.h:27,
                 from ../../../../libglusterfs/src/glusterfs.h:14,
                 from dpdk.c:2:
/usr/include/x86_64-linux-gnu/bits/unistd.h:335:12: error: expected declaration specifiers or ‘...’ before ‘size_t’
 extern int __REDIRECT_NTH (__gethostname_alias, (char *__buf, size_t __buflen),
            ^
/usr/include/x86_64-linux-gnu/bits/unistd.h:337:12: error: expected declaration specifiers or ‘...’ before ‘size_t’
 extern int __REDIRECT_NTH (__gethostname_chk_warn,
            ^
/usr/include/x86_64-linux-gnu/bits/unistd.h:337:12: error: expected declaration specifiers or ‘...’ before ‘size_t’
 extern int __REDIRECT_NTH (__gethostname_chk_warn,
            ^
/usr/include/x86_64-linux-gnu/bits/unistd.h:344:1: error: expected declaration specifiers or ‘...’ before ‘size_t’
 __NTH (gethostname (char *__buf, size_t __buflen))
 ^
In file included from /usr/include/unistd.h:1148:0,
                 from ../../../../libglusterfs/src/glusterfs.h:25,
                 from dpdk.c:2:
/usr/include/x86_64-linux-gnu/bits/unistd.h:360:46: error: expected declaration specifiers or ‘...’ before ‘size_t’
 extern int __getdomainname_chk (char *__buf, size_t __buflen, size_t __nreal)
                                              ^
/usr/include/x86_64-linux-gnu/bits/unistd.h:360:63: error: expected declaration specifiers or ‘...’ before ‘size_t’
 extern int __getdomainname_chk (char *__buf, size_t __buflen, size_t __nreal)
                                                               ^
In file included from /usr/include/features.h:374:0,
                 from /usr/include/stdio.h:27,
                 from ../../../../libglusterfs/src/glusterfs.h:14,
                 from dpdk.c:2:
/usr/include/x86_64-linux-gnu/bits/unistd.h:362:12: error: expected declaration specifiers or ‘...’ before ‘size_t’
 extern int __REDIRECT_NTH (__getdomainname_alias, (char *__buf,
            ^
/usr/include/x86_64-linux-gnu/bits/unistd.h:365:12: error: expected declaration specifiers or ‘...’ before ‘size_t’
 extern int __REDIRECT_NTH (__getdomainname_chk_warn,
            ^
/usr/include/x86_64-linux-gnu/bits/unistd.h:365:12: error: expected declaration specifiers or ‘...’ before ‘size_t’
 extern int __REDIRECT_NTH (__getdomainname_chk_warn,
            ^
/usr/include/x86_64-linux-gnu/bits/unistd.h:373:1: error: expected declaration specifiers or ‘...’ before ‘size_t’
 __NTH (getdomainname (char *__buf, size_t __buflen))
 ^
In file included from /usr/include/x86_64-linux-gnu/bits/fcntl.h:61:0,
                 from /usr/include/fcntl.h:35,
                 from ../../../../libglusterfs/src/glusterfs.h:26,
                 from dpdk.c:2:
/usr/include/x86_64-linux-gnu/bits/fcntl-linux.h:346:57: error: expected declaration specifiers or ‘...’ before ‘size_t’
 extern ssize_t readahead (int __fd, __off64_t __offset, size_t __count)
                                                         ^
/usr/include/x86_64-linux-gnu/bits/fcntl-linux.h:363:5: error: expected declaration specifiers or ‘...’ before ‘size_t’
     size_t __count, unsigned int __flags);
     ^
/usr/include/x86_64-linux-gnu/bits/fcntl-linux.h:370:31: error: expected declaration specifiers or ‘...’ before ‘size_t’
          __off64_t *__offout, size_t __len,
                               ^
/usr/include/x86_64-linux-gnu/bits/fcntl-linux.h:377:46: error: expected declaration specifiers or ‘...’ before ‘size_t’
 extern ssize_t tee (int __fdin, int __fdout, size_t __len,
                                              ^
In file included from ../../../../libglusterfs/src/glusterfs.h:27:0,
                 from dpdk.c:2:
/usr/include/arpa/inet.h:77:55: error: expected declaration specifiers or ‘...’ before ‘size_t’
 extern char *inet_neta (in_addr_t __net, char *__buf, size_t __len) __THROW;
                                                       ^
/usr/include/arpa/inet.h:83:21: error: expected declaration specifiers or ‘...’ before ‘size_t’
        char *__buf, size_t __len) __THROW;
                     ^
/usr/include/arpa/inet.h:89:19: error: expected declaration specifiers or ‘...’ before ‘size_t’
      void *__buf, size_t __len) __THROW;
                   ^
In file included from /usr/include/sched.h:41:0,
                 from /usr/include/pthread.h:23,
                 from ../../../../libglusterfs/src/glusterfs.h:29,
                 from dpdk.c:2:
/usr/include/x86_64-linux-gnu/bits/sched.h:203:30: error: expected declaration specifiers or ‘...’ before ‘size_t’
 extern int __sched_cpucount (size_t __setsize, const cpu_set_t *__setp)
                              ^
/usr/include/x86_64-linux-gnu/bits/sched.h:205:37: error: expected declaration specifiers or ‘...’ before ‘size_t’
 extern cpu_set_t *__sched_cpualloc (size_t __count) __THROW __wur;
                                     ^
In file included from /usr/include/pthread.h:23:0,
                 from ../../../../libglusterfs/src/glusterfs.h:29,
                 from dpdk.c:2:
/usr/include/sched.h:116:46: error: expected declaration specifiers or ‘...’ before ‘size_t’
 extern int sched_setaffinity (__pid_t __pid, size_t __cpusetsize,
                                              ^
/usr/include/sched.h:120:46: error: expected declaration specifiers or ‘...’ before ‘size_t’
 extern int sched_getaffinity (__pid_t __pid, size_t __cpusetsize,
                                              ^
In file included from /usr/include/pthread.h:24:0,
                 from ../../../../libglusterfs/src/glusterfs.h:29,
                 from dpdk.c:2:
/usr/include/time.h:205:15: error: expected ‘=’, ‘,’, ‘;’, ‘asm’ or ‘__attribute__’ before ‘strftime’
 extern size_t strftime (char *__restrict __s, size_t __maxsize,
               ^
/usr/include/time.h:223:15: error: expected ‘=’, ‘,’, ‘;’, ‘asm’ or ‘__attribute__’ before ‘strftime_l’
 extern size_t strftime_l (char *__restrict __s, size_t __maxsize,
               ^
In file included from ../../../../libglusterfs/src/glusterfs.h:29:0,
                 from dpdk.c:2:
/usr/include/pthread.h:317:11: error: expected declaration specifiers or ‘...’ before ‘size_t’
           size_t *__guardsize)
           ^
/usr/include/pthread.h:322:11: error: expected declaration specifiers or ‘...’ before ‘size_t’
           size_t __guardsize)
           ^
/usr/include/pthread.h:380:19: error: expected declaration specifiers or ‘...’ before ‘size_t’
           __attr, size_t *__restrict __stacksize)
                   ^
/usr/include/pthread.h:387:11: error: expected declaration specifiers or ‘...’ before ‘size_t’
           size_t __stacksize)
           ^
/usr/include/pthread.h:394:7: error: expected declaration specifiers or ‘...’ before ‘size_t’
       size_t *__restrict __stacksize)
       ^
/usr/include/pthread.h:401:7: error: expected declaration specifiers or ‘...’ before ‘size_t’
       size_t __stacksize) __THROW __nonnull ((1));
       ^
/usr/include/pthread.h:408:6: error: expected declaration specifiers or ‘...’ before ‘size_t’
      size_t __cpusetsize,
      ^
/usr/include/pthread.h:415:6: error: expected declaration specifiers or ‘...’ before ‘size_t’
      size_t __cpusetsize,
      ^
/usr/include/pthread.h:458:11: error: expected declaration specifiers or ‘...’ before ‘size_t’
           size_t __buflen)
           ^
/usr/include/pthread.h:485:52: error: expected declaration specifiers or ‘...’ before ‘size_t’
 extern int pthread_setaffinity_np (pthread_t __th, size_t __cpusetsize,
                                                    ^
/usr/include/pthread.h:490:52: error: expected declaration specifiers or ‘...’ before ‘size_t’
 extern int pthread_getaffinity_np (pthread_t __th, size_t __cpusetsize,
                                                    ^
In file included from ../../../../libglusterfs/src/compat.h:27:0,
                 from ../../../../libglusterfs/src/glusterfs-fops.h:11,
                 from ../../../../libglusterfs/src/glusterfs.h:32,
                 from dpdk.c:2:
/usr/include/x86_64-linux-gnu/sys/xattr.h:40:29: error: expected declaration specifiers or ‘...’ before ‘size_t’
        const void *__value, size_t __size, int __flags)
                             ^
/usr/include/x86_64-linux-gnu/sys/xattr.h:47:30: error: expected declaration specifiers or ‘...’ before ‘size_t’
         const void *__value, size_t __size, int __flags)
                              ^
/usr/include/x86_64-linux-gnu/sys/xattr.h:53:9: error: expected declaration specifiers or ‘...’ before ‘size_t’
         size_t __size, int __flags) __THROW;
         ^
/usr/include/x86_64-linux-gnu/sys/xattr.h:58:20: error: expected declaration specifiers or ‘...’ before ‘size_t’
     void *__value, size_t __size) __THROW;
                    ^
/usr/include/x86_64-linux-gnu/sys/xattr.h:64:21: error: expected declaration specifiers or ‘...’ before ‘size_t’
      void *__value, size_t __size) __THROW;
                     ^
/usr/include/x86_64-linux-gnu/sys/xattr.h:69:6: error: expected declaration specifiers or ‘...’ before ‘size_t’
      size_t __size) __THROW;
      ^
/usr/include/x86_64-linux-gnu/sys/xattr.h:74:61: error: expected declaration specifiers or ‘...’ before ‘size_t’
 extern ssize_t listxattr (const char *__path, char *__list, size_t __size)
                                                             ^
/usr/include/x86_64-linux-gnu/sys/xattr.h:80:62: error: expected declaration specifiers or ‘...’ before ‘size_t’
 extern ssize_t llistxattr (const char *__path, char *__list, size_t __size)
                                                              ^
/usr/include/x86_64-linux-gnu/sys/xattr.h:85:52: error: expected declaration specifiers or ‘...’ before ‘size_t’
 extern ssize_t flistxattr (int __fd, char *__list, size_t __size)
                                                    ^
In file included from /usr/include/signal.h:349:0,
                 from /usr/include/x86_64-linux-gnu/sys/param.h:28,
                 from /usr/include/rpc/types.h:94,
                 from /usr/include/rpc/rpc.h:38,
                 from ../../../../libglusterfs/src/glusterfs-fops.h:35,
                 from ../../../../libglusterfs/src/glusterfs.h:32,
                 from dpdk.c:2:
/usr/include/x86_64-linux-gnu/bits/sigstack.h:53:5: error: expected specifier-qualifier-list before ‘size_t’
     size_t ss_size;
     ^
In file included from ../../../../libglusterfs/src/glusterfs.h:36:0,
                 from dpdk.c:2:
../../../../libglusterfs/src/logging.h:161:20: error: expected declaration specifiers or ‘...’ before ‘size_t’
                    size_t size);
                    ^
In file included from ../../../../libglusterfs/src/glusterfs.h:37:0,
                 from dpdk.c:2:
../../../../libglusterfs/src/lkowner.h: In function ‘is_same_lkowner’:
../../../../libglusterfs/src/lkowner.h:65:9: error: implicit declaration of function ‘memcmp’ [-Werror=implicit-function-declaration]
         return ((l1->len == l2->len) && !memcmp(l1->data, l2->data, l1->len));
         ^
../../../../libglusterfs/src/lkowner.h: In function ‘lk_owner_copy’:
../../../../libglusterfs/src/lkowner.h:91:9: error: implicit declaration of function ‘memcpy’ [-Werror=implicit-function-declaration]
         memcpy(dst->data, src->data, src->len);
         ^
../../../../libglusterfs/src/lkowner.h:91:9: warning: incompatible implicit declaration of built-in function ‘memcpy’ [enabled by default]
In file included from dpdk.c:2:0:
../../../../libglusterfs/src/glusterfs.h: At top level:
../../../../libglusterfs/src/glusterfs.h:445:9: error: expected specifier-qualifier-list before ‘size_t’
         size_t              page_size;
         ^
In file included from ../../../../libglusterfs/src/common-utils.h:21:0,
                 from ../../../../libglusterfs/src/iobuf.h:15,
                 from dpdk.c:3:
/usr/include/openssl/md5.h:112:46: error: expected declaration specifiers or ‘...’ before ‘size_t’
 int MD5_Update(MD5_CTX *c, const void *data, size_t len);
                                              ^
/usr/include/openssl/md5.h:114:44: error: expected declaration specifiers or ‘...’ before ‘size_t’
 unsigned char *MD5(const unsigned char *d, size_t n, unsigned char *md);
                                            ^
In file included from ../../../../libglusterfs/src/common-utils.h:42:0,
                 from ../../../../libglusterfs/src/iobuf.h:15,
                 from dpdk.c:3:
../../../../libglusterfs/src/mem-pool.h:41:9: error: expected specifier-qualifier-list before ‘size_t’
         size_t          size;
         ^
../../../../libglusterfs/src/mem-pool.h:64:9: error: expected specifier-qualifier-list before ‘size_t’
         size_t          size;
         ^
../../../../libglusterfs/src/mem-pool.h:83:14: error: expected declaration specifiers or ‘...’ before ‘size_t’
 __gf_calloc (size_t cnt, size_t size, uint32_t type, const char *typestr);
              ^
../../../../libglusterfs/src/mem-pool.h:83:26: error: expected declaration specifiers or ‘...’ before ‘size_t’
 __gf_calloc (size_t cnt, size_t size, uint32_t type, const char *typestr);
                          ^
../../../../libglusterfs/src/mem-pool.h:86:14: error: expected declaration specifiers or ‘...’ before ‘size_t’
 __gf_malloc (size_t size, uint32_t type, const char *typestr);
              ^
../../../../libglusterfs/src/mem-pool.h:89:26: error: expected declaration specifiers or ‘...’ before ‘size_t’
 __gf_realloc (void *ptr, size_t size);
                          ^
../../../../libglusterfs/src/mem-pool.h:104:28: error: expected declaration specifiers or ‘...’ before ‘size_t’
 void* __gf_default_malloc (size_t size)
                            ^
../../../../libglusterfs/src/mem-pool.h:116:37: error: expected declaration specifiers or ‘...’ before ‘size_t’
 void* __gf_default_calloc (int cnt, size_t size)
                                     ^
../../../../libglusterfs/src/mem-pool.h:128:43: error: expected declaration specifiers or ‘...’ before ‘size_t’
 void* __gf_default_realloc (void *oldptr, size_t size)
                                           ^
../../../../libglusterfs/src/mem-pool.h:160:36: error: expected declaration specifiers or ‘...’ before ‘size_t’
 char *gf_strndup (const char *src, size_t len)
                                    ^
../../../../libglusterfs/src/mem-pool.h: In function ‘gf_strdup’:
../../../../libglusterfs/src/mem-pool.h:183:9: warning: statement with no effect [-Wunused-value]
         size_t  len = 0;
         ^
../../../../libglusterfs/src/mem-pool.h:183:17: error: expected ‘;’ before ‘len’
         size_t  len = 0;
                 ^
../../../../libglusterfs/src/mem-pool.h:185:9: error: ‘len’ undeclared (first use in this function)
         len = strlen (src) + 1;
         ^
../../../../libglusterfs/src/mem-pool.h:185:9: note: each undeclared identifier is reported only once for each function it appears in
../../../../libglusterfs/src/mem-pool.h:185:9: error: implicit declaration of function ‘strlen’ [-Werror=implicit-function-declaration]
../../../../libglusterfs/src/mem-pool.h:185:15: warning: incompatible implicit declaration of built-in function ‘strlen’ [enabled by default]
         len = strlen (src) + 1;
               ^
../../../../libglusterfs/src/mem-pool.h:187:9: error: implicit declaration of function ‘__gf_calloc’ [-Werror=implicit-function-declaration]
         dup_str = GF_CALLOC(1, len, gf_common_mt_strdup);
         ^
../../../../libglusterfs/src/mem-pool.h:192:9: warning: incompatible implicit declaration of built-in function ‘memcpy’ [enabled by default]
         memcpy (dup_str, src, len);
         ^
../../../../libglusterfs/src/mem-pool.h: At top level:
../../../../libglusterfs/src/mem-pool.h:198:29: error: expected declaration specifiers or ‘...’ before ‘size_t’
 gf_memdup (const void *src, size_t size)
                             ^
In file included from ../../../../libglusterfs/src/iobuf.h:15:0,
                 from dpdk.c:3:
../../../../libglusterfs/src/common-utils.h: In function ‘iov_length’:
../../../../libglusterfs/src/common-utils.h:437:2: warning: statement with no effect [-Wunused-value]
  size_t  size = 0;
  ^
../../../../libglusterfs/src/common-utils.h:437:10: error: expected ‘;’ before ‘size’
  size_t  size = 0;
          ^
../../../../libglusterfs/src/common-utils.h:440:3: error: ‘size’ undeclared (first use in this function)
   size += vector[i].iov_len; //前几个vector的iov_len之和
   ^
../../../../libglusterfs/src/common-utils.h:440:20: error: ‘const struct iovec’ has no member named ‘iov_len’
   size += vector[i].iov_len; //前几个vector的iov_len之和
                    ^
../../../../libglusterfs/src/common-utils.h: In function ‘iov_dup’:
../../../../libglusterfs/src/common-utils.h:454:2: error: implicit declaration of function ‘__gf_malloc’ [-Werror=implicit-function-declaration]
  newvec = GF_MALLOC (bytecount, gf_common_mt_iovec);
  ^
../../../../libglusterfs/src/common-utils.h:454:9: warning: assignment makes pointer from integer without a cast [enabled by default]
  newvec = GF_MALLOC (bytecount, gf_common_mt_iovec);
         ^
../../../../libglusterfs/src/common-utils.h:459:12: error: ‘struct iovec’ has no member named ‘iov_len’
   newvec[i].iov_len  = vector[i].iov_len;
            ^
../../../../libglusterfs/src/common-utils.h:459:33: error: ‘const struct iovec’ has no member named ‘iov_len’
   newvec[i].iov_len  = vector[i].iov_len;
                                 ^
../../../../libglusterfs/src/common-utils.h: In function ‘iov_subset’:
../../../../libglusterfs/src/common-utils.h:475:2: warning: statement with no effect [-Wunused-value]
  size_t start_offset = 0;
  ^
../../../../libglusterfs/src/common-utils.h:475:9: error: expected ‘;’ before ‘start_offset’
  size_t start_offset = 0;
         ^
../../../../libglusterfs/src/common-utils.h:476:2: warning: statement with no effect [-Wunused-value]
  size_t end_offset = 0, origin_iov_len = 0;
  ^
../../../../libglusterfs/src/common-utils.h:476:9: error: expected ‘;’ before ‘end_offset’
  size_t end_offset = 0, origin_iov_len = 0;
         ^
../../../../libglusterfs/src/common-utils.h:480:17: error: ‘origin_iov_len’ undeclared (first use in this function)
                 origin_iov_len = orig[i].iov_len;
                 ^
../../../../libglusterfs/src/common-utils.h:480:41: error: ‘struct iovec’ has no member named ‘iov_len’
                 origin_iov_len = orig[i].iov_len;
                                         ^
../../../../libglusterfs/src/common-utils.h:482:24: error: ‘struct iovec’ has no member named ‘iov_len’
   if ((offset + orig[i].iov_len < src_offset)
                        ^
../../../../libglusterfs/src/common-utils.h:491:3: error: ‘start_offset’ undeclared (first use in this function)
   start_offset = 0;
   ^
../../../../libglusterfs/src/common-utils.h:492:3: error: ‘end_offset’ undeclared (first use in this function)
   end_offset = orig[i].iov_len;
   ^
../../../../libglusterfs/src/common-utils.h:492:23: error: ‘struct iovec’ has no member named ‘iov_len’
   end_offset = orig[i].iov_len;
                       ^
../../../../libglusterfs/src/common-utils.h:498:38: error: ‘struct iovec’ has no member named ‘iov_len’
   if (dst_offset <= (offset + orig[i].iov_len)) {
                                      ^
../../../../libglusterfs/src/common-utils.h:503:17: error: ‘struct iovec’ has no member named ‘iov_len’
   new[new_count].iov_len = end_offset - start_offset;
                 ^
../../../../libglusterfs/src/common-utils.h: In function ‘iov_unload’:
../../../../libglusterfs/src/common-utils.h:523:3: warning: incompatible implicit declaration of built-in function ‘memcpy’ [enabled by default]
   memcpy (buf + copied, vector[i].iov_base, vector[i].iov_len);
   ^
../../../../libglusterfs/src/common-utils.h:523:54: error: ‘const struct iovec’ has no member named ‘iov_len’
   memcpy (buf + copied, vector[i].iov_base, vector[i].iov_len);
                                                      ^
../../../../libglusterfs/src/common-utils.h:524:22: error: ‘const struct iovec’ has no member named ‘iov_len’
   copied += vector[i].iov_len;
                      ^
../../../../libglusterfs/src/common-utils.h: At top level:
../../../../libglusterfs/src/common-utils.h:530:1: error: expected ‘=’, ‘,’, ‘;’, ‘asm’ or ‘__attribute__’ before ‘iov_load’
 iov_load (const struct iovec *vector, int count, char *buf, int size)
 ^
../../../../libglusterfs/src/common-utils.h:552:1: error: expected ‘=’, ‘,’, ‘;’, ‘asm’ or ‘__attribute__’ before ‘iov_copy’
 iov_copy (const struct iovec *dst, int dcnt,
 ^
../../../../libglusterfs/src/common-utils.h:589:31: error: expected declaration specifiers or ‘...’ before ‘size_t’
 mem_0filled (const char *buf, size_t size)
                               ^
../../../../libglusterfs/src/common-utils.h: In function ‘iov_0filled’:
../../../../libglusterfs/src/common-utils.h:611:3: error: implicit declaration of function ‘mem_0filled’ [-Werror=implicit-function-declaration]
   ret = mem_0filled (vector[i].iov_base, vector[i].iov_len);
   ^
../../../../libglusterfs/src/common-utils.h:611:51: error: ‘struct iovec’ has no member named ‘iov_len’
   ret = mem_0filled (vector[i].iov_base, vector[i].iov_len);
                                                   ^
../../../../libglusterfs/src/common-utils.h: At top level:
../../../../libglusterfs/src/common-utils.h:621:26: error: expected declaration specifiers or ‘...’ before ‘size_t’
 memdup (const void *ptr, size_t size)
                          ^
../../../../libglusterfs/src/common-utils.h:645:25: error: expected declaration specifiers or ‘...’ before ‘size_t’
 gf_time_fmt (char *dst, size_t sz_dst, time_t utime, unsigned int fmt)
                         ^
../../../../libglusterfs/src/common-utils.h:720:47: error: expected declaration specifiers or ‘...’ before ‘size_t’
 int gf_string2bytesize_size (const char *str, size_t *n);
                                               ^
../../../../libglusterfs/src/common-utils.h:766:53: error: expected declaration specifiers or ‘...’ before ‘size_t’
 void gf_array_insertionsort (void *a, int l, int r, size_t elem_size,
                                                     ^
../../../../libglusterfs/src/common-utils.h:787:45: error: expected declaration specifiers or ‘...’ before ‘size_t’
 void md5_wrapper(const unsigned char *data, size_t len, char *md5);
                                             ^
../../../../libglusterfs/src/common-utils.h:841:30: error: expected declaration specifiers or ‘...’ before ‘size_t’
 gf_nread (int fd, void *buf, size_t count);
                              ^
../../../../libglusterfs/src/common-utils.h:844:37: error: expected declaration specifiers or ‘...’ before ‘size_t’
 gf_nwrite (int fd, const void *buf, size_t count);
                                     ^
In file included from /usr/include/features.h:374:0,
                 from /usr/include/stdio.h:27,
                 from ../../../../libglusterfs/src/glusterfs.h:14,
                 from dpdk.c:2:
/usr/include/x86_64-linux-gnu/sys/mman.h:61:15: error: expected declaration specifiers or ‘...’ before ‘size_t’
 extern void * __REDIRECT_NTH (mmap,
               ^
In file included from ../../../../libglusterfs/src/iobuf.h:17:0,
                 from dpdk.c:3:
/usr/include/x86_64-linux-gnu/sys/mman.h:70:36: error: expected declaration specifiers or ‘...’ before ‘size_t’
 extern void *mmap64 (void *__addr, size_t __len, int __prot,
                                    ^
/usr/include/x86_64-linux-gnu/sys/mman.h:76:34: error: expected declaration specifiers or ‘...’ before ‘size_t’
 extern int munmap (void *__addr, size_t __len) __THROW;
                                  ^
/usr/include/x86_64-linux-gnu/sys/mman.h:81:36: error: expected declaration specifiers or ‘...’ before ‘size_t’
 extern int mprotect (void *__addr, size_t __len, int __prot) __THROW;
                                    ^
/usr/include/x86_64-linux-gnu/sys/mman.h:89:33: error: expected declaration specifiers or ‘...’ before ‘size_t’
 extern int msync (void *__addr, size_t __len, int __flags);
                                 ^
/usr/include/x86_64-linux-gnu/sys/mman.h:94:35: error: expected declaration specifiers or ‘...’ before ‘size_t’
 extern int madvise (void *__addr, size_t __len, int __advice) __THROW;
                                   ^
/usr/include/x86_64-linux-gnu/sys/mman.h:98:41: error: expected declaration specifiers or ‘...’ before ‘size_t’
 extern int posix_madvise (void *__addr, size_t __len, int __advice) __THROW;
                                         ^
/usr/include/x86_64-linux-gnu/sys/mman.h:103:39: error: expected declaration specifiers or ‘...’ before ‘size_t’
 extern int mlock (const void *__addr, size_t __len) __THROW;
                                       ^
/usr/include/x86_64-linux-gnu/sys/mman.h:106:41: error: expected declaration specifiers or ‘...’ before ‘size_t’
 extern int munlock (const void *__addr, size_t __len) __THROW;
                                         ^
/usr/include/x86_64-linux-gnu/sys/mman.h:123:36: error: expected declaration specifiers or ‘...’ before ‘size_t’
 extern int mincore (void *__start, size_t __len, unsigned char *__vec)
                                    ^
/usr/include/x86_64-linux-gnu/sys/mman.h:133:36: error: expected declaration specifiers or ‘...’ before ‘size_t’
 extern void *mremap (void *__addr, size_t __old_len, size_t __new_len,
                                    ^
/usr/include/x86_64-linux-gnu/sys/mman.h:133:54: error: expected declaration specifiers or ‘...’ before ‘size_t’
 extern void *mremap (void *__addr, size_t __old_len, size_t __new_len,
                                                      ^
/usr/include/x86_64-linux-gnu/sys/mman.h:138:45: error: expected declaration specifiers or ‘...’ before ‘size_t’
 extern int remap_file_pages (void *__start, size_t __size, int __prot,
                                             ^
/usr/include/x86_64-linux-gnu/sys/mman.h:139:9: error: expected declaration specifiers or ‘...’ before ‘size_t’
         size_t __pgoff, int __flags) __THROW;
         ^
In file included from dpdk.c:3:0:
../../../../libglusterfs/src/iobuf.h:53:9: error: expected specifier-qualifier-list before ‘size_t’
         size_t   pagesize;
         ^
../../../../libglusterfs/src/iobuf.h:87:9: error: expected specifier-qualifier-list before ‘size_t’
         size_t              page_size;  /* size of all iobufs in this arena */
         ^
../../../../libglusterfs/src/iobuf.h:111:9: error: expected specifier-qualifier-list before ‘size_t’
         size_t              arena_size; /* size of memory region in
         ^
../../../../libglusterfs/src/iobuf.h:166:1: error: unknown type name ‘size_t’
 size_t iobuf_size (struct iobuf *iobuf);
 ^
../../../../libglusterfs/src/iobuf.h:167:1: error: unknown type name ‘size_t’
 size_t iobref_size (struct iobref *iobref);
 ^
../../../../libglusterfs/src/iobuf.h:171:44: error: expected declaration specifiers or ‘...’ before ‘size_t’
 iobuf_get2 (struct iobuf_pool *iobuf_pool, size_t page_size);
                                            ^
../../../../libglusterfs/src/iobuf.h:174:56: error: expected declaration specifiers or ‘...’ before ‘size_t’
 iobuf_get_page_aligned (struct iobuf_pool *iobuf_pool, size_t page_size,
                                                        ^
../../../../libglusterfs/src/iobuf.h:175:25: error: expected declaration specifiers or ‘...’ before ‘size_t’
                         size_t align_size);
                         ^
In file included from ../../../../rpc/rpc-lib/src/rpc-transport.h:61:0,
                 from dpdk.h:4,
                 from dpdk.c:5:
../../../../libglusterfs/src/dict.h:229:72: error: expected declaration specifiers or ‘...’ before ‘size_t’
 GF_MUST_CHECK int dict_set_dynptr (dict_t *this, char *key, void *ptr, size_t size);
                                                                        ^
../../../../libglusterfs/src/dict.h:232:69: error: expected declaration specifiers or ‘...’ before ‘size_t’
 GF_MUST_CHECK int dict_set_bin (dict_t *this, char *key, void *ptr, size_t size);
                                                                     ^
../../../../libglusterfs/src/dict.h:233:76: error: expected declaration specifiers or ‘...’ before ‘size_t’
 GF_MUST_CHECK int dict_set_static_bin (dict_t *this, char *key, void *ptr, size_t size);
                                                                            ^
../../../../libglusterfs/src/dict.h:256:58: error: expected declaration specifiers or ‘...’ before ‘size_t’
 dict_for_key_value (const char *name, const char *value, size_t size);
                                                          ^
In file included from ../../../../libglusterfs/src/event-history.h:15:0,
                 from ../../../../libglusterfs/src/xlator.h:18,
                 from ../../../../rpc/rpc-lib/src/rpcsvc-common.h:19,
                 from ../../../../rpc/rpc-lib/src/rpc-transport.h:63,
                 from dpdk.h:4,
                 from dpdk.c:5:
../../../../libglusterfs/src/circ-buff.h:31:9: error: expected specifier-qualifier-list before ‘size_t’
         size_t  size_buffer;
         ^
../../../../libglusterfs/src/circ-buff.h:54:16: error: expected declaration specifiers or ‘...’ before ‘size_t’
 cb_buffer_new (size_t buffer_size,gf_boolean_t use_buffer_once,
                ^
In file included from ../../../../libglusterfs/src/xlator.h:18:0,
                 from ../../../../rpc/rpc-lib/src/rpcsvc-common.h:19,
                 from ../../../../rpc/rpc-lib/src/rpc-transport.h:63,
                 from dpdk.h:4,
                 from dpdk.c:5:
../../../../libglusterfs/src/event-history.h:30:9: error: expected declaration specifiers or ‘...’ before ‘size_t’
 eh_new (size_t buffer_size, gf_boolean_t use_buffer_once,
         ^
In file included from ../../../../libglusterfs/src/gf-dirent.h:16:0,
                 from ../../../../libglusterfs/src/xlator.h:58,
                 from ../../../../rpc/rpc-lib/src/rpcsvc-common.h:19,
                 from ../../../../rpc/rpc-lib/src/rpc-transport.h:63,
                 from dpdk.h:4,
                 from dpdk.c:5:
../../../../libglusterfs/src/inode.h:39:9: error: expected specifier-qualifier-list before ‘size_t’
         size_t             hashsize;    /* bucket size of inode hash and dentry hash */
         ^
../../../../libglusterfs/src/inode.h:108:18: error: expected declaration specifiers or ‘...’ before ‘size_t’
 inode_table_new (size_t lru_limit, xlator_t *xl);
                  ^
In file included from ../../../../libglusterfs/src/stack.h:34:0,
                 from ../../../../libglusterfs/src/xlator.h:59,
                 from ../../../../rpc/rpc-lib/src/rpcsvc-common.h:19,
                 from ../../../../rpc/rpc-lib/src/rpc-transport.h:63,
                 from dpdk.h:4,
                 from dpdk.c:5:
../../../../libglusterfs/src/client_t.h:40:17: error: expected specifier-qualifier-list before ‘size_t’
                 size_t               len;
                 ^
In file included from ../../../../libglusterfs/src/xlator.h:59:0,
                 from ../../../../rpc/rpc-lib/src/rpcsvc-common.h:19,
                 from ../../../../rpc/rpc-lib/src/rpc-transport.h:63,
                 from dpdk.h:4,
                 from dpdk.c:5:
../../../../libglusterfs/src/stack.h: In function ‘call_stack_alloc_groups’:
../../../../libglusterfs/src/stack.h:453:23: warning: assignment makes pointer from integer without a cast [enabled by default]
   stack->groups_large = GF_CALLOC (sizeof (gid_t), ngrps,
                       ^
../../../../libglusterfs/src/stack.h: In function ‘copy_frame’:
../../../../libglusterfs/src/stack.h:521:9: warning: incompatible implicit declaration of built-in function ‘memcpy’ [enabled by default]
         memcpy (newstack->groups, oldstack->groups,
         ^
../../../../libglusterfs/src/stack.h:528:26: error: ‘glusterfs_ctx_t’ has no member named ‘measure_latency’
         if (newstack->ctx->measure_latency) {
                          ^
In file included from ../../../../libglusterfs/src/xlator.h:65:0,
                 from ../../../../rpc/rpc-lib/src/rpcsvc-common.h:19,
                 from ../../../../rpc/rpc-lib/src/rpc-transport.h:63,
                 from dpdk.h:4,
                 from dpdk.c:5:
../../../../libglusterfs/src/options.h: At top level:
../../../../libglusterfs/src/options.h:107:18: error: expected declaration specifiers or ‘...’ before ‘size_t’
 DECLARE_INIT_OPT(size_t, size);
                  ^
../../../../libglusterfs/src/options.h:100:28: note: in definition of macro ‘DECLARE_INIT_OPT’
                            type_t *val_p);
                            ^
../../../../libglusterfs/src/options.h:193:20: error: expected declaration specifiers or ‘...’ before ‘size_t’
 DECLARE_RECONF_OPT(size_t, size);
                    ^
../../../../libglusterfs/src/options.h:186:30: note: in definition of macro ‘DECLARE_RECONF_OPT’
                              type_t *val_p);
                              ^
In file included from ../../../../rpc/rpc-lib/src/rpcsvc-common.h:19:0,
                 from ../../../../rpc/rpc-lib/src/rpc-transport.h:63,
                 from dpdk.h:4,
                 from dpdk.c:5:
../../../../libglusterfs/src/xlator.h:501:36: error: expected declaration specifiers or ‘...’ before ‘size_t’
                                    size_t size, dict_t *xdata);
                                    ^
../../../../libglusterfs/src/xlator.h:550:33: error: expected declaration specifiers or ‘...’ before ‘size_t’
                                 size_t size,
                                 ^
../../../../libglusterfs/src/xlator.h:653:35: error: expected declaration specifiers or ‘...’ before ‘size_t’
                                   size_t size,
                                   ^
../../../../libglusterfs/src/xlator.h:659:36: error: expected declaration specifiers or ‘...’ before ‘size_t’
                                    size_t size,
                                    ^
../../../../libglusterfs/src/xlator.h:692:9: error: expected declaration specifiers or ‘...’ before ‘size_t’
         size_t len,
         ^
../../../../libglusterfs/src/xlator.h:699:7: error: expected declaration specifiers or ‘...’ before ‘size_t’
       size_t len,
       ^
../../../../libglusterfs/src/xlator.h:737:9: error: unknown type name ‘fop_readlink_t’
         fop_readlink_t       readlink;
         ^
../../../../libglusterfs/src/xlator.h:747:9: error: unknown type name ‘fop_readv_t’
         fop_readv_t          readv;
         ^
../../../../libglusterfs/src/xlator.h:752:9: error: unknown type name ‘fop_readdir_t’
         fop_readdir_t        readdir;
         ^
../../../../libglusterfs/src/xlator.h:753:9: error: unknown type name ‘fop_readdirp_t’
         fop_readdirp_t       readdirp;
         ^
../../../../libglusterfs/src/xlator.h:773:2: error: unknown type name ‘fop_fallocate_t’
  fop_fallocate_t      fallocate;
  ^
../../../../libglusterfs/src/xlator.h:774:2: error: unknown type name ‘fop_discard_t’
  fop_discard_t      discard;
  ^
In file included from dpdk.h:4:0,
                 from dpdk.c:5:
../../../../rpc/rpc-lib/src/rpc-transport.h:285:58: error: expected declaration specifiers or ‘...’ before ‘size_t’
                             struct sockaddr_storage *sa, size_t salen);
                                                          ^
../../../../rpc/rpc-lib/src/rpc-transport.h:292:56: error: expected declaration specifiers or ‘...’ before ‘size_t’
                           struct sockaddr_storage *sa, size_t salen);
                                                        ^
In file included from dpdk.h:10:0,
                 from dpdk.c:5:
../../../../mtcp/mtcp/include/mtcp_api.h:128:47: error: expected declaration specifiers or ‘...’ before ‘size_t’
 mtcp_read(mctx_t mctx, int sockid, char *buf, size_t len);
                                               ^
../../../../mtcp/mtcp/include/mtcp_api.h:131:47: error: expected declaration specifiers or ‘...’ before ‘size_t’
 mtcp_recv(mctx_t mctx, int sockid, char *buf, size_t len, int flags);
                                               ^
../../../../mtcp/mtcp/include/mtcp_api.h:138:54: error: expected declaration specifiers or ‘...’ before ‘size_t’
 mtcp_write(mctx_t mctx, int sockid, const char *buf, size_t len);
                                                      ^
In file included from dpdk.c:5:0:
dpdk.h:161:9: error: expected specifier-qualifier-list before ‘size_t’
         size_t               iobuf_size;
         ^
In file included from dpdk.c:8:0:
../../../../rpc/rpc-lib/src/xdr-rpc.h:40:32: error: expected declaration specifiers or ‘...’ before ‘size_t’
 xdr_to_rpc_call (char *msgbuf, size_t len, struct rpc_msg *call,
                                ^
../../../../rpc/rpc-lib/src/xdr-rpc.h:53:54: error: expected declaration specifiers or ‘...’ before ‘size_t’
 rpc_reply_to_xdr (struct rpc_msg *reply, char *dest, size_t len,
                                                      ^
In file included from /home/dcslab/pxw/glusterfs-3.9.1/mtcp/dpdk/include/rte_ethdev.h:175:0,
                 from dpdk.c:17:
/home/dcslab/pxw/glusterfs-3.9.1/mtcp/dpdk/include/rte_dev.h: In function ‘rte_pmd_debug_trace’:
/home/dcslab/pxw/glusterfs-3.9.1/mtcp/dpdk/include/rte_dev.h:62:2: error: implicit declaration of function ‘vsnprintf’ [-Werror=implicit-function-declaration]
  char buffer[vsnprintf(NULL, 0, fmt, ap) + 1];
  ^
In file included from /usr/lib/gcc/x86_64-linux-gnu/4.8/include/xmmintrin.h:38:0,
                 from /usr/lib/gcc/x86_64-linux-gnu/4.8/include/emmintrin.h:35,
                 from /home/dcslab/pxw/glusterfs-3.9.1/mtcp/dpdk/include/rte_common.h:298,
                 from /home/dcslab/pxw/glusterfs-3.9.1/mtcp/dpdk/include/rte_interrupts.h:37,
                 from /home/dcslab/pxw/glusterfs-3.9.1/mtcp/dpdk/include/rte_ethdev.h:181,
                 from dpdk.c:17:
/usr/lib/gcc/x86_64-linux-gnu/4.8/include/mm_malloc.h: At top level:
/usr/lib/gcc/x86_64-linux-gnu/4.8/include/mm_malloc.h:32:37: error: expected declaration specifiers or ‘...’ before ‘size_t’
 extern int posix_memalign (void **, size_t, size_t);
                                     ^
/usr/lib/gcc/x86_64-linux-gnu/4.8/include/mm_malloc.h:32:45: error: expected declaration specifiers or ‘...’ before ‘size_t’
 extern int posix_memalign (void **, size_t, size_t);
                                             ^
/usr/lib/gcc/x86_64-linux-gnu/4.8/include/mm_malloc.h:38:13: error: expected declaration specifiers or ‘...’ before ‘size_t’
 _mm_malloc (size_t size, size_t alignment)
             ^
/usr/lib/gcc/x86_64-linux-gnu/4.8/include/mm_malloc.h:38:26: error: expected declaration specifiers or ‘...’ before ‘size_t’
 _mm_malloc (size_t size, size_t alignment)
                          ^
In file included from /home/dcslab/pxw/glusterfs-3.9.1/mtcp/dpdk/include/rte_ethdev.h:182:0,
                 from dpdk.c:17:
/home/dcslab/pxw/glusterfs-3.9.1/mtcp/dpdk/include/rte_pci.h:319:21: error: expected declaration specifiers or ‘...’ before ‘size_t’
       char *output, size_t size)
                     ^
/home/dcslab/pxw/glusterfs-3.9.1/mtcp/dpdk/include/rte_pci.h:429:3: error: expected declaration specifiers or ‘...’ before ‘size_t’
   size_t size, int additional_flags);
   ^
/home/dcslab/pxw/glusterfs-3.9.1/mtcp/dpdk/include/rte_pci.h:440:47: error: expected declaration specifiers or ‘...’ before ‘size_t’
 void pci_unmap_resource(void *requested_addr, size_t size);
                                               ^
/home/dcslab/pxw/glusterfs-3.9.1/mtcp/dpdk/include/rte_pci.h:522:19: error: expected declaration specifiers or ‘...’ before ‘size_t’
        void *buf, size_t len, off_t offset);
                   ^
/home/dcslab/pxw/glusterfs-3.9.1/mtcp/dpdk/include/rte_pci.h:538:26: error: expected declaration specifiers or ‘...’ before ‘size_t’
         const void *buf, size_t len, off_t offset);
                          ^
/home/dcslab/pxw/glusterfs-3.9.1/mtcp/dpdk/include/rte_pci.h:592:21: error: expected declaration specifiers or ‘...’ before ‘size_t’
         void *data, size_t len, off_t offset);
                     ^
/home/dcslab/pxw/glusterfs-3.9.1/mtcp/dpdk/include/rte_pci.h:607:28: error: expected declaration specifiers or ‘...’ before ‘size_t’
          const void *data, size_t len, off_t offset);
                            ^
In file included from /home/dcslab/pxw/glusterfs-3.9.1/mtcp/dpdk/include/rte_ether.h:50:0,
                 from /home/dcslab/pxw/glusterfs-3.9.1/mtcp/dpdk/include/rte_ethdev.h:185,
                 from dpdk.c:17:
/home/dcslab/pxw/glusterfs-3.9.1/mtcp/dpdk/include/rte_memcpy.h:68:40: error: expected declaration specifiers or ‘...’ before ‘size_t’
 rte_memcpy(void *dst, const void *src, size_t n) __attribute__((always_inline));
                                        ^
/home/dcslab/pxw/glusterfs-3.9.1/mtcp/dpdk/include/rte_memcpy.h:680:40: error: expected declaration specifiers or ‘...’ before ‘size_t’
 rte_memcpy(void *dst, const void *src, size_t n)
                                        ^
In file included from /home/dcslab/pxw/glusterfs-3.9.1/mtcp/dpdk/include/rte_mempool.h:74:0,
                 from /home/dcslab/pxw/glusterfs-3.9.1/mtcp/dpdk/include/rte_mbuf.h:58,
                 from /home/dcslab/pxw/glusterfs-3.9.1/mtcp/dpdk/include/rte_ether.h:52,
                 from /home/dcslab/pxw/glusterfs-3.9.1/mtcp/dpdk/include/rte_ethdev.h:185,
                 from dpdk.c:17:
/home/dcslab/pxw/glusterfs-3.9.1/mtcp/dpdk/include/rte_memory.h:114:2: error: expected specifier-qualifier-list before ‘size_t’
  size_t len;               /**< Length of the segment. */
  ^
In file included from /home/dcslab/pxw/glusterfs-3.9.1/mtcp/dpdk/include/rte_ring.h:103:0,
                 from /home/dcslab/pxw/glusterfs-3.9.1/mtcp/dpdk/include/rte_mempool.h:76,
                 from /home/dcslab/pxw/glusterfs-3.9.1/mtcp/dpdk/include/rte_mbuf.h:58,
                 from /home/dcslab/pxw/glusterfs-3.9.1/mtcp/dpdk/include/rte_ether.h:52,
                 from /home/dcslab/pxw/glusterfs-3.9.1/mtcp/dpdk/include/rte_ethdev.h:185,
                 from dpdk.c:17:
/home/dcslab/pxw/glusterfs-3.9.1/mtcp/dpdk/include/rte_memzone.h:87:2: error: expected specifier-qualifier-list before ‘size_t’
  size_t len;                       /**< Length of the memzone. */
  ^
/home/dcslab/pxw/glusterfs-3.9.1/mtcp/dpdk/include/rte_memzone.h:142:12: error: expected declaration specifiers or ‘...’ before ‘size_t’
            size_t len, int socket_id,
            ^
/home/dcslab/pxw/glusterfs-3.9.1/mtcp/dpdk/include/rte_memzone.h:194:4: error: expected declaration specifiers or ‘...’ before ‘size_t’
    size_t len, int socket_id,
    ^
/home/dcslab/pxw/glusterfs-3.9.1/mtcp/dpdk/include/rte_memzone.h:252:4: error: expected declaration specifiers or ‘...’ before ‘size_t’
    size_t len, int socket_id,
    ^
In file included from /home/dcslab/pxw/glusterfs-3.9.1/mtcp/dpdk/include/rte_mbuf.h:58:0,
                 from /home/dcslab/pxw/glusterfs-3.9.1/mtcp/dpdk/include/rte_ether.h:52,
                 from /home/dcslab/pxw/glusterfs-3.9.1/mtcp/dpdk/include/rte_ethdev.h:185,
                 from dpdk.c:17:
/home/dcslab/pxw/glusterfs-3.9.1/mtcp/dpdk/include/rte_mempool.h:205:2: error: expected specifier-qualifier-list before ‘size_t’
  size_t len;              /**< length of the chunk */
  ^
/home/dcslab/pxw/glusterfs-3.9.1/mtcp/dpdk/include/rte_mempool.h:823:21: error: expected declaration specifiers or ‘...’ before ‘size_t’
  phys_addr_t paddr, size_t len, rte_mempool_memchunk_free_cb_t *free_cb,
                     ^
/home/dcslab/pxw/glusterfs-3.9.1/mtcp/dpdk/include/rte_mempool.h:883:2: error: expected declaration specifiers or ‘...’ before ‘size_t’
  size_t len, size_t pg_sz, rte_mempool_memchunk_free_cb_t *free_cb,
  ^
/home/dcslab/pxw/glusterfs-3.9.1/mtcp/dpdk/include/rte_mempool.h:883:14: error: expected declaration specifiers or ‘...’ before ‘size_t’
  size_t len, size_t pg_sz, rte_mempool_memchunk_free_cb_t *free_cb,
              ^
/home/dcslab/pxw/glusterfs-3.9.1/mtcp/dpdk/include/rte_mempool.h: In function ‘__mempool_generic_put’:
/home/dcslab/pxw/glusterfs-3.9.1/mtcp/dpdk/include/rte_mempool.h:1068:2: error: implicit declaration of function ‘rte_memcpy’ [-Werror=implicit-function-declaration]
  rte_memcpy(&cache_objs[0], obj_table, sizeof(void *) * n);
  ^
/home/dcslab/pxw/glusterfs-3.9.1/mtcp/dpdk/include/rte_mempool.h: At top level:
/home/dcslab/pxw/glusterfs-3.9.1/mtcp/dpdk/include/rte_mempool.h:1720:1: error: unknown type name ‘size_t’
 size_t rte_mempool_xmem_size(uint32_t elt_num, size_t total_elt_sz,
 ^
/home/dcslab/pxw/glusterfs-3.9.1/mtcp/dpdk/include/rte_mempool.h:1720:48: error: expected declaration specifiers or ‘...’ before ‘size_t’
 size_t rte_mempool_xmem_size(uint32_t elt_num, size_t total_elt_sz,
                                                ^
/home/dcslab/pxw/glusterfs-3.9.1/mtcp/dpdk/include/rte_mempool.h:1751:2: error: expected declaration specifiers or ‘...’ before ‘size_t’
  size_t total_elt_sz, const phys_addr_t paddr[], uint32_t pg_num,
  ^
In file included from /home/dcslab/pxw/glusterfs-3.9.1/mtcp/dpdk/include/rte_mbuf.h:63:0,
                 from /home/dcslab/pxw/glusterfs-3.9.1/mtcp/dpdk/include/rte_ether.h:52,
                 from /home/dcslab/pxw/glusterfs-3.9.1/mtcp/dpdk/include/rte_ethdev.h:185,
                 from dpdk.c:17:
/home/dcslab/pxw/glusterfs-3.9.1/mtcp/dpdk/include/rte_mbuf_ptype.h:662:51: error: expected declaration specifiers or ‘...’ before ‘size_t’
 int rte_get_ptype_name(uint32_t ptype, char *buf, size_t buflen);
                                                   ^
In file included from /home/dcslab/pxw/glusterfs-3.9.1/mtcp/dpdk/include/rte_ether.h:52:0,
                 from /home/dcslab/pxw/glusterfs-3.9.1/mtcp/dpdk/include/rte_ethdev.h:185,
                 from dpdk.c:17:
/home/dcslab/pxw/glusterfs-3.9.1/mtcp/dpdk/include/rte_mbuf.h:318:55: error: expected declaration specifiers or ‘...’ before ‘size_t’
 int rte_get_rx_ol_flag_list(uint64_t mask, char *buf, size_t buflen);
                                                       ^
/home/dcslab/pxw/glusterfs-3.9.1/mtcp/dpdk/include/rte_mbuf.h:344:55: error: expected declaration specifiers or ‘...’ before ‘size_t’
 int rte_get_tx_ol_flag_list(uint64_t mask, char *buf, size_t buflen);
                                                       ^
In file included from /home/dcslab/pxw/glusterfs-3.9.1/mtcp/dpdk/include/rte_ethdev.h:185:0,
                 from dpdk.c:17:
/home/dcslab/pxw/glusterfs-3.9.1/mtcp/dpdk/include/rte_ether.h: In function ‘ether_format_addr’:
/home/dcslab/pxw/glusterfs-3.9.1/mtcp/dpdk/include/rte_ether.h:287:2: error: implicit declaration of function ‘snprintf’ [-Werror=implicit-function-declaration]
  snprintf(buf, size, "%02X:%02X:%02X:%02X:%02X:%02X",
  ^
/home/dcslab/pxw/glusterfs-3.9.1/mtcp/dpdk/include/rte_ether.h:287:2: warning: incompatible implicit declaration of built-in function ‘snprintf’ [enabled by default]
/home/dcslab/pxw/glusterfs-3.9.1/mtcp/dpdk/include/rte_ether.h: In function ‘rte_vlan_strip’:
/home/dcslab/pxw/glusterfs-3.9.1/mtcp/dpdk/include/rte_ether.h:364:2: error: implicit declaration of function ‘memmove’ [-Werror=implicit-function-declaration]
  memmove(rte_pktmbuf_adj(m, sizeof(struct vlan_hdr)),
  ^
/home/dcslab/pxw/glusterfs-3.9.1/mtcp/dpdk/include/rte_ether.h:364:2: warning: incompatible implicit declaration of built-in function ‘memmove’ [enabled by default]
/home/dcslab/pxw/glusterfs-3.9.1/mtcp/dpdk/include/rte_ether.h: In function ‘rte_vlan_insert’:
/home/dcslab/pxw/glusterfs-3.9.1/mtcp/dpdk/include/rte_ether.h:404:2: warning: incompatible implicit declaration of built-in function ‘memmove’ [enabled by default]
  memmove(nh, oh, 2 * ETHER_ADDR_LEN);
  ^
In file included from dpdk.c:17:0:
/home/dcslab/pxw/glusterfs-3.9.1/mtcp/dpdk/include/rte_ethdev.h: At top level:
/home/dcslab/pxw/glusterfs-3.9.1/mtcp/dpdk/include/rte_ethdev.h:4288:24: error: expected declaration specifiers or ‘...’ before ‘size_t’
     uint16_t queue_id, size_t size,
                        ^
dpdk.c:63:1: error: expected ‘;’, identifier or ‘(’ before ‘struct’
 struct dpdk_client_args
 ^
In file included from dpdk.c:74:0:
../../../../rpc/rpc-lib/src/rpcsvc.h:224:9: error: expected specifier-qualifier-list before ‘size_t’
         size_t                  payloadsize;
         ^
dpdk.c:86:4: error: expected declaration specifiers or ‘...’ before ‘size_t’
    size_t *bytes, int write);
    ^
dpdk.c: In function ‘dpdk_reset’:
dpdk.c:262:27: error: ‘struct gf_dpdk_incoming’ has no member named ‘iobref’
         if (priv->incoming.iobref) {
                           ^
dpdk.c:263:45: error: ‘struct gf_dpdk_incoming’ has no member named ‘iobref’
                 iobref_unref (priv->incoming.iobref);
                                             ^
dpdk.c:264:31: error: ‘struct gf_dpdk_incoming’ has no member named ‘iobref’
                 priv->incoming.iobref = NULL;
                               ^
In file included from ../../../../libglusterfs/src/common-utils.h:42:0,
                 from ../../../../libglusterfs/src/iobuf.h:15,
                 from dpdk.c:3:
dpdk.c:272:32: error: ‘struct gf_dpdk_incoming’ has no member named ‘request_info’
         GF_FREE (priv->incoming.request_info);
                                ^
../../../../libglusterfs/src/mem-pool.h:157:38: note: in definition of macro ‘GF_FREE’
 #define GF_FREE(free_ptr) __gf_free (free_ptr)
                                      ^
dpdk.c:274:9: error: implicit declaration of function ‘memset’ [-Werror=implicit-function-declaration]
         memset (&priv->incoming, 0, sizeof (priv->incoming));
         ^
dpdk.c:274:9: warning: incompatible implicit declaration of built-in function ‘memset’ [enabled by default]
dpdk.c: In function ‘dpdk_set_frag_header_size’:
dpdk.c:297:9: warning: incompatible implicit declaration of built-in function ‘memcpy’ [enabled by default]
         memcpy (haddr, &size, sizeof (size));
         ^
dpdk.c: In function ‘dpdk_ioq_new’:
dpdk.c:318:15: warning: assignment makes pointer from integer without a cast [enabled by default]
         entry = GF_CALLOC (1, sizeof (*entry), gf_common_mt_ioq);//利用开始分配的内存池
               ^
dpdk.c:341:25: error: ‘struct iovec’ has no member named ‘iov_len’
         entry->vector[0].iov_len = sizeof (entry->fraghdr);
                         ^
dpdk.c:346:17: warning: incompatible implicit declaration of built-in function ‘memcpy’ [enabled by default]
                 memcpy (&entry->vector[1], msg->rpchdr,
                 ^
dpdk.c:352:17: warning: incompatible implicit declaration of built-in function ‘memcpy’ [enabled by default]
                 memcpy (&entry->vector[entry->count], msg->proghdr,
                 ^
dpdk.c:358:17: warning: incompatible implicit declaration of built-in function ‘memcpy’ [enabled by default]
                 memcpy (&entry->vector[entry->count], msg->progpayload,
                 ^
dpdk.c: In function ‘dpdk_ioq_churn_entry’:
dpdk.c:409:9: error: implicit declaration of function ‘dpdk_rwv’ [-Werror=implicit-function-declaration]
         ret = dpdk_rwv (ctx, this, entry->pending_vector, //待发送数据已经封装好了
         ^
In file included from dpdk.h:4:0,
                 from dpdk.c:5:
dpdk.c: In function ‘dpdk_read_accepted_successful_reply’:
dpdk.c:152:54: error: ‘struct gf_dpdk_incoming’ has no member named ‘fraghdr’
             remaining = (RPC_FRAGSIZE (priv->incoming.fraghdr)          \
                                                      ^
../../../../rpc/rpc-lib/src/rpc-transport.h:44:43: note: in definition of macro ‘RPC_FRAGSIZE’
 #define RPC_FRAGSIZE(fraghdr) ((uint32_t)(fraghdr & 0x7fffffffU))
                                           ^
dpdk.c:477:17: note: in expansion of macro ‘dpdk_proto_init_pending’
                 dpdk_proto_init_pending (ctx, priv, default_read_size);
                 ^
dpdk.c:99:17: warning: incompatible implicit declaration of built-in function ‘memset’ [enabled by default]
                 memset (&frag->vector, 0, sizeof (frag->vector));       \
                 ^
dpdk.c:155:13: note: in expansion of macro ‘dpdk_proto_reset_pending’
             dpdk_proto_reset_pending (ctx, priv);                        \
             ^
dpdk.c:477:17: note: in expansion of macro ‘dpdk_proto_init_pending’
                 dpdk_proto_init_pending (ctx, priv, default_read_size);
                 ^
dpdk.c:102:31: error: ‘struct gf_dpdk_incoming’ has no member named ‘pending_vector’
                 priv->incoming.pending_vector =  frag->pending_vector;  \
                               ^
dpdk.c:155:13: note: in expansion of macro ‘dpdk_proto_reset_pending’
             dpdk_proto_reset_pending (ctx, priv);                        \
             ^
dpdk.c:477:17: note: in expansion of macro ‘dpdk_proto_init_pending’
                 dpdk_proto_init_pending (ctx, priv, default_read_size);
                 ^
dpdk.c:157:33: error: ‘struct iovec’ has no member named ‘iov_len’
             frag->pending_vector->iov_len =                             \
                                 ^
dpdk.c:477:17: note: in expansion of macro ‘dpdk_proto_init_pending’
                 dpdk_proto_init_pending (ctx, priv, default_read_size);
                 ^
dpdk.c:160:64: error: ‘struct iovec’ has no member named ‘iov_len’
             frag->remaining_size = (size - frag->pending_vector->iov_len); \
                                                                ^
dpdk.c:477:17: note: in expansion of macro ‘dpdk_proto_init_pending’
                 dpdk_proto_init_pending (ctx, priv, default_read_size);
                 ^
dpdk.c:171:17: warning: statement with no effect [-Wunused-value]
                 size_t bytes_read = 0;                                  \
                 ^
dpdk.c:485:17: note: in expansion of macro ‘dpdk_proto_read’
                 dpdk_proto_read (ctx, priv, ret);
                 ^
dpdk.c:171:24: error: expected ‘;’ before ‘bytes_read’
                 size_t bytes_read = 0;                                  \
                        ^
dpdk.c:485:17: note: in expansion of macro ‘dpdk_proto_read’
                 dpdk_proto_read (ctx, priv, ret);
                 ^
dpdk.c:111:41: error: ‘struct iovec’ has no member named ‘iov_len’
                 if (frag->pending_vector->iov_len == 0) {               \
                                         ^
dpdk.c:175:17: note: in expansion of macro ‘dpdk_proto_update_pending’
                 dpdk_proto_update_pending (ctx, priv);                   \
                 ^
dpdk.c:485:17: note: in expansion of macro ‘dpdk_proto_read’
                 dpdk_proto_read (ctx, priv, ret);
                 ^
In file included from dpdk.h:4:0,
                 from dpdk.c:5:
dpdk.c:112:66: error: ‘struct gf_dpdk_incoming’ has no member named ‘fraghdr’
                         remaining = (RPC_FRAGSIZE (priv->incoming.fraghdr) \
                                                                  ^
../../../../rpc/rpc-lib/src/rpc-transport.h:44:43: note: in definition of macro ‘RPC_FRAGSIZE’
 #define RPC_FRAGSIZE(fraghdr) ((uint32_t)(fraghdr & 0x7fffffffU))
                                           ^
dpdk.c:175:17: note: in expansion of macro ‘dpdk_proto_update_pending’
                 dpdk_proto_update_pending (ctx, priv);                   \
                 ^
dpdk.c:485:17: note: in expansion of macro ‘dpdk_proto_read’
                 dpdk_proto_read (ctx, priv, ret);
                 ^
dpdk.c:115:45: error: ‘struct iovec’ has no member named ‘iov_len’
                         frag->pending_vector->iov_len =                 \
                                             ^
dpdk.c:175:17: note: in expansion of macro ‘dpdk_proto_update_pending’
                 dpdk_proto_update_pending (ctx, priv);                   \
                 ^
dpdk.c:485:17: note: in expansion of macro ‘dpdk_proto_read’
                 dpdk_proto_read (ctx, priv, ret);
                 ^
dpdk.c:120:53: error: ‘struct iovec’ has no member named ‘iov_len’
                                 frag->pending_vector->iov_len;          \
                                                     ^
dpdk.c:175:17: note: in expansion of macro ‘dpdk_proto_update_pending’
                 dpdk_proto_update_pending (ctx, priv);                   \
                 ^
dpdk.c:485:17: note: in expansion of macro ‘dpdk_proto_read’
                 dpdk_proto_read (ctx, priv, ret);
                 ^
dpdk.c:178:41: error: ‘struct gf_dpdk_incoming’ has no member named ‘pending_vector’
                                       in->pending_vector, 1,            \
                                         ^
dpdk.c:485:17: note: in expansion of macro ‘dpdk_proto_read’
                 dpdk_proto_read (ctx, priv, ret);
                 ^
dpdk.c:179:42: error: ‘struct gf_dpdk_incoming’ has no member named ‘pending_vector’
                                       &in->pending_vector,              \
                                          ^
dpdk.c:485:17: note: in expansion of macro ‘dpdk_proto_read’
                 dpdk_proto_read (ctx, priv, ret);
                 ^
dpdk.c:180:42: error: ‘struct gf_dpdk_incoming’ has no member named ‘pending_count’
                                       &in->pending_count,               \
                                          ^
dpdk.c:485:17: note: in expansion of macro ‘dpdk_proto_read’
                 dpdk_proto_read (ctx, priv, ret);
                 ^
dpdk.c:181:40: error: ‘bytes_read’ undeclared (first use in this function)
                                       &bytes_read, 0);                     \
                                        ^
dpdk.c:485:17: note: in expansion of macro ‘dpdk_proto_read’
                 dpdk_proto_read (ctx, priv, ret);
                 ^
dpdk.c:99:17: warning: incompatible implicit declaration of built-in function ‘memset’ [enabled by default]
                 memset (&frag->vector, 0, sizeof (frag->vector));       \
                 ^
dpdk.c:135:33: note: in expansion of macro ‘dpdk_proto_reset_pending’
                                 dpdk_proto_reset_pending (ctx, priv);    \
                                 ^
dpdk.c:184:17: note: in expansion of macro ‘dpdk_proto_update_priv_after_read’
                 dpdk_proto_update_priv_after_read (ctx, priv, ret, bytes_read); \
                 ^
dpdk.c:485:17: note: in expansion of macro ‘dpdk_proto_read’
                 dpdk_proto_read (ctx, priv, ret);
                 ^
dpdk.c:102:31: error: ‘struct gf_dpdk_incoming’ has no member named ‘pending_vector’
                 priv->incoming.pending_vector =  frag->pending_vector;  \
                               ^
dpdk.c:135:33: note: in expansion of macro ‘dpdk_proto_reset_pending’
                                 dpdk_proto_reset_pending (ctx, priv);    \
                                 ^
dpdk.c:184:17: note: in expansion of macro ‘dpdk_proto_update_priv_after_read’
                 dpdk_proto_update_priv_after_read (ctx, priv, ret, bytes_read); \
                 ^
dpdk.c:485:17: note: in expansion of macro ‘dpdk_proto_read’
                 dpdk_proto_read (ctx, priv, ret);
                 ^
In file included from dpdk.h:4:0,
                 from dpdk.c:5:
dpdk.c:152:54: error: ‘struct gf_dpdk_incoming’ has no member named ‘fraghdr’
             remaining = (RPC_FRAGSIZE (priv->incoming.fraghdr)          \
                                                      ^
../../../../rpc/rpc-lib/src/rpc-transport.h:44:43: note: in definition of macro ‘RPC_FRAGSIZE’
 #define RPC_FRAGSIZE(fraghdr) ((uint32_t)(fraghdr & 0x7fffffffU))
                                           ^
dpdk.c:508:17: note: in expansion of macro ‘dpdk_proto_init_pending’
                 dpdk_proto_init_pending (ctx, priv, size);
                 ^
dpdk.c:99:17: warning: incompatible implicit declaration of built-in function ‘memset’ [enabled by default]
                 memset (&frag->vector, 0, sizeof (frag->vector));       \
                 ^
dpdk.c:155:13: note: in expansion of macro ‘dpdk_proto_reset_pending’
             dpdk_proto_reset_pending (ctx, priv);                        \
             ^
dpdk.c:508:17: note: in expansion of macro ‘dpdk_proto_init_pending’
                 dpdk_proto_init_pending (ctx, priv, size);
                 ^
dpdk.c:102:31: error: ‘struct gf_dpdk_incoming’ has no member named ‘pending_vector’
                 priv->incoming.pending_vector =  frag->pending_vector;  \
                               ^
dpdk.c:155:13: note: in expansion of macro ‘dpdk_proto_reset_pending’
             dpdk_proto_reset_pending (ctx, priv);                        \
             ^
dpdk.c:508:17: note: in expansion of macro ‘dpdk_proto_init_pending’
                 dpdk_proto_init_pending (ctx, priv, size);
                 ^
dpdk.c:157:33: error: ‘struct iovec’ has no member named ‘iov_len’
             frag->pending_vector->iov_len =                             \
                                 ^
dpdk.c:508:17: note: in expansion of macro ‘dpdk_proto_init_pending’
                 dpdk_proto_init_pending (ctx, priv, size);
                 ^
dpdk.c:160:64: error: ‘struct iovec’ has no member named ‘iov_len’
             frag->remaining_size = (size - frag->pending_vector->iov_len); \
                                                                ^
dpdk.c:508:17: note: in expansion of macro ‘dpdk_proto_init_pending’
                 dpdk_proto_init_pending (ctx, priv, size);
                 ^
dpdk.c:171:17: warning: statement with no effect [-Wunused-value]
                 size_t bytes_read = 0;                                  \
                 ^
dpdk.c:514:17: note: in expansion of macro ‘dpdk_proto_read’
                 dpdk_proto_read (ctx, priv, ret);
                 ^
dpdk.c:171:24: error: expected ‘;’ before ‘bytes_read’
                 size_t bytes_read = 0;                                  \
                        ^
dpdk.c:514:17: note: in expansion of macro ‘dpdk_proto_read’
                 dpdk_proto_read (ctx, priv, ret);
                 ^
dpdk.c:111:41: error: ‘struct iovec’ has no member named ‘iov_len’
                 if (frag->pending_vector->iov_len == 0) {               \
                                         ^
dpdk.c:175:17: note: in expansion of macro ‘dpdk_proto_update_pending’
                 dpdk_proto_update_pending (ctx, priv);                   \
                 ^
dpdk.c:514:17: note: in expansion of macro ‘dpdk_proto_read’
                 dpdk_proto_read (ctx, priv, ret);
                 ^
In file included from dpdk.h:4:0,
                 from dpdk.c:5:
dpdk.c:112:66: error: ‘struct gf_dpdk_incoming’ has no member named ‘fraghdr’
                         remaining = (RPC_FRAGSIZE (priv->incoming.fraghdr) \
                                                                  ^
../../../../rpc/rpc-lib/src/rpc-transport.h:44:43: note: in definition of macro ‘RPC_FRAGSIZE’
 #define RPC_FRAGSIZE(fraghdr) ((uint32_t)(fraghdr & 0x7fffffffU))
                                           ^
dpdk.c:175:17: note: in expansion of macro ‘dpdk_proto_update_pending’
                 dpdk_proto_update_pending (ctx, priv);                   \
                 ^
dpdk.c:514:17: note: in expansion of macro ‘dpdk_proto_read’
                 dpdk_proto_read (ctx, priv, ret);
                 ^
dpdk.c:115:45: error: ‘struct iovec’ has no member named ‘iov_len’
                         frag->pending_vector->iov_len =                 \
                                             ^
dpdk.c:175:17: note: in expansion of macro ‘dpdk_proto_update_pending’
                 dpdk_proto_update_pending (ctx, priv);                   \
                 ^
dpdk.c:514:17: note: in expansion of macro ‘dpdk_proto_read’
                 dpdk_proto_read (ctx, priv, ret);
                 ^
dpdk.c:120:53: error: ‘struct iovec’ has no member named ‘iov_len’
                                 frag->pending_vector->iov_len;          \
                                                     ^
dpdk.c:175:17: note: in expansion of macro ‘dpdk_proto_update_pending’
                 dpdk_proto_update_pending (ctx, priv);                   \
                 ^
dpdk.c:514:17: note: in expansion of macro ‘dpdk_proto_read’
                 dpdk_proto_read (ctx, priv, ret);
                 ^
dpdk.c:178:41: error: ‘struct gf_dpdk_incoming’ has no member named ‘pending_vector’
                                       in->pending_vector, 1,            \
                                         ^
dpdk.c:514:17: note: in expansion of macro ‘dpdk_proto_read’
                 dpdk_proto_read (ctx, priv, ret);
                 ^
dpdk.c:179:42: error: ‘struct gf_dpdk_incoming’ has no member named ‘pending_vector’
                                       &in->pending_vector,              \
                                          ^
dpdk.c:514:17: note: in expansion of macro ‘dpdk_proto_read’
                 dpdk_proto_read (ctx, priv, ret);
                 ^
dpdk.c:180:42: error: ‘struct gf_dpdk_incoming’ has no member named ‘pending_count’
                                       &in->pending_count,               \
                                          ^
dpdk.c:514:17: note: in expansion of macro ‘dpdk_proto_read’
                 dpdk_proto_read (ctx, priv, ret);
                 ^
dpdk.c:99:17: warning: incompatible implicit declaration of built-in function ‘memset’ [enabled by default]
                 memset (&frag->vector, 0, sizeof (frag->vector));       \
                 ^
dpdk.c:135:33: note: in expansion of macro ‘dpdk_proto_reset_pending’
                                 dpdk_proto_reset_pending (ctx, priv);    \
                                 ^
dpdk.c:184:17: note: in expansion of macro ‘dpdk_proto_update_priv_after_read’
                 dpdk_proto_update_priv_after_read (ctx, priv, ret, bytes_read); \
                 ^
dpdk.c:514:17: note: in expansion of macro ‘dpdk_proto_read’
                 dpdk_proto_read (ctx, priv, ret);
                 ^
dpdk.c:102:31: error: ‘struct gf_dpdk_incoming’ has no member named ‘pending_vector’
                 priv->incoming.pending_vector =  frag->pending_vector;  \
                               ^
dpdk.c:135:33: note: in expansion of macro ‘dpdk_proto_reset_pending’
                                 dpdk_proto_reset_pending (ctx, priv);    \
                                 ^
dpdk.c:184:17: note: in expansion of macro ‘dpdk_proto_update_priv_after_read’
                 dpdk_proto_update_priv_after_read (ctx, priv, ret, bytes_read); \
                 ^
dpdk.c:514:17: note: in expansion of macro ‘dpdk_proto_read’
                 dpdk_proto_read (ctx, priv, ret);
                 ^
dpdk.c:521:23: error: ‘struct gf_dpdk_incoming’ has no member named ‘payload_vector’
                 if (in->payload_vector.iov_base == NULL) {
                       ^
In file included from dpdk.h:4:0,
                 from dpdk.c:5:
dpdk.c:523:49: error: ‘struct gf_dpdk_incoming’ has no member named ‘fraghdr’
                         size = (RPC_FRAGSIZE (in->fraghdr) - frag->bytes_read);
                                                 ^
../../../../rpc/rpc-lib/src/rpc-transport.h:44:43: note: in definition of macro ‘RPC_FRAGSIZE’
 #define RPC_FRAGSIZE(fraghdr) ((uint32_t)(fraghdr & 0x7fffffffU))
                                           ^
dpdk.c:525:25: error: implicit declaration of function ‘iobuf_get2’ [-Werror=implicit-function-declaration]
                         iobuf = iobuf_get2 (this->ctx->iobuf_pool, size);
                         ^
dpdk.c:525:31: warning: assignment makes pointer from integer without a cast [enabled by default]
                         iobuf = iobuf_get2 (this->ctx->iobuf_pool, size);
                               ^
dpdk.c:531:31: error: ‘struct gf_dpdk_incoming’ has no member named ‘iobref’
                         if (in->iobref == NULL) {
                               ^
dpdk.c:532:35: error: ‘struct gf_dpdk_incoming’ has no member named ‘iobref’
                                 in->iobref = iobref_new ();
                                   ^
dpdk.c:533:39: error: ‘struct gf_dpdk_incoming’ has no member named ‘iobref’
                                 if (in->iobref == NULL) {
                                       ^
dpdk.c:540:39: error: ‘struct gf_dpdk_incoming’ has no member named ‘iobref’
                         iobref_add (in->iobref, iobuf);
                                       ^
dpdk.c:543:27: error: ‘struct gf_dpdk_incoming’ has no member named ‘payload_vector’
                         in->payload_vector.iov_base = iobuf_ptr (iobuf);
                           ^
dpdk.c:545:27: error: ‘struct gf_dpdk_incoming’ has no member named ‘payload_vector’
                         in->payload_vector.iov_len = size;
                           ^
dpdk.c:548:39: error: ‘struct gf_dpdk_incoming’ has no member named ‘payload_vector’
                 frag->fragcurrent = in->payload_vector.iov_base;
                                       ^
In file included from dpdk.h:4:0,
                 from dpdk.c:5:
dpdk.c:559:55: error: ‘struct gf_dpdk_incoming’ has no member named ‘fraghdr’
                     || ((ret == 0) && RPC_LASTFRAG (in->fraghdr))) {
                                                       ^
../../../../rpc/rpc-lib/src/rpc-transport.h:39:43: note: in definition of macro ‘RPC_LASTFRAG’
 #define RPC_LASTFRAG(fraghdr) ((uint32_t)(fraghdr & 0x80000000U))
                                           ^
dpdk.c: In function ‘dpdk_read_accepted_reply’:
dpdk.c:152:54: error: ‘struct gf_dpdk_incoming’ has no member named ‘fraghdr’
             remaining = (RPC_FRAGSIZE (priv->incoming.fraghdr)          \
                                                      ^
../../../../rpc/rpc-lib/src/rpc-transport.h:44:43: note: in definition of macro ‘RPC_FRAGSIZE’
 #define RPC_FRAGSIZE(fraghdr) ((uint32_t)(fraghdr & 0x7fffffffU))
                                           ^
dpdk.c:594:17: note: in expansion of macro ‘dpdk_proto_init_pending’
                 dpdk_proto_init_pending (ctx, priv,
                 ^
dpdk.c:99:17: warning: incompatible implicit declaration of built-in function ‘memset’ [enabled by default]
                 memset (&frag->vector, 0, sizeof (frag->vector));       \
                 ^
dpdk.c:155:13: note: in expansion of macro ‘dpdk_proto_reset_pending’
             dpdk_proto_reset_pending (ctx, priv);                        \
             ^
dpdk.c:594:17: note: in expansion of macro ‘dpdk_proto_init_pending’
                 dpdk_proto_init_pending (ctx, priv,
                 ^
dpdk.c:102:31: error: ‘struct gf_dpdk_incoming’ has no member named ‘pending_vector’
                 priv->incoming.pending_vector =  frag->pending_vector;  \
                               ^
dpdk.c:155:13: note: in expansion of macro ‘dpdk_proto_reset_pending’
             dpdk_proto_reset_pending (ctx, priv);                        \
             ^
dpdk.c:594:17: note: in expansion of macro ‘dpdk_proto_init_pending’
                 dpdk_proto_init_pending (ctx, priv,
                 ^
dpdk.c:157:33: error: ‘struct iovec’ has no member named ‘iov_len’
             frag->pending_vector->iov_len =                             \
                                 ^
dpdk.c:594:17: note: in expansion of macro ‘dpdk_proto_init_pending’
                 dpdk_proto_init_pending (ctx, priv,
                 ^
dpdk.c:160:64: error: ‘struct iovec’ has no member named ‘iov_len’
             frag->remaining_size = (size - frag->pending_vector->iov_len); \
                                                                ^
dpdk.c:594:17: note: in expansion of macro ‘dpdk_proto_init_pending’
                 dpdk_proto_init_pending (ctx, priv,
                 ^
dpdk.c:171:17: warning: statement with no effect [-Wunused-value]
                 size_t bytes_read = 0;                                  \
                 ^
dpdk.c:603:17: note: in expansion of macro ‘dpdk_proto_read’
                 dpdk_proto_read (ctx, priv, ret);
                 ^
dpdk.c:171:24: error: expected ‘;’ before ‘bytes_read’
                 size_t bytes_read = 0;                                  \
                        ^
dpdk.c:603:17: note: in expansion of macro ‘dpdk_proto_read’
                 dpdk_proto_read (ctx, priv, ret);
                 ^
dpdk.c:111:41: error: ‘struct iovec’ has no member named ‘iov_len’
                 if (frag->pending_vector->iov_len == 0) {               \
                                         ^
dpdk.c:175:17: note: in expansion of macro ‘dpdk_proto_update_pending’
                 dpdk_proto_update_pending (ctx, priv);                   \
                 ^
dpdk.c:603:17: note: in expansion of macro ‘dpdk_proto_read’
                 dpdk_proto_read (ctx, priv, ret);
                 ^
In file included from dpdk.h:4:0,
                 from dpdk.c:5:
dpdk.c:112:66: error: ‘struct gf_dpdk_incoming’ has no member named ‘fraghdr’
                         remaining = (RPC_FRAGSIZE (priv->incoming.fraghdr) \
                                                                  ^
../../../../rpc/rpc-lib/src/rpc-transport.h:44:43: note: in definition of macro ‘RPC_FRAGSIZE’
 #define RPC_FRAGSIZE(fraghdr) ((uint32_t)(fraghdr & 0x7fffffffU))
                                           ^
dpdk.c:175:17: note: in expansion of macro ‘dpdk_proto_update_pending’
                 dpdk_proto_update_pending (ctx, priv);                   \
                 ^
dpdk.c:603:17: note: in expansion of macro ‘dpdk_proto_read’
                 dpdk_proto_read (ctx, priv, ret);
                 ^
dpdk.c:115:45: error: ‘struct iovec’ has no member named ‘iov_len’
                         frag->pending_vector->iov_len =                 \
                                             ^
dpdk.c:175:17: note: in expansion of macro ‘dpdk_proto_update_pending’
                 dpdk_proto_update_pending (ctx, priv);                   \
                 ^
dpdk.c:603:17: note: in expansion of macro ‘dpdk_proto_read’
                 dpdk_proto_read (ctx, priv, ret);
                 ^
dpdk.c:120:53: error: ‘struct iovec’ has no member named ‘iov_len’
                                 frag->pending_vector->iov_len;          \
                                                     ^
dpdk.c:175:17: note: in expansion of macro ‘dpdk_proto_update_pending’
                 dpdk_proto_update_pending (ctx, priv);                   \
                 ^
dpdk.c:603:17: note: in expansion of macro ‘dpdk_proto_read’
                 dpdk_proto_read (ctx, priv, ret);
                 ^
dpdk.c:178:41: error: ‘struct gf_dpdk_incoming’ has no member named ‘pending_vector’
                                       in->pending_vector, 1,            \
                                         ^
dpdk.c:603:17: note: in expansion of macro ‘dpdk_proto_read’
                 dpdk_proto_read (ctx, priv, ret);
                 ^
dpdk.c:179:42: error: ‘struct gf_dpdk_incoming’ has no member named ‘pending_vector’
                                       &in->pending_vector,              \
                                          ^
dpdk.c:603:17: note: in expansion of macro ‘dpdk_proto_read’
                 dpdk_proto_read (ctx, priv, ret);
                 ^
dpdk.c:180:42: error: ‘struct gf_dpdk_incoming’ has no member named ‘pending_count’
                                       &in->pending_count,               \
                                          ^
dpdk.c:603:17: note: in expansion of macro ‘dpdk_proto_read’
                 dpdk_proto_read (ctx, priv, ret);
                 ^
dpdk.c:181:40: error: ‘bytes_read’ undeclared (first use in this function)
                                       &bytes_read, 0);                     \
                                        ^
dpdk.c:603:17: note: in expansion of macro ‘dpdk_proto_read’
                 dpdk_proto_read (ctx, priv, ret);
                 ^
dpdk.c:99:17: warning: incompatible implicit declaration of built-in function ‘memset’ [enabled by default]
                 memset (&frag->vector, 0, sizeof (frag->vector));       \
                 ^
dpdk.c:135:33: note: in expansion of macro ‘dpdk_proto_reset_pending’
                                 dpdk_proto_reset_pending (ctx, priv);    \
                                 ^
dpdk.c:184:17: note: in expansion of macro ‘dpdk_proto_update_priv_after_read’
                 dpdk_proto_update_priv_after_read (ctx, priv, ret, bytes_read); \
                 ^
dpdk.c:603:17: note: in expansion of macro ‘dpdk_proto_read’
                 dpdk_proto_read (ctx, priv, ret);
                 ^
dpdk.c:102:31: error: ‘struct gf_dpdk_incoming’ has no member named ‘pending_vector’
                 priv->incoming.pending_vector =  frag->pending_vector;  \
                               ^
dpdk.c:135:33: note: in expansion of macro ‘dpdk_proto_reset_pending’
                                 dpdk_proto_reset_pending (ctx, priv);    \
                                 ^
dpdk.c:184:17: note: in expansion of macro ‘dpdk_proto_update_priv_after_read’
                 dpdk_proto_update_priv_after_read (ctx, priv, ret, bytes_read); \
                 ^
dpdk.c:603:17: note: in expansion of macro ‘dpdk_proto_read’
                 dpdk_proto_read (ctx, priv, ret);
                 ^
In file included from dpdk.h:4:0,
                 from dpdk.c:5:
dpdk.c:152:54: error: ‘struct gf_dpdk_incoming’ has no member named ‘fraghdr’
             remaining = (RPC_FRAGSIZE (priv->incoming.fraghdr)          \
                                                      ^
../../../../rpc/rpc-lib/src/rpc-transport.h:44:43: note: in definition of macro ‘RPC_FRAGSIZE’
 #define RPC_FRAGSIZE(fraghdr) ((uint32_t)(fraghdr & 0x7fffffffU))
                                           ^
dpdk.c:618:17: note: in expansion of macro ‘dpdk_proto_init_pending’
                 dpdk_proto_init_pending (ctx, priv, len);
                 ^
dpdk.c:99:17: warning: incompatible implicit declaration of built-in function ‘memset’ [enabled by default]
                 memset (&frag->vector, 0, sizeof (frag->vector));       \
                 ^
dpdk.c:155:13: note: in expansion of macro ‘dpdk_proto_reset_pending’
             dpdk_proto_reset_pending (ctx, priv);                        \
             ^
dpdk.c:618:17: note: in expansion of macro ‘dpdk_proto_init_pending’
                 dpdk_proto_init_pending (ctx, priv, len);
                 ^
dpdk.c:102:31: error: ‘struct gf_dpdk_incoming’ has no member named ‘pending_vector’
                 priv->incoming.pending_vector =  frag->pending_vector;  \
                               ^
dpdk.c:155:13: note: in expansion of macro ‘dpdk_proto_reset_pending’
             dpdk_proto_reset_pending (ctx, priv);                        \
             ^
dpdk.c:618:17: note: in expansion of macro ‘dpdk_proto_init_pending’
                 dpdk_proto_init_pending (ctx, priv, len);
                 ^
dpdk.c:157:33: error: ‘struct iovec’ has no member named ‘iov_len’
             frag->pending_vector->iov_len =                             \
                                 ^
dpdk.c:618:17: note: in expansion of macro ‘dpdk_proto_init_pending’
                 dpdk_proto_init_pending (ctx, priv, len);
                 ^
dpdk.c:160:64: error: ‘struct iovec’ has no member named ‘iov_len’
             frag->remaining_size = (size - frag->pending_vector->iov_len); \
                                                                ^
dpdk.c:618:17: note: in expansion of macro ‘dpdk_proto_init_pending’
                 dpdk_proto_init_pending (ctx, priv, len);
                 ^
dpdk.c:171:17: warning: statement with no effect [-Wunused-value]
                 size_t bytes_read = 0;                                  \
                 ^
dpdk.c:626:17: note: in expansion of macro ‘dpdk_proto_read’
                 dpdk_proto_read (ctx, priv, ret);
                 ^
dpdk.c:171:24: error: expected ‘;’ before ‘bytes_read’
                 size_t bytes_read = 0;                                  \
                        ^
dpdk.c:626:17: note: in expansion of macro ‘dpdk_proto_read’
                 dpdk_proto_read (ctx, priv, ret);
                 ^
dpdk.c:111:41: error: ‘struct iovec’ has no member named ‘iov_len’
                 if (frag->pending_vector->iov_len == 0) {               \
                                         ^
dpdk.c:175:17: note: in expansion of macro ‘dpdk_proto_update_pending’
                 dpdk_proto_update_pending (ctx, priv);                   \
                 ^
dpdk.c:626:17: note: in expansion of macro ‘dpdk_proto_read’
                 dpdk_proto_read (ctx, priv, ret);
                 ^
In file included from dpdk.h:4:0,
                 from dpdk.c:5:
dpdk.c:112:66: error: ‘struct gf_dpdk_incoming’ has no member named ‘fraghdr’
                         remaining = (RPC_FRAGSIZE (priv->incoming.fraghdr) \
                                                                  ^
../../../../rpc/rpc-lib/src/rpc-transport.h:44:43: note: in definition of macro ‘RPC_FRAGSIZE’
 #define RPC_FRAGSIZE(fraghdr) ((uint32_t)(fraghdr & 0x7fffffffU))
                                           ^
dpdk.c:175:17: note: in expansion of macro ‘dpdk_proto_update_pending’
                 dpdk_proto_update_pending (ctx, priv);                   \
                 ^
dpdk.c:626:17: note: in expansion of macro ‘dpdk_proto_read’
                 dpdk_proto_read (ctx, priv, ret);
                 ^
dpdk.c:115:45: error: ‘struct iovec’ has no member named ‘iov_len’
                         frag->pending_vector->iov_len =                 \
                                             ^
dpdk.c:175:17: note: in expansion of macro ‘dpdk_proto_update_pending’
                 dpdk_proto_update_pending (ctx, priv);                   \
                 ^
dpdk.c:626:17: note: in expansion of macro ‘dpdk_proto_read’
                 dpdk_proto_read (ctx, priv, ret);
                 ^
dpdk.c:120:53: error: ‘struct iovec’ has no member named ‘iov_len’
                                 frag->pending_vector->iov_len;          \
                                                     ^
dpdk.c:175:17: note: in expansion of macro ‘dpdk_proto_update_pending’
                 dpdk_proto_update_pending (ctx, priv);                   \
                 ^
dpdk.c:626:17: note: in expansion of macro ‘dpdk_proto_read’
                 dpdk_proto_read (ctx, priv, ret);
                 ^
dpdk.c:178:41: error: ‘struct gf_dpdk_incoming’ has no member named ‘pending_vector’
                                       in->pending_vector, 1,            \
                                         ^
dpdk.c:626:17: note: in expansion of macro ‘dpdk_proto_read’
                 dpdk_proto_read (ctx, priv, ret);
                 ^
dpdk.c:179:42: error: ‘struct gf_dpdk_incoming’ has no member named ‘pending_vector’
                                       &in->pending_vector,              \
                                          ^
dpdk.c:626:17: note: in expansion of macro ‘dpdk_proto_read’
                 dpdk_proto_read (ctx, priv, ret);
                 ^
dpdk.c:180:42: error: ‘struct gf_dpdk_incoming’ has no member named ‘pending_count’
                                       &in->pending_count,               \
                                          ^
dpdk.c:626:17: note: in expansion of macro ‘dpdk_proto_read’
                 dpdk_proto_read (ctx, priv, ret);
                 ^
dpdk.c:99:17: warning: incompatible implicit declaration of built-in function ‘memset’ [enabled by default]
                 memset (&frag->vector, 0, sizeof (frag->vector));       \
                 ^
dpdk.c:135:33: note: in expansion of macro ‘dpdk_proto_reset_pending’
                                 dpdk_proto_reset_pending (ctx, priv);    \
                                 ^
dpdk.c:184:17: note: in expansion of macro ‘dpdk_proto_update_priv_after_read’
                 dpdk_proto_update_priv_after_read (ctx, priv, ret, bytes_read); \
                 ^
dpdk.c:626:17: note: in expansion of macro ‘dpdk_proto_read’
                 dpdk_proto_read (ctx, priv, ret);
                 ^
dpdk.c:102:31: error: ‘struct gf_dpdk_incoming’ has no member named ‘pending_vector’
                 priv->incoming.pending_vector =  frag->pending_vector;  \
                               ^
dpdk.c:135:33: note: in expansion of macro ‘dpdk_proto_reset_pending’
                                 dpdk_proto_reset_pending (ctx, priv);    \
                                 ^
dpdk.c:184:17: note: in expansion of macro ‘dpdk_proto_update_priv_after_read’
                 dpdk_proto_update_priv_after_read (ctx, priv, ret, bytes_read); \
                 ^
dpdk.c:626:17: note: in expansion of macro ‘dpdk_proto_read’
                 dpdk_proto_read (ctx, priv, ret);
                 ^
In file included from dpdk.h:4:0,
                 from dpdk.c:5:
dpdk.c:650:50: error: ‘struct gf_dpdk_incoming’ has no member named ‘fraghdr’
                 remaining_size = RPC_FRAGSIZE (in->fraghdr)
                                                  ^
../../../../rpc/rpc-lib/src/rpc-transport.h:44:43: note: in definition of macro ‘RPC_FRAGSIZE’
 #define RPC_FRAGSIZE(fraghdr) ((uint32_t)(fraghdr & 0x7fffffffU))
                                           ^
dpdk.c:655:45: error: ‘struct gf_dpdk_incoming’ has no member named ‘fraghdr’
                         && (RPC_LASTFRAG (in->fraghdr)))) {
                                             ^
../../../../rpc/rpc-lib/src/rpc-transport.h:39:43: note: in definition of macro ‘RPC_LASTFRAG’
 #define RPC_LASTFRAG(fraghdr) ((uint32_t)(fraghdr & 0x80000000U))
                                           ^
dpdk.c: In function ‘dpdk_read_vectored_reply’:
dpdk.c:152:54: error: ‘struct gf_dpdk_incoming’ has no member named ‘fraghdr’
             remaining = (RPC_FRAGSIZE (priv->incoming.fraghdr)          \
                                                      ^
../../../../rpc/rpc-lib/src/rpc-transport.h:44:43: note: in definition of macro ‘RPC_FRAGSIZE’
 #define RPC_FRAGSIZE(fraghdr) ((uint32_t)(fraghdr & 0x7fffffffU))
                                           ^
dpdk.c:928:17: note: in expansion of macro ‘dpdk_proto_init_pending’
                 dpdk_proto_init_pending (ctx, priv, RPC_REPLY_STATUS_SIZE);
                 ^
dpdk.c:99:17: warning: incompatible implicit declaration of built-in function ‘memset’ [enabled by default]
                 memset (&frag->vector, 0, sizeof (frag->vector));       \
                 ^
dpdk.c:155:13: note: in expansion of macro ‘dpdk_proto_reset_pending’
             dpdk_proto_reset_pending (ctx, priv);                        \
             ^
dpdk.c:928:17: note: in expansion of macro ‘dpdk_proto_init_pending’
                 dpdk_proto_init_pending (ctx, priv, RPC_REPLY_STATUS_SIZE);
                 ^
dpdk.c:102:31: error: ‘struct gf_dpdk_incoming’ has no member named ‘pending_vector’
                 priv->incoming.pending_vector =  frag->pending_vector;  \
                               ^
dpdk.c:155:13: note: in expansion of macro ‘dpdk_proto_reset_pending’
             dpdk_proto_reset_pending (ctx, priv);                        \
             ^
dpdk.c:928:17: note: in expansion of macro ‘dpdk_proto_init_pending’
                 dpdk_proto_init_pending (ctx, priv, RPC_REPLY_STATUS_SIZE);
                 ^
dpdk.c:157:33: error: ‘struct iovec’ has no member named ‘iov_len’
             frag->pending_vector->iov_len =                             \
                                 ^
dpdk.c:928:17: note: in expansion of macro ‘dpdk_proto_init_pending’
                 dpdk_proto_init_pending (ctx, priv, RPC_REPLY_STATUS_SIZE);
                 ^
dpdk.c:160:64: error: ‘struct iovec’ has no member named ‘iov_len’
             frag->remaining_size = (size - frag->pending_vector->iov_len); \
                                                                ^
dpdk.c:928:17: note: in expansion of macro ‘dpdk_proto_init_pending’
                 dpdk_proto_init_pending (ctx, priv, RPC_REPLY_STATUS_SIZE);
                 ^
dpdk.c:171:17: warning: statement with no effect [-Wunused-value]
                 size_t bytes_read = 0;                                  \
                 ^
dpdk.c:936:17: note: in expansion of macro ‘dpdk_proto_read’
                 dpdk_proto_read (ctx, priv, ret);
                 ^
dpdk.c:171:24: error: expected ‘;’ before ‘bytes_read’
                 size_t bytes_read = 0;                                  \
                        ^
dpdk.c:936:17: note: in expansion of macro ‘dpdk_proto_read’
                 dpdk_proto_read (ctx, priv, ret);
                 ^
dpdk.c:111:41: error: ‘struct iovec’ has no member named ‘iov_len’
                 if (frag->pending_vector->iov_len == 0) {               \
                                         ^
dpdk.c:175:17: note: in expansion of macro ‘dpdk_proto_update_pending’
                 dpdk_proto_update_pending (ctx, priv);                   \
                 ^
dpdk.c:936:17: note: in expansion of macro ‘dpdk_proto_read’
                 dpdk_proto_read (ctx, priv, ret);
                 ^
In file included from dpdk.h:4:0,
                 from dpdk.c:5:
dpdk.c:112:66: error: ‘struct gf_dpdk_incoming’ has no member named ‘fraghdr’
                         remaining = (RPC_FRAGSIZE (priv->incoming.fraghdr) \
                                                                  ^
../../../../rpc/rpc-lib/src/rpc-transport.h:44:43: note: in definition of macro ‘RPC_FRAGSIZE’
 #define RPC_FRAGSIZE(fraghdr) ((uint32_t)(fraghdr & 0x7fffffffU))
                                           ^
dpdk.c:175:17: note: in expansion of macro ‘dpdk_proto_update_pending’
                 dpdk_proto_update_pending (ctx, priv);                   \
                 ^
dpdk.c:936:17: note: in expansion of macro ‘dpdk_proto_read’
                 dpdk_proto_read (ctx, priv, ret);
                 ^
dpdk.c:115:45: error: ‘struct iovec’ has no member named ‘iov_len’
                         frag->pending_vector->iov_len =                 \
                                             ^
dpdk.c:175:17: note: in expansion of macro ‘dpdk_proto_update_pending’
                 dpdk_proto_update_pending (ctx, priv);                   \
                 ^
dpdk.c:936:17: note: in expansion of macro ‘dpdk_proto_read’
                 dpdk_proto_read (ctx, priv, ret);
                 ^
dpdk.c:120:53: error: ‘struct iovec’ has no member named ‘iov_len’
                                 frag->pending_vector->iov_len;          \
                                                     ^
dpdk.c:175:17: note: in expansion of macro ‘dpdk_proto_update_pending’
                 dpdk_proto_update_pending (ctx, priv);                   \
                 ^
dpdk.c:936:17: note: in expansion of macro ‘dpdk_proto_read’
                 dpdk_proto_read (ctx, priv, ret);
                 ^
dpdk.c:178:41: error: ‘struct gf_dpdk_incoming’ has no member named ‘pending_vector’
                                       in->pending_vector, 1,            \
                                         ^
dpdk.c:936:17: note: in expansion of macro ‘dpdk_proto_read’
                 dpdk_proto_read (ctx, priv, ret);
                 ^
dpdk.c:179:42: error: ‘struct gf_dpdk_incoming’ has no member named ‘pending_vector’
                                       &in->pending_vector,              \
                                          ^
dpdk.c:936:17: note: in expansion of macro ‘dpdk_proto_read’
                 dpdk_proto_read (ctx, priv, ret);
                 ^
dpdk.c:180:42: error: ‘struct gf_dpdk_incoming’ has no member named ‘pending_count’
                                       &in->pending_count,               \
                                          ^
dpdk.c:936:17: note: in expansion of macro ‘dpdk_proto_read’
                 dpdk_proto_read (ctx, priv, ret);
                 ^
dpdk.c:181:40: error: ‘bytes_read’ undeclared (first use in this function)
                                       &bytes_read, 0);                     \
                                        ^
dpdk.c:936:17: note: in expansion of macro ‘dpdk_proto_read’
                 dpdk_proto_read (ctx, priv, ret);
                 ^
dpdk.c:99:17: warning: incompatible implicit declaration of built-in function ‘memset’ [enabled by default]
                 memset (&frag->vector, 0, sizeof (frag->vector));       \
                 ^
dpdk.c:135:33: note: in expansion of macro ‘dpdk_proto_reset_pending’
                                 dpdk_proto_reset_pending (ctx, priv);    \
                                 ^
dpdk.c:184:17: note: in expansion of macro ‘dpdk_proto_update_priv_after_read’
                 dpdk_proto_update_priv_after_read (ctx, priv, ret, bytes_read); \
                 ^
dpdk.c:936:17: note: in expansion of macro ‘dpdk_proto_read’
                 dpdk_proto_read (ctx, priv, ret);
                 ^
dpdk.c:102:31: error: ‘struct gf_dpdk_incoming’ has no member named ‘pending_vector’
                 priv->incoming.pending_vector =  frag->pending_vector;  \
                               ^
dpdk.c:135:33: note: in expansion of macro ‘dpdk_proto_reset_pending’
                                 dpdk_proto_reset_pending (ctx, priv);    \
                                 ^
dpdk.c:184:17: note: in expansion of macro ‘dpdk_proto_update_priv_after_read’
                 dpdk_proto_update_priv_after_read (ctx, priv, ret, bytes_read); \
                 ^
dpdk.c:936:17: note: in expansion of macro ‘dpdk_proto_read’
                 dpdk_proto_read (ctx, priv, ret);
                 ^
In file included from dpdk.h:4:0,
                 from dpdk.c:5:
dpdk.c:955:50: error: ‘struct gf_dpdk_incoming’ has no member named ‘fraghdr’
                 remaining_size = RPC_FRAGSIZE (in->fraghdr) - frag->bytes_read;
                                                  ^
../../../../rpc/rpc-lib/src/rpc-transport.h:44:43: note: in definition of macro ‘RPC_FRAGSIZE’
 #define RPC_FRAGSIZE(fraghdr) ((uint32_t)(fraghdr & 0x7fffffffU))
                                           ^
dpdk.c:959:45: error: ‘struct gf_dpdk_incoming’ has no member named ‘fraghdr’
                         && (RPC_LASTFRAG (in->fraghdr)))) {
                                             ^
../../../../rpc/rpc-lib/src/rpc-transport.h:39:43: note: in definition of macro ‘RPC_LASTFRAG’
 #define RPC_LASTFRAG(fraghdr) ((uint32_t)(fraghdr & 0x80000000U))
                                           ^
dpdk.c:962:27: error: ‘struct gf_dpdk_incoming’ has no member named ‘payload_vector’
                         in->payload_vector.iov_len
                           ^
dpdk.c:964:52: error: ‘struct gf_dpdk_incoming’ has no member named ‘payload_vector’
                                 - (unsigned long)in->payload_vector.iov_base;
                                                    ^
dpdk.c: In function ‘dpdk_read_reply’:
dpdk.c:991:15: error: ‘struct gf_dpdk_incoming’ has no member named ‘request_info’
         if (in->request_info == NULL) {
               ^
dpdk.c:992:19: error: ‘struct gf_dpdk_incoming’ has no member named ‘request_info’
                 in->request_info = GF_CALLOC (1, sizeof (*request_info),
                   ^
dpdk.c:994:23: error: ‘struct gf_dpdk_incoming’ has no member named ‘request_info’
                 if (in->request_info == NULL) {
                       ^
dpdk.c:1001:26: error: ‘struct gf_dpdk_incoming’ has no member named ‘request_info’
         request_info = in->request_info;
                          ^
dpdk.c:1014:55: error: ‘struct gf_dpdk_incoming’ has no member named ‘request_info’
                                                     in->request_info);
                                                       ^
dpdk.c:1032:27: error: ‘struct gf_dpdk_incoming’ has no member named ‘iobref’
                         in->iobref = iobref_ref (request_info->rsp.rsp_iobref);
                           ^
dpdk.c:1033:27: error: ‘struct gf_dpdk_incoming’ has no member named ‘payload_vector’
                         in->payload_vector = *request_info->rsp.rsp_payload;
                           ^
dpdk.c: In function ‘dpdk_read_simple_msg’:
dpdk.c:1068:9: warning: statement with no effect [-Wunused-value]
         size_t                        bytes_read     = 0;
         ^
dpdk.c:1068:39: error: expected ‘;’ before ‘bytes_read’
         size_t                        bytes_read     = 0;
                                       ^
In file included from dpdk.h:4:0,
                 from dpdk.c:5:
dpdk.c:1080:50: error: ‘struct gf_dpdk_incoming’ has no member named ‘fraghdr’
                 remaining_size = RPC_FRAGSIZE (in->fraghdr) - frag->bytes_read;
                                                  ^
../../../../rpc/rpc-lib/src/rpc-transport.h:44:43: note: in definition of macro ‘RPC_FRAGSIZE’
 #define RPC_FRAGSIZE(fraghdr) ((uint32_t)(fraghdr & 0x7fffffffU))
                                           ^
dpdk.c:152:54: error: ‘struct gf_dpdk_incoming’ has no member named ‘fraghdr’
             remaining = (RPC_FRAGSIZE (priv->incoming.fraghdr)          \
                                                      ^
../../../../rpc/rpc-lib/src/rpc-transport.h:44:43: note: in definition of macro ‘RPC_FRAGSIZE’
 #define RPC_FRAGSIZE(fraghdr) ((uint32_t)(fraghdr & 0x7fffffffU))
                                           ^
dpdk.c:1082:17: note: in expansion of macro ‘dpdk_proto_init_pending’
                 dpdk_proto_init_pending (ctx, priv, remaining_size);
                 ^
dpdk.c:99:17: warning: incompatible implicit declaration of built-in function ‘memset’ [enabled by default]
                 memset (&frag->vector, 0, sizeof (frag->vector));       \
                 ^
dpdk.c:155:13: note: in expansion of macro ‘dpdk_proto_reset_pending’
             dpdk_proto_reset_pending (ctx, priv);                        \
             ^
dpdk.c:1082:17: note: in expansion of macro ‘dpdk_proto_init_pending’
                 dpdk_proto_init_pending (ctx, priv, remaining_size);
                 ^
dpdk.c:102:31: error: ‘struct gf_dpdk_incoming’ has no member named ‘pending_vector’
                 priv->incoming.pending_vector =  frag->pending_vector;  \
                               ^
dpdk.c:155:13: note: in expansion of macro ‘dpdk_proto_reset_pending’
             dpdk_proto_reset_pending (ctx, priv);                        \
             ^
dpdk.c:1082:17: note: in expansion of macro ‘dpdk_proto_init_pending’
                 dpdk_proto_init_pending (ctx, priv, remaining_size);
                 ^
dpdk.c:157:33: error: ‘struct iovec’ has no member named ‘iov_len’
             frag->pending_vector->iov_len =                             \
                                 ^
dpdk.c:1082:17: note: in expansion of macro ‘dpdk_proto_init_pending’
                 dpdk_proto_init_pending (ctx, priv, remaining_size);
                 ^
dpdk.c:160:64: error: ‘struct iovec’ has no member named ‘iov_len’
             frag->remaining_size = (size - frag->pending_vector->iov_len); \
                                                                ^
dpdk.c:1082:17: note: in expansion of macro ‘dpdk_proto_init_pending’
                 dpdk_proto_init_pending (ctx, priv, remaining_size);
                 ^
In file included from dpdk.h:4:0,
                 from dpdk.c:5:
dpdk.c:1091:50: error: ‘struct gf_dpdk_incoming’ has no member named ‘fraghdr’
                 remaining_size = RPC_FRAGSIZE (in->fraghdr) - frag->bytes_read;
                                                  ^
../../../../rpc/rpc-lib/src/rpc-transport.h:44:43: note: in definition of macro ‘RPC_FRAGSIZE’
 #define RPC_FRAGSIZE(fraghdr) ((uint32_t)(fraghdr & 0x7fffffffU))
                                           ^
dpdk.c:1095:49: error: ‘struct gf_dpdk_incoming’ has no member named ‘pending_vector’
                                               in->pending_vector, 1,
                                                 ^
dpdk.c:1096:50: error: ‘struct gf_dpdk_incoming’ has no member named ‘pending_vector’
                                               &in->pending_vector,
                                                  ^
dpdk.c:1097:50: error: ‘struct gf_dpdk_incoming’ has no member named ‘pending_count’
                                               &in->pending_count,
                                                  ^
dpdk.c:1098:48: error: ‘bytes_read’ undeclared (first use in this function)
                                               &bytes_read, 0);
                                                ^
dpdk.c: In function ‘dpdk_read_vectored_request’:
dpdk.c:1137:9: warning: statement with no effect [-Wunused-value]
         size_t            size                   = 0;
         ^
dpdk.c:1137:27: error: expected ‘;’ before ‘size’
         size_t            size                   = 0;
                           ^
In file included from dpdk.h:4:0,
                 from dpdk.c:5:
dpdk.c:152:54: error: ‘struct gf_dpdk_incoming’ has no member named ‘fraghdr’
             remaining = (RPC_FRAGSIZE (priv->incoming.fraghdr)          \
                                                      ^
../../../../rpc/rpc-lib/src/rpc-transport.h:44:43: note: in definition of macro ‘RPC_FRAGSIZE’
 #define RPC_FRAGSIZE(fraghdr) ((uint32_t)(fraghdr & 0x7fffffffU))
                                           ^
dpdk.c:1159:17: note: in expansion of macro ‘dpdk_proto_init_pending’
                 dpdk_proto_init_pending (ctx, priv, credlen);
                 ^
dpdk.c:99:17: warning: incompatible implicit declaration of built-in function ‘memset’ [enabled by default]
                 memset (&frag->vector, 0, sizeof (frag->vector));       \
                 ^
dpdk.c:155:13: note: in expansion of macro ‘dpdk_proto_reset_pending’
             dpdk_proto_reset_pending (ctx, priv);                        \
             ^
dpdk.c:1159:17: note: in expansion of macro ‘dpdk_proto_init_pending’
                 dpdk_proto_init_pending (ctx, priv, credlen);
                 ^
dpdk.c:102:31: error: ‘struct gf_dpdk_incoming’ has no member named ‘pending_vector’
                 priv->incoming.pending_vector =  frag->pending_vector;  \
                               ^
dpdk.c:155:13: note: in expansion of macro ‘dpdk_proto_reset_pending’
             dpdk_proto_reset_pending (ctx, priv);                        \
             ^
dpdk.c:1159:17: note: in expansion of macro ‘dpdk_proto_init_pending’
                 dpdk_proto_init_pending (ctx, priv, credlen);
                 ^
dpdk.c:157:33: error: ‘struct iovec’ has no member named ‘iov_len’
             frag->pending_vector->iov_len =                             \
                                 ^
dpdk.c:1159:17: note: in expansion of macro ‘dpdk_proto_init_pending’
                 dpdk_proto_init_pending (ctx, priv, credlen);
                 ^
dpdk.c:160:64: error: ‘struct iovec’ has no member named ‘iov_len’
             frag->remaining_size = (size - frag->pending_vector->iov_len); \
                                                                ^
dpdk.c:1159:17: note: in expansion of macro ‘dpdk_proto_init_pending’
                 dpdk_proto_init_pending (ctx, priv, credlen);
                 ^
dpdk.c:171:17: warning: statement with no effect [-Wunused-value]
                 size_t bytes_read = 0;                                  \
                 ^
dpdk.c:1166:17: note: in expansion of macro ‘dpdk_proto_read’
                 dpdk_proto_read (ctx, priv, ret);
                 ^
dpdk.c:171:24: error: expected ‘;’ before ‘bytes_read’
                 size_t bytes_read = 0;                                  \
                        ^
dpdk.c:1166:17: note: in expansion of macro ‘dpdk_proto_read’
                 dpdk_proto_read (ctx, priv, ret);
                 ^
dpdk.c:111:41: error: ‘struct iovec’ has no member named ‘iov_len’
                 if (frag->pending_vector->iov_len == 0) {               \
                                         ^
dpdk.c:175:17: note: in expansion of macro ‘dpdk_proto_update_pending’
                 dpdk_proto_update_pending (ctx, priv);                   \
                 ^
dpdk.c:1166:17: note: in expansion of macro ‘dpdk_proto_read’
                 dpdk_proto_read (ctx, priv, ret);
                 ^
In file included from dpdk.h:4:0,
                 from dpdk.c:5:
dpdk.c:112:66: error: ‘struct gf_dpdk_incoming’ has no member named ‘fraghdr’
                         remaining = (RPC_FRAGSIZE (priv->incoming.fraghdr) \
                                                                  ^
../../../../rpc/rpc-lib/src/rpc-transport.h:44:43: note: in definition of macro ‘RPC_FRAGSIZE’
 #define RPC_FRAGSIZE(fraghdr) ((uint32_t)(fraghdr & 0x7fffffffU))
                                           ^
dpdk.c:175:17: note: in expansion of macro ‘dpdk_proto_update_pending’
                 dpdk_proto_update_pending (ctx, priv);                   \
                 ^
dpdk.c:1166:17: note: in expansion of macro ‘dpdk_proto_read’
                 dpdk_proto_read (ctx, priv, ret);
                 ^
dpdk.c:115:45: error: ‘struct iovec’ has no member named ‘iov_len’
                         frag->pending_vector->iov_len =                 \
                                             ^
dpdk.c:175:17: note: in expansion of macro ‘dpdk_proto_update_pending’
                 dpdk_proto_update_pending (ctx, priv);                   \
                 ^
dpdk.c:1166:17: note: in expansion of macro ‘dpdk_proto_read’
                 dpdk_proto_read (ctx, priv, ret);
                 ^
dpdk.c:120:53: error: ‘struct iovec’ has no member named ‘iov_len’
                                 frag->pending_vector->iov_len;          \
                                                     ^
dpdk.c:175:17: note: in expansion of macro ‘dpdk_proto_update_pending’
                 dpdk_proto_update_pending (ctx, priv);                   \
                 ^
dpdk.c:1166:17: note: in expansion of macro ‘dpdk_proto_read’
                 dpdk_proto_read (ctx, priv, ret);
                 ^
dpdk.c:178:41: error: ‘struct gf_dpdk_incoming’ has no member named ‘pending_vector’
                                       in->pending_vector, 1,            \
                                         ^
dpdk.c:1166:17: note: in expansion of macro ‘dpdk_proto_read’
                 dpdk_proto_read (ctx, priv, ret);
                 ^
dpdk.c:179:42: error: ‘struct gf_dpdk_incoming’ has no member named ‘pending_vector’
                                       &in->pending_vector,              \
                                          ^
dpdk.c:1166:17: note: in expansion of macro ‘dpdk_proto_read’
                 dpdk_proto_read (ctx, priv, ret);
                 ^
dpdk.c:180:42: error: ‘struct gf_dpdk_incoming’ has no member named ‘pending_count’
                                       &in->pending_count,               \
                                          ^
dpdk.c:1166:17: note: in expansion of macro ‘dpdk_proto_read’
                 dpdk_proto_read (ctx, priv, ret);
                 ^
dpdk.c:181:40: error: ‘bytes_read’ undeclared (first use in this function)
                                       &bytes_read, 0);                     \
                                        ^
dpdk.c:1166:17: note: in expansion of macro ‘dpdk_proto_read’
                 dpdk_proto_read (ctx, priv, ret);
                 ^
dpdk.c:99:17: warning: incompatible implicit declaration of built-in function ‘memset’ [enabled by default]
                 memset (&frag->vector, 0, sizeof (frag->vector));       \
                 ^
dpdk.c:135:33: note: in expansion of macro ‘dpdk_proto_reset_pending’
                                 dpdk_proto_reset_pending (ctx, priv);    \
                                 ^
dpdk.c:184:17: note: in expansion of macro ‘dpdk_proto_update_priv_after_read’
                 dpdk_proto_update_priv_after_read (ctx, priv, ret, bytes_read); \
                 ^
dpdk.c:1166:17: note: in expansion of macro ‘dpdk_proto_read’
                 dpdk_proto_read (ctx, priv, ret);
                 ^
dpdk.c:102:31: error: ‘struct gf_dpdk_incoming’ has no member named ‘pending_vector’
                 priv->incoming.pending_vector =  frag->pending_vector;  \
                               ^
dpdk.c:135:33: note: in expansion of macro ‘dpdk_proto_reset_pending’
                                 dpdk_proto_reset_pending (ctx, priv);    \
                                 ^
dpdk.c:184:17: note: in expansion of macro ‘dpdk_proto_update_priv_after_read’
                 dpdk_proto_update_priv_after_read (ctx, priv, ret, bytes_read); \
                 ^
dpdk.c:1166:17: note: in expansion of macro ‘dpdk_proto_read’
                 dpdk_proto_read (ctx, priv, ret);
                 ^
In file included from dpdk.h:4:0,
                 from dpdk.c:5:
dpdk.c:152:54: error: ‘struct gf_dpdk_incoming’ has no member named ‘fraghdr’
             remaining = (RPC_FRAGSIZE (priv->incoming.fraghdr)          \
                                                      ^
../../../../rpc/rpc-lib/src/rpc-transport.h:44:43: note: in definition of macro ‘RPC_FRAGSIZE’
 #define RPC_FRAGSIZE(fraghdr) ((uint32_t)(fraghdr & 0x7fffffffU))
                                           ^
dpdk.c:1180:17: note: in expansion of macro ‘dpdk_proto_init_pending’
                 dpdk_proto_init_pending (ctx, priv, verflen);
                 ^
dpdk.c:99:17: warning: incompatible implicit declaration of built-in function ‘memset’ [enabled by default]
                 memset (&frag->vector, 0, sizeof (frag->vector));       \
                 ^
dpdk.c:155:13: note: in expansion of macro ‘dpdk_proto_reset_pending’
             dpdk_proto_reset_pending (ctx, priv);                        \
             ^
dpdk.c:1180:17: note: in expansion of macro ‘dpdk_proto_init_pending’
                 dpdk_proto_init_pending (ctx, priv, verflen);
                 ^
dpdk.c:102:31: error: ‘struct gf_dpdk_incoming’ has no member named ‘pending_vector’
                 priv->incoming.pending_vector =  frag->pending_vector;  \
                               ^
dpdk.c:155:13: note: in expansion of macro ‘dpdk_proto_reset_pending’
             dpdk_proto_reset_pending (ctx, priv);                        \
             ^
dpdk.c:1180:17: note: in expansion of macro ‘dpdk_proto_init_pending’
                 dpdk_proto_init_pending (ctx, priv, verflen);
                 ^
dpdk.c:157:33: error: ‘struct iovec’ has no member named ‘iov_len’
             frag->pending_vector->iov_len =                             \
                                 ^
dpdk.c:1180:17: note: in expansion of macro ‘dpdk_proto_init_pending’
                 dpdk_proto_init_pending (ctx, priv, verflen);
                 ^
dpdk.c:160:64: error: ‘struct iovec’ has no member named ‘iov_len’
             frag->remaining_size = (size - frag->pending_vector->iov_len); \
                                                                ^
dpdk.c:1180:17: note: in expansion of macro ‘dpdk_proto_init_pending’
                 dpdk_proto_init_pending (ctx, priv, verflen);
                 ^
dpdk.c:171:17: warning: statement with no effect [-Wunused-value]
                 size_t bytes_read = 0;                                  \
                 ^
dpdk.c:1187:17: note: in expansion of macro ‘dpdk_proto_read’
                 dpdk_proto_read (ctx, priv, ret);
                 ^
dpdk.c:171:24: error: expected ‘;’ before ‘bytes_read’
                 size_t bytes_read = 0;                                  \
                        ^
dpdk.c:1187:17: note: in expansion of macro ‘dpdk_proto_read’
                 dpdk_proto_read (ctx, priv, ret);
                 ^
dpdk.c:111:41: error: ‘struct iovec’ has no member named ‘iov_len’
                 if (frag->pending_vector->iov_len == 0) {               \
                                         ^
dpdk.c:175:17: note: in expansion of macro ‘dpdk_proto_update_pending’
                 dpdk_proto_update_pending (ctx, priv);                   \
                 ^
dpdk.c:1187:17: note: in expansion of macro ‘dpdk_proto_read’
                 dpdk_proto_read (ctx, priv, ret);
                 ^
In file included from dpdk.h:4:0,
                 from dpdk.c:5:
dpdk.c:112:66: error: ‘struct gf_dpdk_incoming’ has no member named ‘fraghdr’
                         remaining = (RPC_FRAGSIZE (priv->incoming.fraghdr) \
                                                                  ^
../../../../rpc/rpc-lib/src/rpc-transport.h:44:43: note: in definition of macro ‘RPC_FRAGSIZE’
 #define RPC_FRAGSIZE(fraghdr) ((uint32_t)(fraghdr & 0x7fffffffU))
                                           ^
dpdk.c:175:17: note: in expansion of macro ‘dpdk_proto_update_pending’
                 dpdk_proto_update_pending (ctx, priv);                   \
                 ^
dpdk.c:1187:17: note: in expansion of macro ‘dpdk_proto_read’
                 dpdk_proto_read (ctx, priv, ret);
                 ^
dpdk.c:115:45: error: ‘struct iovec’ has no member named ‘iov_len’
                         frag->pending_vector->iov_len =                 \
                                             ^
dpdk.c:175:17: note: in expansion of macro ‘dpdk_proto_update_pending’
                 dpdk_proto_update_pending (ctx, priv);                   \
                 ^
dpdk.c:1187:17: note: in expansion of macro ‘dpdk_proto_read’
                 dpdk_proto_read (ctx, priv, ret);
                 ^
dpdk.c:120:53: error: ‘struct iovec’ has no member named ‘iov_len’
                                 frag->pending_vector->iov_len;          \
                                                     ^
dpdk.c:175:17: note: in expansion of macro ‘dpdk_proto_update_pending’
                 dpdk_proto_update_pending (ctx, priv);                   \
                 ^
dpdk.c:1187:17: note: in expansion of macro ‘dpdk_proto_read’
                 dpdk_proto_read (ctx, priv, ret);
                 ^
dpdk.c:178:41: error: ‘struct gf_dpdk_incoming’ has no member named ‘pending_vector’
                                       in->pending_vector, 1,            \
                                         ^
dpdk.c:1187:17: note: in expansion of macro ‘dpdk_proto_read’
                 dpdk_proto_read (ctx, priv, ret);
                 ^
dpdk.c:179:42: error: ‘struct gf_dpdk_incoming’ has no member named ‘pending_vector’
                                       &in->pending_vector,              \
                                          ^
dpdk.c:1187:17: note: in expansion of macro ‘dpdk_proto_read’
                 dpdk_proto_read (ctx, priv, ret);
                 ^
dpdk.c:180:42: error: ‘struct gf_dpdk_incoming’ has no member named ‘pending_count’
                                       &in->pending_count,               \
                                          ^
dpdk.c:1187:17: note: in expansion of macro ‘dpdk_proto_read’
                 dpdk_proto_read (ctx, priv, ret);
                 ^
dpdk.c:99:17: warning: incompatible implicit declaration of built-in function ‘memset’ [enabled by default]
                 memset (&frag->vector, 0, sizeof (frag->vector));       \
                 ^
dpdk.c:135:33: note: in expansion of macro ‘dpdk_proto_reset_pending’
                                 dpdk_proto_reset_pending (ctx, priv);    \
                                 ^
dpdk.c:184:17: note: in expansion of macro ‘dpdk_proto_update_priv_after_read’
                 dpdk_proto_update_priv_after_read (ctx, priv, ret, bytes_read); \
                 ^
dpdk.c:1187:17: note: in expansion of macro ‘dpdk_proto_read’
                 dpdk_proto_read (ctx, priv, ret);
                 ^
dpdk.c:102:31: error: ‘struct gf_dpdk_incoming’ has no member named ‘pending_vector’
                 priv->incoming.pending_vector =  frag->pending_vector;  \
                               ^
dpdk.c:135:33: note: in expansion of macro ‘dpdk_proto_reset_pending’
                                 dpdk_proto_reset_pending (ctx, priv);    \
                                 ^
dpdk.c:184:17: note: in expansion of macro ‘dpdk_proto_update_priv_after_read’
                 dpdk_proto_update_priv_after_read (ctx, priv, ret, bytes_read); \
                 ^
dpdk.c:1187:17: note: in expansion of macro ‘dpdk_proto_read’
                 dpdk_proto_read (ctx, priv, ret);
                 ^
In file included from dpdk.h:4:0,
                 from dpdk.c:5:
dpdk.c:152:54: error: ‘struct gf_dpdk_incoming’ has no member named ‘fraghdr’
             remaining = (RPC_FRAGSIZE (priv->incoming.fraghdr)          \
                                                      ^
../../../../rpc/rpc-lib/src/rpc-transport.h:44:43: note: in definition of macro ‘RPC_FRAGSIZE’
 #define RPC_FRAGSIZE(fraghdr) ((uint32_t)(fraghdr & 0x7fffffffU))
                                           ^
dpdk.c:1203:17: note: in expansion of macro ‘dpdk_proto_init_pending’
                 dpdk_proto_init_pending (ctx, priv, readsize);
                 ^
dpdk.c:99:17: warning: incompatible implicit declaration of built-in function ‘memset’ [enabled by default]
                 memset (&frag->vector, 0, sizeof (frag->vector));       \
                 ^
dpdk.c:155:13: note: in expansion of macro ‘dpdk_proto_reset_pending’
             dpdk_proto_reset_pending (ctx, priv);                        \
             ^
dpdk.c:1203:17: note: in expansion of macro ‘dpdk_proto_init_pending’
                 dpdk_proto_init_pending (ctx, priv, readsize);
                 ^
dpdk.c:102:31: error: ‘struct gf_dpdk_incoming’ has no member named ‘pending_vector’
                 priv->incoming.pending_vector =  frag->pending_vector;  \
                               ^
dpdk.c:155:13: note: in expansion of macro ‘dpdk_proto_reset_pending’
             dpdk_proto_reset_pending (ctx, priv);                        \
             ^
dpdk.c:1203:17: note: in expansion of macro ‘dpdk_proto_init_pending’
                 dpdk_proto_init_pending (ctx, priv, readsize);
                 ^
dpdk.c:157:33: error: ‘struct iovec’ has no member named ‘iov_len’
             frag->pending_vector->iov_len =                             \
                                 ^
dpdk.c:1203:17: note: in expansion of macro ‘dpdk_proto_init_pending’
                 dpdk_proto_init_pending (ctx, priv, readsize);
                 ^
dpdk.c:160:64: error: ‘struct iovec’ has no member named ‘iov_len’
             frag->remaining_size = (size - frag->pending_vector->iov_len); \
                                                                ^
dpdk.c:1203:17: note: in expansion of macro ‘dpdk_proto_init_pending’
                 dpdk_proto_init_pending (ctx, priv, readsize);
                 ^
dpdk.c:171:17: warning: statement with no effect [-Wunused-value]
                 size_t bytes_read = 0;                                  \
                 ^
dpdk.c:1210:17: note: in expansion of macro ‘dpdk_proto_read’
                 dpdk_proto_read (ctx, priv, ret);
                 ^
dpdk.c:171:24: error: expected ‘;’ before ‘bytes_read’
                 size_t bytes_read = 0;                                  \
                        ^
dpdk.c:1210:17: note: in expansion of macro ‘dpdk_proto_read’
                 dpdk_proto_read (ctx, priv, ret);
                 ^
dpdk.c:111:41: error: ‘struct iovec’ has no member named ‘iov_len’
                 if (frag->pending_vector->iov_len == 0) {               \
                                         ^
dpdk.c:175:17: note: in expansion of macro ‘dpdk_proto_update_pending’
                 dpdk_proto_update_pending (ctx, priv);                   \
                 ^
dpdk.c:1210:17: note: in expansion of macro ‘dpdk_proto_read’
                 dpdk_proto_read (ctx, priv, ret);
                 ^
In file included from dpdk.h:4:0,
                 from dpdk.c:5:
dpdk.c:112:66: error: ‘struct gf_dpdk_incoming’ has no member named ‘fraghdr’
                         remaining = (RPC_FRAGSIZE (priv->incoming.fraghdr) \
                                                                  ^
../../../../rpc/rpc-lib/src/rpc-transport.h:44:43: note: in definition of macro ‘RPC_FRAGSIZE’
 #define RPC_FRAGSIZE(fraghdr) ((uint32_t)(fraghdr & 0x7fffffffU))
                                           ^
dpdk.c:175:17: note: in expansion of macro ‘dpdk_proto_update_pending’
                 dpdk_proto_update_pending (ctx, priv);                   \
                 ^
dpdk.c:1210:17: note: in expansion of macro ‘dpdk_proto_read’
                 dpdk_proto_read (ctx, priv, ret);
                 ^
dpdk.c:115:45: error: ‘struct iovec’ has no member named ‘iov_len’
                         frag->pending_vector->iov_len =                 \
                                             ^
dpdk.c:175:17: note: in expansion of macro ‘dpdk_proto_update_pending’
                 dpdk_proto_update_pending (ctx, priv);                   \
                 ^
dpdk.c:1210:17: note: in expansion of macro ‘dpdk_proto_read’
                 dpdk_proto_read (ctx, priv, ret);
                 ^
dpdk.c:120:53: error: ‘struct iovec’ has no member named ‘iov_len’
                                 frag->pending_vector->iov_len;          \
                                                     ^
dpdk.c:175:17: note: in expansion of macro ‘dpdk_proto_update_pending’
                 dpdk_proto_update_pending (ctx, priv);                   \
                 ^
dpdk.c:1210:17: note: in expansion of macro ‘dpdk_proto_read’
                 dpdk_proto_read (ctx, priv, ret);
                 ^
dpdk.c:178:41: error: ‘struct gf_dpdk_incoming’ has no member named ‘pending_vector’
                                       in->pending_vector, 1,            \
                                         ^
dpdk.c:1210:17: note: in expansion of macro ‘dpdk_proto_read’
                 dpdk_proto_read (ctx, priv, ret);
                 ^
dpdk.c:179:42: error: ‘struct gf_dpdk_incoming’ has no member named ‘pending_vector’
                                       &in->pending_vector,              \
                                          ^
dpdk.c:1210:17: note: in expansion of macro ‘dpdk_proto_read’
                 dpdk_proto_read (ctx, priv, ret);
                 ^
dpdk.c:180:42: error: ‘struct gf_dpdk_incoming’ has no member named ‘pending_count’
                                       &in->pending_count,               \
                                          ^
dpdk.c:1210:17: note: in expansion of macro ‘dpdk_proto_read’
                 dpdk_proto_read (ctx, priv, ret);
                 ^
dpdk.c:99:17: warning: incompatible implicit declaration of built-in function ‘memset’ [enabled by default]
                 memset (&frag->vector, 0, sizeof (frag->vector));       \
                 ^
dpdk.c:135:33: note: in expansion of macro ‘dpdk_proto_reset_pending’
                                 dpdk_proto_reset_pending (ctx, priv);    \
                                 ^
dpdk.c:184:17: note: in expansion of macro ‘dpdk_proto_update_priv_after_read’
                 dpdk_proto_update_priv_after_read (ctx, priv, ret, bytes_read); \
                 ^
dpdk.c:1210:17: note: in expansion of macro ‘dpdk_proto_read’
                 dpdk_proto_read (ctx, priv, ret);
                 ^
dpdk.c:102:31: error: ‘struct gf_dpdk_incoming’ has no member named ‘pending_vector’
                 priv->incoming.pending_vector =  frag->pending_vector;  \
                               ^
dpdk.c:135:33: note: in expansion of macro ‘dpdk_proto_reset_pending’
                                 dpdk_proto_reset_pending (ctx, priv);    \
                                 ^
dpdk.c:184:17: note: in expansion of macro ‘dpdk_proto_update_priv_after_read’
                 dpdk_proto_update_priv_after_read (ctx, priv, ret, bytes_read); \
                 ^
dpdk.c:1210:17: note: in expansion of macro ‘dpdk_proto_read’
                 dpdk_proto_read (ctx, priv, ret);
                 ^
In file included from dpdk.h:4:0,
                 from dpdk.c:5:
dpdk.c:152:54: error: ‘struct gf_dpdk_incoming’ has no member named ‘fraghdr’
             remaining = (RPC_FRAGSIZE (priv->incoming.fraghdr)          \
                                                      ^
../../../../rpc/rpc-lib/src/rpc-transport.h:44:43: note: in definition of macro ‘RPC_FRAGSIZE’
 #define RPC_FRAGSIZE(fraghdr) ((uint32_t)(fraghdr & 0x7fffffffU))
                                           ^
dpdk.c:1227:3: note: in expansion of macro ‘dpdk_proto_init_pending’
   dpdk_proto_init_pending (ctx, priv, readsize);
   ^
dpdk.c:99:17: warning: incompatible implicit declaration of built-in function ‘memset’ [enabled by default]
                 memset (&frag->vector, 0, sizeof (frag->vector));       \
                 ^
dpdk.c:155:13: note: in expansion of macro ‘dpdk_proto_reset_pending’
             dpdk_proto_reset_pending (ctx, priv);                        \
             ^
dpdk.c:1227:3: note: in expansion of macro ‘dpdk_proto_init_pending’
   dpdk_proto_init_pending (ctx, priv, readsize);
   ^
dpdk.c:102:31: error: ‘struct gf_dpdk_incoming’ has no member named ‘pending_vector’
                 priv->incoming.pending_vector =  frag->pending_vector;  \
                               ^
dpdk.c:155:13: note: in expansion of macro ‘dpdk_proto_reset_pending’
             dpdk_proto_reset_pending (ctx, priv);                        \
             ^
dpdk.c:1227:3: note: in expansion of macro ‘dpdk_proto_init_pending’
   dpdk_proto_init_pending (ctx, priv, readsize);
   ^
dpdk.c:157:33: error: ‘struct iovec’ has no member named ‘iov_len’
             frag->pending_vector->iov_len =                             \
                                 ^
dpdk.c:1227:3: note: in expansion of macro ‘dpdk_proto_init_pending’
   dpdk_proto_init_pending (ctx, priv, readsize);
   ^
dpdk.c:160:64: error: ‘struct iovec’ has no member named ‘iov_len’
             frag->remaining_size = (size - frag->pending_vector->iov_len); \
                                                                ^
dpdk.c:1227:3: note: in expansion of macro ‘dpdk_proto_init_pending’
   dpdk_proto_init_pending (ctx, priv, readsize);
   ^
dpdk.c:171:17: warning: statement with no effect [-Wunused-value]
                 size_t bytes_read = 0;                                  \
                 ^
dpdk.c:1234:3: note: in expansion of macro ‘dpdk_proto_read’
   dpdk_proto_read (ctx, priv, ret);
   ^
dpdk.c:171:24: error: expected ‘;’ before ‘bytes_read’
                 size_t bytes_read = 0;                                  \
                        ^
dpdk.c:1234:3: note: in expansion of macro ‘dpdk_proto_read’
   dpdk_proto_read (ctx, priv, ret);
   ^
dpdk.c:111:41: error: ‘struct iovec’ has no member named ‘iov_len’
                 if (frag->pending_vector->iov_len == 0) {               \
                                         ^
dpdk.c:175:17: note: in expansion of macro ‘dpdk_proto_update_pending’
                 dpdk_proto_update_pending (ctx, priv);                   \
                 ^
dpdk.c:1234:3: note: in expansion of macro ‘dpdk_proto_read’
   dpdk_proto_read (ctx, priv, ret);
   ^
In file included from dpdk.h:4:0,
                 from dpdk.c:5:
dpdk.c:112:66: error: ‘struct gf_dpdk_incoming’ has no member named ‘fraghdr’
                         remaining = (RPC_FRAGSIZE (priv->incoming.fraghdr) \
                                                                  ^
../../../../rpc/rpc-lib/src/rpc-transport.h:44:43: note: in definition of macro ‘RPC_FRAGSIZE’
 #define RPC_FRAGSIZE(fraghdr) ((uint32_t)(fraghdr & 0x7fffffffU))
                                           ^
dpdk.c:175:17: note: in expansion of macro ‘dpdk_proto_update_pending’
                 dpdk_proto_update_pending (ctx, priv);                   \
                 ^
dpdk.c:1234:3: note: in expansion of macro ‘dpdk_proto_read’
   dpdk_proto_read (ctx, priv, ret);
   ^
dpdk.c:115:45: error: ‘struct iovec’ has no member named ‘iov_len’
                         frag->pending_vector->iov_len =                 \
                                             ^
dpdk.c:175:17: note: in expansion of macro ‘dpdk_proto_update_pending’
                 dpdk_proto_update_pending (ctx, priv);                   \
                 ^
dpdk.c:1234:3: note: in expansion of macro ‘dpdk_proto_read’
   dpdk_proto_read (ctx, priv, ret);
   ^
dpdk.c:120:53: error: ‘struct iovec’ has no member named ‘iov_len’
                                 frag->pending_vector->iov_len;          \
                                                     ^
dpdk.c:175:17: note: in expansion of macro ‘dpdk_proto_update_pending’
                 dpdk_proto_update_pending (ctx, priv);                   \
                 ^
dpdk.c:1234:3: note: in expansion of macro ‘dpdk_proto_read’
   dpdk_proto_read (ctx, priv, ret);
   ^
dpdk.c:178:41: error: ‘struct gf_dpdk_incoming’ has no member named ‘pending_vector’
                                       in->pending_vector, 1,            \
                                         ^
dpdk.c:1234:3: note: in expansion of macro ‘dpdk_proto_read’
   dpdk_proto_read (ctx, priv, ret);
   ^
dpdk.c:179:42: error: ‘struct gf_dpdk_incoming’ has no member named ‘pending_vector’
                                       &in->pending_vector,              \
                                          ^
dpdk.c:1234:3: note: in expansion of macro ‘dpdk_proto_read’
   dpdk_proto_read (ctx, priv, ret);
   ^
dpdk.c:180:42: error: ‘struct gf_dpdk_incoming’ has no member named ‘pending_count’
                                       &in->pending_count,               \
                                          ^
dpdk.c:1234:3: note: in expansion of macro ‘dpdk_proto_read’
   dpdk_proto_read (ctx, priv, ret);
   ^
dpdk.c:99:17: warning: incompatible implicit declaration of built-in function ‘memset’ [enabled by default]
                 memset (&frag->vector, 0, sizeof (frag->vector));       \
                 ^
dpdk.c:135:33: note: in expansion of macro ‘dpdk_proto_reset_pending’
                                 dpdk_proto_reset_pending (ctx, priv);    \
                                 ^
dpdk.c:184:17: note: in expansion of macro ‘dpdk_proto_update_priv_after_read’
                 dpdk_proto_update_priv_after_read (ctx, priv, ret, bytes_read); \
                 ^
dpdk.c:1234:3: note: in expansion of macro ‘dpdk_proto_read’
   dpdk_proto_read (ctx, priv, ret);
   ^
dpdk.c:102:31: error: ‘struct gf_dpdk_incoming’ has no member named ‘pending_vector’
                 priv->incoming.pending_vector =  frag->pending_vector;  \
                               ^
dpdk.c:135:33: note: in expansion of macro ‘dpdk_proto_reset_pending’
                                 dpdk_proto_reset_pending (ctx, priv);    \
                                 ^
dpdk.c:184:17: note: in expansion of macro ‘dpdk_proto_update_priv_after_read’
                 dpdk_proto_update_priv_after_read (ctx, priv, ret, bytes_read); \
                 ^
dpdk.c:1234:3: note: in expansion of macro ‘dpdk_proto_read’
   dpdk_proto_read (ctx, priv, ret);
   ^
dpdk.c:1242:23: error: ‘struct gf_dpdk_incoming’ has no member named ‘payload_vector’
                 if (in->payload_vector.iov_base == NULL) {
                       ^
dpdk.c:1244:25: error: ‘size’ undeclared (first use in this function)
                         size = RPC_FRAGSIZE (in->fraghdr) - frag->bytes_read;
                         ^
In file included from dpdk.h:4:0,
                 from dpdk.c:5:
dpdk.c:1244:48: error: ‘struct gf_dpdk_incoming’ has no member named ‘fraghdr’
                         size = RPC_FRAGSIZE (in->fraghdr) - frag->bytes_read;
                                                ^
../../../../rpc/rpc-lib/src/rpc-transport.h:44:43: note: in definition of macro ‘RPC_FRAGSIZE’
 #define RPC_FRAGSIZE(fraghdr) ((uint32_t)(fraghdr & 0x7fffffffU))
                                           ^
dpdk.c:1251:31: error: ‘struct gf_dpdk_incoming’ has no member named ‘iobref’
                         if (in->iobref == NULL) {
                               ^
dpdk.c:1252:35: error: ‘struct gf_dpdk_incoming’ has no member named ‘iobref’
                                 in->iobref = iobref_new ();
                                   ^
dpdk.c:1253:39: error: ‘struct gf_dpdk_incoming’ has no member named ‘iobref’
                                 if (in->iobref == NULL) {
                                       ^
dpdk.c:1260:39: error: ‘struct gf_dpdk_incoming’ has no member named ‘iobref’
                         iobref_add (in->iobref, iobuf);
                                       ^
dpdk.c:1263:27: error: ‘struct gf_dpdk_incoming’ has no member named ‘payload_vector’
                         in->payload_vector.iov_base = iobuf_ptr (iobuf);
                           ^
In file included from dpdk.h:4:0,
                 from dpdk.c:5:
dpdk.c:1279:50: error: ‘struct gf_dpdk_incoming’ has no member named ‘fraghdr’
                 remaining_size = RPC_FRAGSIZE (in->fraghdr) - frag->bytes_read;
                                                  ^
../../../../rpc/rpc-lib/src/rpc-transport.h:44:43: note: in definition of macro ‘RPC_FRAGSIZE’
 #define RPC_FRAGSIZE(fraghdr) ((uint32_t)(fraghdr & 0x7fffffffU))
                                           ^
dpdk.c:1283:41: error: ‘struct gf_dpdk_incoming’ has no member named ‘fraghdr’
                      && RPC_LASTFRAG (in->fraghdr))) {
                                         ^
../../../../rpc/rpc-lib/src/rpc-transport.h:39:43: note: in definition of macro ‘RPC_LASTFRAG’
 #define RPC_LASTFRAG(fraghdr) ((uint32_t)(fraghdr & 0x80000000U))
                                           ^
dpdk.c:1285:27: error: ‘struct gf_dpdk_incoming’ has no member named ‘payload_vector’
                         in->payload_vector.iov_len
                           ^
dpdk.c:1287:55: error: ‘struct gf_dpdk_incoming’ has no member named ‘payload_vector’
                                    - (unsigned long)in->payload_vector.iov_base);
                                                       ^
In file included from dpdk.h:4:0,
                 from dpdk.c:5:
dpdk.c: In function ‘dpdk_read_request’:
dpdk.c:152:54: error: ‘struct gf_dpdk_incoming’ has no member named ‘fraghdr’
             remaining = (RPC_FRAGSIZE (priv->incoming.fraghdr)          \
                                                      ^
../../../../rpc/rpc-lib/src/rpc-transport.h:44:43: note: in definition of macro ‘RPC_FRAGSIZE’
 #define RPC_FRAGSIZE(fraghdr) ((uint32_t)(fraghdr & 0x7fffffffU))
                                           ^
dpdk.c:1320:16: note: in expansion of macro ‘dpdk_proto_init_pending’
                dpdk_proto_init_pending (ctx, priv, RPC_CALL_BODY_SIZE);
                ^
dpdk.c:99:17: warning: incompatible implicit declaration of built-in function ‘memset’ [enabled by default]
                 memset (&frag->vector, 0, sizeof (frag->vector));       \
                 ^
dpdk.c:155:13: note: in expansion of macro ‘dpdk_proto_reset_pending’
             dpdk_proto_reset_pending (ctx, priv);                        \
             ^
dpdk.c:1320:16: note: in expansion of macro ‘dpdk_proto_init_pending’
                dpdk_proto_init_pending (ctx, priv, RPC_CALL_BODY_SIZE);
                ^
dpdk.c:102:31: error: ‘struct gf_dpdk_incoming’ has no member named ‘pending_vector’
                 priv->incoming.pending_vector =  frag->pending_vector;  \
                               ^
dpdk.c:155:13: note: in expansion of macro ‘dpdk_proto_reset_pending’
             dpdk_proto_reset_pending (ctx, priv);                        \
             ^
dpdk.c:1320:16: note: in expansion of macro ‘dpdk_proto_init_pending’
                dpdk_proto_init_pending (ctx, priv, RPC_CALL_BODY_SIZE);
                ^
dpdk.c:157:33: error: ‘struct iovec’ has no member named ‘iov_len’
             frag->pending_vector->iov_len =                             \
                                 ^
dpdk.c:1320:16: note: in expansion of macro ‘dpdk_proto_init_pending’
                dpdk_proto_init_pending (ctx, priv, RPC_CALL_BODY_SIZE);
                ^
dpdk.c:160:64: error: ‘struct iovec’ has no member named ‘iov_len’
             frag->remaining_size = (size - frag->pending_vector->iov_len); \
                                                                ^
dpdk.c:1320:16: note: in expansion of macro ‘dpdk_proto_init_pending’
                dpdk_proto_init_pending (ctx, priv, RPC_CALL_BODY_SIZE);
                ^
dpdk.c:171:17: warning: statement with no effect [-Wunused-value]
                 size_t bytes_read = 0;                                  \
                 ^
dpdk.c:1327:17: note: in expansion of macro ‘dpdk_proto_read’
                 dpdk_proto_read (ctx, priv, ret);
                 ^
dpdk.c:171:24: error: expected ‘;’ before ‘bytes_read’
                 size_t bytes_read = 0;                                  \
                        ^
dpdk.c:1327:17: note: in expansion of macro ‘dpdk_proto_read’
                 dpdk_proto_read (ctx, priv, ret);
                 ^
dpdk.c:111:41: error: ‘struct iovec’ has no member named ‘iov_len’
                 if (frag->pending_vector->iov_len == 0) {               \
                                         ^
dpdk.c:175:17: note: in expansion of macro ‘dpdk_proto_update_pending’
                 dpdk_proto_update_pending (ctx, priv);                   \
                 ^
dpdk.c:1327:17: note: in expansion of macro ‘dpdk_proto_read’
                 dpdk_proto_read (ctx, priv, ret);
                 ^
In file included from dpdk.h:4:0,
                 from dpdk.c:5:
dpdk.c:112:66: error: ‘struct gf_dpdk_incoming’ has no member named ‘fraghdr’
                         remaining = (RPC_FRAGSIZE (priv->incoming.fraghdr) \
                                                                  ^
../../../../rpc/rpc-lib/src/rpc-transport.h:44:43: note: in definition of macro ‘RPC_FRAGSIZE’
 #define RPC_FRAGSIZE(fraghdr) ((uint32_t)(fraghdr & 0x7fffffffU))
                                           ^
dpdk.c:175:17: note: in expansion of macro ‘dpdk_proto_update_pending’
                 dpdk_proto_update_pending (ctx, priv);                   \
                 ^
dpdk.c:1327:17: note: in expansion of macro ‘dpdk_proto_read’
                 dpdk_proto_read (ctx, priv, ret);
                 ^
dpdk.c:115:45: error: ‘struct iovec’ has no member named ‘iov_len’
                         frag->pending_vector->iov_len =                 \
                                             ^
dpdk.c:175:17: note: in expansion of macro ‘dpdk_proto_update_pending’
                 dpdk_proto_update_pending (ctx, priv);                   \
                 ^
dpdk.c:1327:17: note: in expansion of macro ‘dpdk_proto_read’
                 dpdk_proto_read (ctx, priv, ret);
                 ^
dpdk.c:120:53: error: ‘struct iovec’ has no member named ‘iov_len’
                                 frag->pending_vector->iov_len;          \
                                                     ^
dpdk.c:175:17: note: in expansion of macro ‘dpdk_proto_update_pending’
                 dpdk_proto_update_pending (ctx, priv);                   \
                 ^
dpdk.c:1327:17: note: in expansion of macro ‘dpdk_proto_read’
                 dpdk_proto_read (ctx, priv, ret);
                 ^
dpdk.c:178:41: error: ‘struct gf_dpdk_incoming’ has no member named ‘pending_vector’
                                       in->pending_vector, 1,            \
                                         ^
dpdk.c:1327:17: note: in expansion of macro ‘dpdk_proto_read’
                 dpdk_proto_read (ctx, priv, ret);
                 ^
dpdk.c:179:42: error: ‘struct gf_dpdk_incoming’ has no member named ‘pending_vector’
                                       &in->pending_vector,              \
                                          ^
dpdk.c:1327:17: note: in expansion of macro ‘dpdk_proto_read’
                 dpdk_proto_read (ctx, priv, ret);
                 ^
dpdk.c:180:42: error: ‘struct gf_dpdk_incoming’ has no member named ‘pending_count’
                                       &in->pending_count,               \
                                          ^
dpdk.c:1327:17: note: in expansion of macro ‘dpdk_proto_read’
                 dpdk_proto_read (ctx, priv, ret);
                 ^
dpdk.c:181:40: error: ‘bytes_read’ undeclared (first use in this function)
                                       &bytes_read, 0);                     \
                                        ^
dpdk.c:1327:17: note: in expansion of macro ‘dpdk_proto_read’
                 dpdk_proto_read (ctx, priv, ret);
                 ^
dpdk.c:99:17: warning: incompatible implicit declaration of built-in function ‘memset’ [enabled by default]
                 memset (&frag->vector, 0, sizeof (frag->vector));       \
                 ^
dpdk.c:135:33: note: in expansion of macro ‘dpdk_proto_reset_pending’
                                 dpdk_proto_reset_pending (ctx, priv);    \
                                 ^
dpdk.c:184:17: note: in expansion of macro ‘dpdk_proto_update_priv_after_read’
                 dpdk_proto_update_priv_after_read (ctx, priv, ret, bytes_read); \
                 ^
dpdk.c:1327:17: note: in expansion of macro ‘dpdk_proto_read’
                 dpdk_proto_read (ctx, priv, ret);
                 ^
dpdk.c:102:31: error: ‘struct gf_dpdk_incoming’ has no member named ‘pending_vector’
                 priv->incoming.pending_vector =  frag->pending_vector;  \
                               ^
dpdk.c:135:33: note: in expansion of macro ‘dpdk_proto_reset_pending’
                                 dpdk_proto_reset_pending (ctx, priv);    \
                                 ^
dpdk.c:184:17: note: in expansion of macro ‘dpdk_proto_update_priv_after_read’
                 dpdk_proto_update_priv_after_read (ctx, priv, ret, bytes_read); \
                 ^
dpdk.c:1327:17: note: in expansion of macro ‘dpdk_proto_read’
                 dpdk_proto_read (ctx, priv, ret);
                 ^
In file included from dpdk.h:4:0,
                 from dpdk.c:5:
dpdk.c:1357:50: error: ‘struct gf_dpdk_incoming’ has no member named ‘fraghdr’
                 remaining_size = RPC_FRAGSIZE (in->fraghdr) - frag->bytes_read;
                                                  ^
../../../../rpc/rpc-lib/src/rpc-transport.h:44:43: note: in definition of macro ‘RPC_FRAGSIZE’
 #define RPC_FRAGSIZE(fraghdr) ((uint32_t)(fraghdr & 0x7fffffffU))
                                           ^
dpdk.c:1362:45: error: ‘struct gf_dpdk_incoming’ has no member named ‘fraghdr’
                         && (RPC_LASTFRAG (in->fraghdr)))) {
                                             ^
../../../../rpc/rpc-lib/src/rpc-transport.h:39:43: note: in definition of macro ‘RPC_LASTFRAG’
 #define RPC_LASTFRAG(fraghdr) ((uint32_t)(fraghdr & 0x80000000U))
                                           ^
dpdk.c: In function ‘dpdk_read_frag’:
dpdk.c:152:54: error: ‘struct gf_dpdk_incoming’ has no member named ‘fraghdr’
             remaining = (RPC_FRAGSIZE (priv->incoming.fraghdr)          \
                                                      ^
../../../../rpc/rpc-lib/src/rpc-transport.h:44:43: note: in definition of macro ‘RPC_FRAGSIZE’
 #define RPC_FRAGSIZE(fraghdr) ((uint32_t)(fraghdr & 0x7fffffffU))
                                           ^
dpdk.c:1391:17: note: in expansion of macro ‘dpdk_proto_init_pending’
                 dpdk_proto_init_pending (ctx, priv, RPC_MSGTYPE_SIZE);
                 ^
dpdk.c:99:17: warning: incompatible implicit declaration of built-in function ‘memset’ [enabled by default]
                 memset (&frag->vector, 0, sizeof (frag->vector));       \
                 ^
dpdk.c:155:13: note: in expansion of macro ‘dpdk_proto_reset_pending’
             dpdk_proto_reset_pending (ctx, priv);                        \
             ^
dpdk.c:1391:17: note: in expansion of macro ‘dpdk_proto_init_pending’
                 dpdk_proto_init_pending (ctx, priv, RPC_MSGTYPE_SIZE);
                 ^
dpdk.c:102:31: error: ‘struct gf_dpdk_incoming’ has no member named ‘pending_vector’
                 priv->incoming.pending_vector =  frag->pending_vector;  \
                               ^
dpdk.c:155:13: note: in expansion of macro ‘dpdk_proto_reset_pending’
             dpdk_proto_reset_pending (ctx, priv);                        \
             ^
dpdk.c:1391:17: note: in expansion of macro ‘dpdk_proto_init_pending’
                 dpdk_proto_init_pending (ctx, priv, RPC_MSGTYPE_SIZE);
                 ^
dpdk.c:157:33: error: ‘struct iovec’ has no member named ‘iov_len’
             frag->pending_vector->iov_len =                             \
                                 ^
dpdk.c:1391:17: note: in expansion of macro ‘dpdk_proto_init_pending’
                 dpdk_proto_init_pending (ctx, priv, RPC_MSGTYPE_SIZE);
                 ^
dpdk.c:160:64: error: ‘struct iovec’ has no member named ‘iov_len’
             frag->remaining_size = (size - frag->pending_vector->iov_len); \
                                                                ^
dpdk.c:1391:17: note: in expansion of macro ‘dpdk_proto_init_pending’
                 dpdk_proto_init_pending (ctx, priv, RPC_MSGTYPE_SIZE);
                 ^
dpdk.c:171:17: warning: statement with no effect [-Wunused-value]
                 size_t bytes_read = 0;                                  \
                 ^
dpdk.c:1398:17: note: in expansion of macro ‘dpdk_proto_read’
                 dpdk_proto_read (ctx, priv, ret);
                 ^
dpdk.c:171:24: error: expected ‘;’ before ‘bytes_read’
                 size_t bytes_read = 0;                                  \
                        ^
dpdk.c:1398:17: note: in expansion of macro ‘dpdk_proto_read’
                 dpdk_proto_read (ctx, priv, ret);
                 ^
dpdk.c:111:41: error: ‘struct iovec’ has no member named ‘iov_len’
                 if (frag->pending_vector->iov_len == 0) {               \
                                         ^
dpdk.c:175:17: note: in expansion of macro ‘dpdk_proto_update_pending’
                 dpdk_proto_update_pending (ctx, priv);                   \
                 ^
dpdk.c:1398:17: note: in expansion of macro ‘dpdk_proto_read’
                 dpdk_proto_read (ctx, priv, ret);
                 ^
In file included from dpdk.h:4:0,
                 from dpdk.c:5:
dpdk.c:112:66: error: ‘struct gf_dpdk_incoming’ has no member named ‘fraghdr’
                         remaining = (RPC_FRAGSIZE (priv->incoming.fraghdr) \
                                                                  ^
../../../../rpc/rpc-lib/src/rpc-transport.h:44:43: note: in definition of macro ‘RPC_FRAGSIZE’
 #define RPC_FRAGSIZE(fraghdr) ((uint32_t)(fraghdr & 0x7fffffffU))
                                           ^
dpdk.c:175:17: note: in expansion of macro ‘dpdk_proto_update_pending’
                 dpdk_proto_update_pending (ctx, priv);                   \
                 ^
dpdk.c:1398:17: note: in expansion of macro ‘dpdk_proto_read’
                 dpdk_proto_read (ctx, priv, ret);
                 ^
dpdk.c:115:45: error: ‘struct iovec’ has no member named ‘iov_len’
                         frag->pending_vector->iov_len =                 \
                                             ^
dpdk.c:175:17: note: in expansion of macro ‘dpdk_proto_update_pending’
                 dpdk_proto_update_pending (ctx, priv);                   \
                 ^
dpdk.c:1398:17: note: in expansion of macro ‘dpdk_proto_read’
                 dpdk_proto_read (ctx, priv, ret);
                 ^
dpdk.c:120:53: error: ‘struct iovec’ has no member named ‘iov_len’
                                 frag->pending_vector->iov_len;          \
                                                     ^
dpdk.c:175:17: note: in expansion of macro ‘dpdk_proto_update_pending’
                 dpdk_proto_update_pending (ctx, priv);                   \
                 ^
dpdk.c:1398:17: note: in expansion of macro ‘dpdk_proto_read’
                 dpdk_proto_read (ctx, priv, ret);
                 ^
dpdk.c:178:41: error: ‘struct gf_dpdk_incoming’ has no member named ‘pending_vector’
                                       in->pending_vector, 1,            \
                                         ^
dpdk.c:1398:17: note: in expansion of macro ‘dpdk_proto_read’
                 dpdk_proto_read (ctx, priv, ret);
                 ^
dpdk.c:179:42: error: ‘struct gf_dpdk_incoming’ has no member named ‘pending_vector’
                                       &in->pending_vector,              \
                                          ^
dpdk.c:1398:17: note: in expansion of macro ‘dpdk_proto_read’
                 dpdk_proto_read (ctx, priv, ret);
                 ^
dpdk.c:180:42: error: ‘struct gf_dpdk_incoming’ has no member named ‘pending_count’
                                       &in->pending_count,               \
                                          ^
dpdk.c:1398:17: note: in expansion of macro ‘dpdk_proto_read’
                 dpdk_proto_read (ctx, priv, ret);
                 ^
dpdk.c:181:40: error: ‘bytes_read’ undeclared (first use in this function)
                                       &bytes_read, 0);                     \
                                        ^
dpdk.c:1398:17: note: in expansion of macro ‘dpdk_proto_read’
                 dpdk_proto_read (ctx, priv, ret);
                 ^
dpdk.c:99:17: warning: incompatible implicit declaration of built-in function ‘memset’ [enabled by default]
                 memset (&frag->vector, 0, sizeof (frag->vector));       \
                 ^
dpdk.c:135:33: note: in expansion of macro ‘dpdk_proto_reset_pending’
                                 dpdk_proto_reset_pending (ctx, priv);    \
                                 ^
dpdk.c:184:17: note: in expansion of macro ‘dpdk_proto_update_priv_after_read’
                 dpdk_proto_update_priv_after_read (ctx, priv, ret, bytes_read); \
                 ^
dpdk.c:1398:17: note: in expansion of macro ‘dpdk_proto_read’
                 dpdk_proto_read (ctx, priv, ret);
                 ^
dpdk.c:102:31: error: ‘struct gf_dpdk_incoming’ has no member named ‘pending_vector’
                 priv->incoming.pending_vector =  frag->pending_vector;  \
                               ^
dpdk.c:135:33: note: in expansion of macro ‘dpdk_proto_reset_pending’
                                 dpdk_proto_reset_pending (ctx, priv);    \
                                 ^
dpdk.c:184:17: note: in expansion of macro ‘dpdk_proto_update_priv_after_read’
                 dpdk_proto_update_priv_after_read (ctx, priv, ret, bytes_read); \
                 ^
dpdk.c:1398:17: note: in expansion of macro ‘dpdk_proto_read’
                 dpdk_proto_read (ctx, priv, ret);
                 ^
dpdk.c:1405:19: error: ‘struct gf_dpdk_incoming’ has no member named ‘msg_type’
                 in->msg_type = ntoh32 (*((uint32_t *)buf));
                   ^
dpdk.c:1407:23: error: ‘struct gf_dpdk_incoming’ has no member named ‘msg_type’
                 if (in->msg_type == CALL) {
                       ^
dpdk.c:1409:30: error: ‘struct gf_dpdk_incoming’ has no member named ‘msg_type’
                 } else if (in->msg_type == REPLY) {
                              ^
dpdk.c:1411:30: error: ‘struct gf_dpdk_incoming’ has no member named ‘msg_type’
                 } else if (in->msg_type == (msg_type_t) GF_UNIVERSAL_ANSWER) {
                              ^
In file included from ../../../../libglusterfs/src/glusterfs.h:36:0,
                 from dpdk.c:2:
dpdk.c:1419:35: error: ‘struct gf_dpdk_incoming’ has no member named ‘msg_type’
                                 in->msg_type,
                                   ^
../../../../libglusterfs/src/logging.h:207:46: note: in definition of macro ‘FMT_WARN’
 #define FMT_WARN(fmt...) do { if (0) printf (fmt); } while (0)
                                              ^
dpdk.c:1417:25: note: in expansion of macro ‘gf_log’
                         gf_log ("rpc", GF_LOG_ERROR,
                         ^
dpdk.c:1419:35: error: ‘struct gf_dpdk_incoming’ has no member named ‘msg_type’
                                 in->msg_type,
                                   ^
../../../../libglusterfs/src/logging.h:258:34: note: in definition of macro ‘gf_log’
                          levl, ##fmt);                                  \
                                  ^
In file included from dpdk.h:4:0,
                 from dpdk.c:5:
dpdk.c:1424:50: error: ‘struct gf_dpdk_incoming’ has no member named ‘fraghdr’
                 remaining_size = RPC_FRAGSIZE (in->fraghdr) - frag->bytes_read;
                                                  ^
../../../../rpc/rpc-lib/src/rpc-transport.h:44:43: note: in definition of macro ‘RPC_FRAGSIZE’
 #define RPC_FRAGSIZE(fraghdr) ((uint32_t)(fraghdr & 0x7fffffffU))
                                           ^
dpdk.c:1428:45: error: ‘struct gf_dpdk_incoming’ has no member named ‘fraghdr’
                         && (RPC_LASTFRAG (in->fraghdr)))) {
                                             ^
../../../../rpc/rpc-lib/src/rpc-transport.h:39:43: note: in definition of macro ‘RPC_LASTFRAG’
 #define RPC_LASTFRAG(fraghdr) ((uint32_t)(fraghdr & 0x80000000U))
                                           ^
dpdk.c: In function ‘dpdk_cached_read’:
dpdk.c:1461:5: error: ‘struct gf_dpdk_incoming’ has no member named ‘ra_read’
   in->ra_read = 0;
     ^
dpdk.c:1462:5: error: ‘struct gf_dpdk_incoming’ has no member named ‘ra_served’
   in->ra_served = 0;
     ^
dpdk.c:1463:5: error: ‘struct gf_dpdk_incoming’ has no member named ‘ra_max’
   in->ra_max = 0;
     ^
dpdk.c:1464:5: error: ‘struct gf_dpdk_incoming’ has no member named ‘ra_buf’
   in->ra_buf = NULL;
     ^
dpdk.c:1468:9: error: ‘struct gf_dpdk_incoming’ has no member named ‘ra_max’
  if (!in->ra_max) {
         ^
dpdk.c:1470:5: error: ‘struct gf_dpdk_incoming’ has no member named ‘ra_max’
   in->ra_max = min (RPC_FRAGSIZE (in->fraghdr), GF_DPDK_RA_MAX);
     ^
In file included from ../../../../libglusterfs/src/iobuf.h:15:0,
                 from dpdk.c:3:
dpdk.c:1470:37: error: ‘struct gf_dpdk_incoming’ has no member named ‘fraghdr’
   in->ra_max = min (RPC_FRAGSIZE (in->fraghdr), GF_DPDK_RA_MAX);
                                     ^
../../../../libglusterfs/src/common-utils.h:53:20: note: in definition of macro ‘min’
 #define min(a,b) ((a)<(b)?(a):(b))
                    ^
dpdk.c:1470:21: note: in expansion of macro ‘RPC_FRAGSIZE’
   in->ra_max = min (RPC_FRAGSIZE (in->fraghdr), GF_DPDK_RA_MAX);
                     ^
dpdk.c:1470:37: error: ‘struct gf_dpdk_incoming’ has no member named ‘fraghdr’
   in->ra_max = min (RPC_FRAGSIZE (in->fraghdr), GF_DPDK_RA_MAX);
                                     ^
../../../../libglusterfs/src/common-utils.h:53:28: note: in definition of macro ‘min’
 #define min(a,b) ((a)<(b)?(a):(b))
                            ^
dpdk.c:1470:21: note: in expansion of macro ‘RPC_FRAGSIZE’
   in->ra_max = min (RPC_FRAGSIZE (in->fraghdr), GF_DPDK_RA_MAX);
                     ^
dpdk.c:1476:5: error: ‘struct gf_dpdk_incoming’ has no member named ‘ra_buf’
   in->ra_buf = in->frag.fragcurrent;
     ^
dpdk.c:1480:8: error: ‘struct gf_dpdk_incoming’ has no member named ‘ra_read’
  if (in->ra_read < in->ra_max) {
        ^
dpdk.c:1480:22: error: ‘struct gf_dpdk_incoming’ has no member named ‘ra_max’
  if (in->ra_read < in->ra_max) {
                      ^
dpdk.c:1482:21: error: ‘struct gf_dpdk_incoming’ has no member named ‘ra_buf’
   iov.iov_base = &in->ra_buf[in->ra_read];
                     ^
dpdk.c:1482:32: error: ‘struct gf_dpdk_incoming’ has no member named ‘ra_read’
   iov.iov_base = &in->ra_buf[in->ra_read];
                                ^
dpdk.c:1483:6: error: ‘struct iovec’ has no member named ‘iov_len’
   iov.iov_len = in->ra_max - in->ra_read;
      ^
dpdk.c:1483:19: error: ‘struct gf_dpdk_incoming’ has no member named ‘ra_max’
   iov.iov_len = in->ra_max - in->ra_read;
                   ^
dpdk.c:1483:32: error: ‘struct gf_dpdk_incoming’ has no member named ‘ra_read’
   iov.iov_len = in->ra_max - in->ra_read;
                                ^
dpdk.c:1487:6: error: ‘struct gf_dpdk_incoming’ has no member named ‘ra_read’
    in->ra_read += ret;
      ^
dpdk.c:1494:8: error: ‘struct gf_dpdk_incoming’ has no member named ‘ra_served’
  if (in->ra_served < in->ra_read) {
        ^
dpdk.c:1494:24: error: ‘struct gf_dpdk_incoming’ has no member named ‘ra_read’
  if (in->ra_served < in->ra_read) {
                        ^
dpdk.c:1495:3: error: implicit declaration of function ‘iov_load’ [-Werror=implicit-function-declaration]
   ret = iov_load (opvector, opcount, &in->ra_buf[in->ra_served],
   ^
dpdk.c:1495:41: error: ‘struct gf_dpdk_incoming’ has no member named ‘ra_buf’
   ret = iov_load (opvector, opcount, &in->ra_buf[in->ra_served],
                                         ^
dpdk.c:1495:52: error: ‘struct gf_dpdk_incoming’ has no member named ‘ra_served’
   ret = iov_load (opvector, opcount, &in->ra_buf[in->ra_served],
                                                    ^
In file included from ../../../../libglusterfs/src/iobuf.h:15:0,
                 from dpdk.c:3:
dpdk.c:1496:22: error: ‘struct gf_dpdk_incoming’ has no member named ‘ra_read’
     min (req_len, (in->ra_read - in->ra_served)));
                      ^
../../../../libglusterfs/src/common-utils.h:53:24: note: in definition of macro ‘min’
 #define min(a,b) ((a)<(b)?(a):(b))
                        ^
dpdk.c:1496:36: error: ‘struct gf_dpdk_incoming’ has no member named ‘ra_served’
     min (req_len, (in->ra_read - in->ra_served)));
                                    ^
../../../../libglusterfs/src/common-utils.h:53:24: note: in definition of macro ‘min’
 #define min(a,b) ((a)<(b)?(a):(b))
                        ^
dpdk.c:1496:22: error: ‘struct gf_dpdk_incoming’ has no member named ‘ra_read’
     min (req_len, (in->ra_read - in->ra_served)));
                      ^
../../../../libglusterfs/src/common-utils.h:53:32: note: in definition of macro ‘min’
 #define min(a,b) ((a)<(b)?(a):(b))
                                ^
dpdk.c:1496:36: error: ‘struct gf_dpdk_incoming’ has no member named ‘ra_served’
     min (req_len, (in->ra_read - in->ra_served)));
                                    ^
../../../../libglusterfs/src/common-utils.h:53:32: note: in definition of macro ‘min’
 #define min(a,b) ((a)<(b)?(a):(b))
                                ^
dpdk.c:1498:5: error: ‘struct gf_dpdk_incoming’ has no member named ‘ra_served’
   in->ra_served += ret;
     ^
dpdk.c:1503:8: error: ‘struct gf_dpdk_incoming’ has no member named ‘ra_read’
  if (in->ra_read < in->ra_max)
        ^
dpdk.c:1503:22: error: ‘struct gf_dpdk_incoming’ has no member named ‘ra_max’
  if (in->ra_read < in->ra_max)
                      ^
dpdk.c: At top level:
dpdk.c:1530:4: error: expected declaration specifiers or ‘...’ before ‘size_t’
    size_t *bytes, int write) //write = 0 读; write = 1 写
    ^
dpdk.c: In function ‘dpdk_reset_priv’:
dpdk.c:1643:15: error: ‘struct gf_dpdk_incoming’ has no member named ‘iobref’
         if (in->iobref) {
               ^
dpdk.c:1644:33: error: ‘struct gf_dpdk_incoming’ has no member named ‘iobref’
                 iobref_unref (in->iobref);
                                 ^
dpdk.c:1645:19: error: ‘struct gf_dpdk_incoming’ has no member named ‘iobref’
                 in->iobref = NULL;
                   ^
dpdk.c:1653:15: error: ‘struct gf_dpdk_incoming’ has no member named ‘request_info’
         if (in->request_info != NULL) {
               ^
In file included from ../../../../libglusterfs/src/common-utils.h:42:0,
                 from ../../../../libglusterfs/src/iobuf.h:15,
                 from dpdk.c:3:
dpdk.c:1654:28: error: ‘struct gf_dpdk_incoming’ has no member named ‘request_info’
                 GF_FREE (in->request_info);
                            ^
../../../../libglusterfs/src/mem-pool.h:157:38: note: in definition of macro ‘GF_FREE’
 #define GF_FREE(free_ptr) __gf_free (free_ptr)
                                      ^
dpdk.c:1655:19: error: ‘struct gf_dpdk_incoming’ has no member named ‘request_info’
                 in->request_info = NULL;
                   ^
dpdk.c:1658:9: warning: incompatible implicit declaration of built-in function ‘memset’ [enabled by default]
         memset (&in->payload_vector, 0,
         ^
dpdk.c:1658:20: error: ‘struct gf_dpdk_incoming’ has no member named ‘payload_vector’
         memset (&in->payload_vector, 0,
                    ^
dpdk.c:1659:27: error: ‘struct gf_dpdk_incoming’ has no member named ‘payload_vector’
                 sizeof (in->payload_vector));
                           ^
dpdk.c: In function ‘dpdk_proto_state_machine’:
dpdk.c:1684:27: error: ‘struct gf_dpdk_incoming’ has no member named ‘total_bytes_read’
                         in->total_bytes_read = 0;
                           ^
dpdk.c:1685:27: error: ‘struct gf_dpdk_incoming’ has no member named ‘payload_vector’
                         in->payload_vector.iov_len = 0;
                           ^
dpdk.c:1687:27: error: ‘struct gf_dpdk_incoming’ has no member named ‘pending_vector’
                         in->pending_vector = in->vector;
                           ^
dpdk.c:1687:48: error: ‘struct gf_dpdk_incoming’ has no member named ‘vector’
                         in->pending_vector = in->vector;
                                                ^
dpdk.c:1688:27: error: ‘struct gf_dpdk_incoming’ has no member named ‘pending_vector’
                         in->pending_vector->iov_base =  &in->fraghdr;
                           ^
dpdk.c:1688:60: error: ‘struct gf_dpdk_incoming’ has no member named ‘fraghdr’
                         in->pending_vector->iov_base =  &in->fraghdr;
                                                            ^
dpdk.c:1690:27: error: ‘struct gf_dpdk_incoming’ has no member named ‘pending_vector’
                         in->pending_vector->iov_len  = sizeof (in->fraghdr);
                           ^
dpdk.c:1690:66: error: ‘struct gf_dpdk_incoming’ has no member named ‘fraghdr’
                         in->pending_vector->iov_len  = sizeof (in->fraghdr);
                                                                  ^
dpdk.c:1696:54: error: ‘struct gf_dpdk_incoming’ has no member named ‘pending_vector’
                         ret = dpdk_rwv (ctx, this, in->pending_vector, 1,//修改
                                                      ^
dpdk.c:1697:50: error: ‘struct gf_dpdk_incoming’ has no member named ‘pending_vector’
                                               &in->pending_vector,
                                                  ^
dpdk.c:1698:50: error: ‘struct gf_dpdk_incoming’ has no member named ‘pending_count’
                                               &in->pending_count,
                                                  ^
dpdk.c:1715:27: error: ‘struct gf_dpdk_incoming’ has no member named ‘fraghdr’
                         in->fraghdr = ntoh32 (in->fraghdr);
                           ^
dpdk.c:1715:49: error: ‘struct gf_dpdk_incoming’ has no member named ‘fraghdr’
                         in->fraghdr = ntoh32 (in->fraghdr);
                                                 ^
dpdk.c:1716:27: error: ‘struct gf_dpdk_incoming’ has no member named ‘total_bytes_read’
                         in->total_bytes_read += RPC_FRAGSIZE(in->fraghdr);
                           ^
In file included from dpdk.h:4:0,
                 from dpdk.c:5:
dpdk.c:1716:64: error: ‘struct gf_dpdk_incoming’ has no member named ‘fraghdr’
                         in->total_bytes_read += RPC_FRAGSIZE(in->fraghdr);
                                                                ^
../../../../rpc/rpc-lib/src/rpc-transport.h:44:43: note: in definition of macro ‘RPC_FRAGSIZE’
 #define RPC_FRAGSIZE(fraghdr) ((uint32_t)(fraghdr & 0x7fffffffU))
                                           ^
dpdk.c:1718:31: error: ‘struct gf_dpdk_incoming’ has no member named ‘total_bytes_read’
                         if (in->total_bytes_read >= GF_UNIT_GB) {
                               ^
dpdk.c:1724:48: error: ‘struct gf_dpdk_incoming’ has no member named ‘total_bytes_read’
                                             (in->total_bytes_read +
                                                ^
dpdk.c:1725:56: error: ‘struct gf_dpdk_incoming’ has no member named ‘fraghdr’
                                              sizeof (in->fraghdr)));
                                                        ^
dpdk.c:1736:29: warning: incompatible implicit declaration of built-in function ‘memcpy’ [enabled by default]
                             memcpy(iobuf_ptr (iobuf), iobuf_ptr (in->iobuf),
                             ^
dpdk.c:1737:34: error: ‘struct gf_dpdk_incoming’ has no member named ‘total_bytes_read’
                                in->total_bytes_read - RPC_FRAGSIZE(in->fraghdr));
                                  ^
In file included from dpdk.h:4:0,
                 from dpdk.c:5:
dpdk.c:1737:70: error: ‘struct gf_dpdk_incoming’ has no member named ‘fraghdr’
                                in->total_bytes_read - RPC_FRAGSIZE(in->fraghdr));
                                                                      ^
../../../../rpc/rpc-lib/src/rpc-transport.h:44:43: note: in definition of macro ‘RPC_FRAGSIZE’
 #define RPC_FRAGSIZE(fraghdr) ((uint32_t)(fraghdr & 0x7fffffffU))
                                           ^
dpdk.c:1740:35: error: ‘struct gf_dpdk_incoming’ has no member named ‘total_bytes_read’
                                 in->total_bytes_read - RPC_FRAGSIZE(in->fraghdr);
                                   ^
In file included from dpdk.h:4:0,
                 from dpdk.c:5:
dpdk.c:1740:71: error: ‘struct gf_dpdk_incoming’ has no member named ‘fraghdr’
                                 in->total_bytes_read - RPC_FRAGSIZE(in->fraghdr);
                                                                       ^
../../../../rpc/rpc-lib/src/rpc-transport.h:44:43: note: in definition of macro ‘RPC_FRAGSIZE’
 #define RPC_FRAGSIZE(fraghdr) ((uint32_t)(fraghdr & 0x7fffffffU))
                                           ^
dpdk.c:1742:31: error: ‘struct gf_dpdk_incoming’ has no member named ‘pending_vector’
                             in->pending_vector = frag->pending_vector;
                               ^
dpdk.c:1746:27: error: ‘struct gf_dpdk_incoming’ has no member named ‘iobuf_size’
                         in->iobuf_size = 0;
                           ^
In file included from dpdk.h:4:0,
                 from dpdk.c:5:
dpdk.c:1754:66: error: ‘struct gf_dpdk_incoming’ has no member named ‘fraghdr’
                             (frag->bytes_read != RPC_FRAGSIZE (in->fraghdr))) {
                                                                  ^
../../../../rpc/rpc-lib/src/rpc-transport.h:44:43: note: in definition of macro ‘RPC_FRAGSIZE’
 #define RPC_FRAGSIZE(fraghdr) ((uint32_t)(fraghdr & 0x7fffffffU))
                                           ^
dpdk.c:1760:46: error: ‘struct gf_dpdk_incoming’ has no member named ‘fraghdr’
                         if (!RPC_LASTFRAG (in->fraghdr)) { //是否已经读取到了最后一个帧。不是，从头开始
                                              ^
../../../../rpc/rpc-lib/src/rpc-transport.h:39:43: note: in definition of macro ‘RPC_LASTFRAG’
 #define RPC_LASTFRAG(fraghdr) ((uint32_t)(fraghdr & 0x80000000U))
                                           ^
dpdk.c:1761:35: error: ‘struct gf_dpdk_incoming’ has no member named ‘pending_vector’
                                 in->pending_vector = in->vector;
                                   ^
dpdk.c:1761:56: error: ‘struct gf_dpdk_incoming’ has no member named ‘vector’
                                 in->pending_vector = in->vector;
                                                        ^
dpdk.c:1762:35: error: ‘struct gf_dpdk_incoming’ has no member named ‘pending_vector’
                                 in->pending_vector->iov_base = &in->fraghdr;
                                   ^
dpdk.c:1762:67: error: ‘struct gf_dpdk_incoming’ has no member named ‘fraghdr’
                                 in->pending_vector->iov_base = &in->fraghdr;
                                                                   ^
dpdk.c:1763:35: error: ‘struct gf_dpdk_incoming’ has no member named ‘pending_vector’
                                 in->pending_vector->iov_len = sizeof(in->fraghdr);
                                   ^
dpdk.c:1763:72: error: ‘struct gf_dpdk_incoming’ has no member named ‘fraghdr’
                                 in->pending_vector->iov_len = sizeof(in->fraghdr);
                                                                        ^
dpdk.c:1773:35: error: ‘struct gf_dpdk_incoming’ has no member named ‘iobuf_size’
                                 in->iobuf_size = (in->total_bytes_read -
                                   ^
dpdk.c:1773:53: error: ‘struct gf_dpdk_incoming’ has no member named ‘total_bytes_read’
                                 in->iobuf_size = (in->total_bytes_read -
                                                     ^
dpdk.c:1774:53: error: ‘struct gf_dpdk_incoming’ has no member named ‘payload_vector’
                                                   in->payload_vector.iov_len);
                                                     ^
dpdk.c:1776:33: warning: incompatible implicit declaration of built-in function ‘memset’ [enabled by default]
                                 memset (vector, 0, sizeof (vector));
                                 ^
dpdk.c:1778:39: error: ‘struct gf_dpdk_incoming’ has no member named ‘iobref’
                                 if (in->iobref == NULL) {
                                       ^
dpdk.c:1779:43: error: ‘struct gf_dpdk_incoming’ has no member named ‘iobref’
                                         in->iobref = iobref_new ();
                                           ^
dpdk.c:1780:47: error: ‘struct gf_dpdk_incoming’ has no member named ‘iobref’
                                         if (in->iobref == NULL) {
                                               ^
dpdk.c:1787:46: error: ‘struct iovec’ has no member named ‘iov_len’
                                 vector[count].iov_len = in->iobuf_size;
                                              ^
dpdk.c:1787:59: error: ‘struct gf_dpdk_incoming’ has no member named ‘iobuf_size’
                                 vector[count].iov_len = in->iobuf_size;
                                                           ^
dpdk.c:1789:44: error: ‘struct gf_dpdk_incoming’ has no member named ‘iobref’
                                 iobref = in->iobref;
                                            ^
dpdk.c:1793:39: error: ‘struct gf_dpdk_incoming’ has no member named ‘payload_vector’
                                 if (in->payload_vector.iov_base != NULL) {
                                       ^
dpdk.c:1794:59: error: ‘struct gf_dpdk_incoming’ has no member named ‘payload_vector’
                                         vector[count] = in->payload_vector;
                                                           ^
dpdk.c:1803:73: error: ‘struct gf_dpdk_incoming’ has no member named ‘request_info’
                                                                       in->request_info);
                                                                         ^
dpdk.c:1812:39: error: ‘struct gf_dpdk_incoming’ has no member named ‘msg_type’
                                 if (in->msg_type == REPLY) //什么样的消息类型是REPLY？？
                                       ^
dpdk.c:1815:35: error: ‘struct gf_dpdk_incoming’ has no member named ‘request_info’
                                 in->request_info = NULL;
                                   ^
dpdk.c: In function ‘dpdk_fill_inet6_inet_identifier’:
dpdk.c:1933:9: warning: incompatible implicit declaration of built-in function ‘memset’ [enabled by default]
         memset (&sock_union, 0, sizeof (sock_union));
         ^
dpdk.c: In function ‘dpdk_accept_connection’:
dpdk.c:2103:20: warning: assignment makes pointer from integer without a cast [enabled by default]
          new_trans = GF_CALLOC (1, sizeof (*new_trans), gf_common_mt_rpc_trans_t);
                    ^
dpdk.c:2113:3: warning: incompatible implicit declaration of built-in function ‘memcpy’ [enabled by default]
   memcpy (&new_trans->peerinfo.sockaddr, &new_sockaddr, addrlen);//get peerinfo
   ^
dpdk.c:2144:15: warning: assignment makes pointer from integer without a cast [enabled by default]
      new_priv = GF_CALLOC (1, sizeof (*new_priv), gf_common_mt_dpdk_private_t);
               ^
dpdk.c:2151:9: warning: incompatible implicit declaration of built-in function ‘memset’ [enabled by default]
         memset(new_priv, 0, sizeof(*new_priv));
         ^
dpdk.c: In function ‘dpdk_af_inet_client_get_remote_sockaddr’:
dpdk.c:2364:9: warning: incompatible implicit declaration of built-in function ‘memcpy’ [enabled by default]
         memcpy (sockaddr, addr_info->ai_addr, addr_info->ai_addrlen);
         ^
dpdk.c: In function ‘create_listen_socket’:
dpdk.c:2408:2: warning: incompatible implicit declaration of built-in function ‘memcpy’ [enabled by default]
  memcpy(&myinfo->sockaddr, &sockaddr, sockaddr_len);
  ^
dpdk.c: In function ‘create_mtcp_thread’:
dpdk.c:2452:16: error: implicit declaration of function ‘calloc’ [-Werror=implicit-function-declaration]
  ctx = (struct thread_context *)calloc(1, sizeof(struct thread_context));//用 GF_CALLOC
                ^
dpdk.c:2452:33: warning: incompatible implicit declaration of built-in function ‘calloc’ [enabled by default]
  ctx = (struct thread_context *)calloc(1, sizeof(struct thread_context));//用 GF_CALLOC
                                 ^
dpdk.c: In function ‘run_server_routine’:
dpdk.c:2489:56: warning: dereferencing ‘void *’ pointer [enabled by default]
  rpc_transport_t *this = (struct dpdk_server_args *)arg->transport_ptr;
                                                        ^
dpdk.c:2489:56: error: request for member ‘transport_ptr’ in something not a structure or union
dpdk.c:2490:39: warning: dereferencing ‘void *’ pointer [enabled by default]
  core = (struct dpdk_server_args *)arg->core;
                                       ^
dpdk.c:2490:39: error: request for member ‘core’ in something not a structure or union
dpdk.c:2505:4: warning: incompatible implicit declaration of built-in function ‘calloc’ [enabled by default]
    calloc(MAX_EVENTS, sizeof(struct mtcp_epoll_event));
    ^
dpdk.c: In function ‘SignalHandler’:
dpdk.c:2626:22: warning: comparison between pointer and integer [enabled by default]
   if (&app_thread[i] == pthread_self()) {
                      ^
dpdk.c:2630:5: warning: passing argument 1 of ‘pthread_kill’ makes integer from pointer without a cast [enabled by default]
     pthread_kill (&app_thread[0], signum);
     ^
In file included from /usr/include/signal.h:388:0,
                 from /usr/include/x86_64-linux-gnu/sys/param.h:28,
                 from /usr/include/rpc/types.h:94,
                 from /usr/include/rpc/rpc.h:38,
                 from ../../../../libglusterfs/src/glusterfs-fops.h:35,
                 from ../../../../libglusterfs/src/glusterfs.h:32,
                 from dpdk.c:2:
/usr/include/x86_64-linux-gnu/bits/sigthread.h:35:12: note: expected ‘pthread_t’ but argument is of type ‘pthread_t *’
 extern int pthread_kill (pthread_t __threadid, int __signo) __THROW;
            ^
dpdk.c: In function ‘run_client_routine’:
dpdk.c:2735:4: warning: incompatible implicit declaration of built-in function ‘calloc’ [enabled by default]
    calloc(MAX_EVENTS, sizeof(struct mtcp_epoll_event));
    ^
dpdk.c:2768:17: warning: incompatible implicit declaration of built-in function ‘memcpy’ [enabled by default]
                 memcpy (&this->peerinfo.sockaddr, &sock_union.storage,
                 ^
dpdk.c:2871:6: warning: passing argument 2 of ‘dpdk_disconnect’ makes pointer from integer without a cast [enabled by default]
      dpdk_disconnect(ctx, events[i].data.sockid);
      ^
dpdk.c:217:1: note: expected ‘struct rpc_transport_t *’ but argument is of type ‘int’
 dpdk_disconnect (struct thread_context *ctx, rpc_transport_t *this)
 ^
dpdk.c:2902:22: warning: assignment makes pointer from integer without a cast [enabled by default]
                 args = GF_CALLOC (1, sizeof (*args),
                      ^
dpdk.c:2919:9: warning: return makes pointer from integer without a cast [enabled by default]
         return ret;
         ^
dpdk.c: In function ‘dpdk_connect’:
dpdk.c:2931:2: warning: passing argument 1 of ‘pthread_create’ from incompatible pointer type [enabled by default]
  if (pthread_create(&app_thread, NULL, run_client_routine, &client_args)) {
  ^
In file included from ../../../../libglusterfs/src/glusterfs.h:29:0,
                 from dpdk.c:2:
/usr/include/pthread.h:244:12: note: expected ‘pthread_t * __restrict__’ but argument is of type ‘pthread_t (*)[16]’
 extern int pthread_create (pthread_t *__restrict __newthread,
            ^
dpdk.c:2938:2: warning: passing argument 1 of ‘pthread_join’ makes integer from pointer without a cast [enabled by default]
  pthread_join(&app_thread, NULL);
  ^
In file included from ../../../../libglusterfs/src/glusterfs.h:29:0,
                 from dpdk.c:2:
/usr/include/pthread.h:261:12: note: expected ‘pthread_t’ but argument is of type ‘pthread_t (*)[16]’
 extern int pthread_join (pthread_t __th, void **__thread_return);
            ^
dpdk.c:2940:2: warning: return makes integer from pointer without a cast [enabled by default]
  return NULL;
  ^
dpdk.c: At top level:
dpdk.c:2947:9: warning: initialization from incompatible pointer type [enabled by default]
         .disconnect         = dpdk_disconnect,
         ^
dpdk.c:2947:9: warning: (near initialization for ‘tops.disconnect’) [enabled by default]
dpdk.c: In function ‘init’:
dpdk.c:2976:14: warning: assignment makes pointer from integer without a cast [enabled by default]
         priv = GF_CALLOC (1, sizeof (*priv), gf_common_mt_dpdk_private_t);
              ^
dpdk.c:2980:9: warning: incompatible implicit declaration of built-in function ‘memset’ [enabled by default]
         memset(priv,0,sizeof(*priv));
         ^
dpdk.c: At top level:
dpdk.c:1449:1: warning: ‘dpdk_cached_read’ defined but not used [-Wunused-function]
 dpdk_cached_read (struct thread_context *ctx, rpc_transport_t *this, struct iovec *opvector, int opcount)
 ^
In file included from ../../../../libglusterfs/src/iobuf.h:15:0,
                 from dpdk.c:3:
../../../../libglusterfs/src/common-utils.h: In function ‘iov_length’:
../../../../libglusterfs/src/common-utils.h:443:1: warning: control reaches end of non-void function [-Wreturn-type]
 }
 ^
cc1: some warnings being treated as errors
make[5]: *** [dpdk.lo] Error 1
make[4]: *** [all-recursive] Error 1
make[3]: *** [all-recursive] Error 1
make[2]: *** [all-recursive] Error 1
make[1]: *** [all-recursive] Error 1
make: *** [all] Error 2
